#
# A fatal error has been detected by the Java Runtime Environment:
#
#  EXCEPTION_ACCESS_VIOLATION (0xc0000005) at pc=0x00007fff571c20f7, pid=27808, tid=33876
#
# JRE version: OpenJDK Runtime Environment (22.0.2+9) (build 22.0.2+9-70)
# Java VM: OpenJDK 64-Bit Server VM (22.0.2+9-70, mixed mode, sharing, tiered, compressed oops, compressed class ptrs, g1 gc, windows-amd64)
# Problematic frame:
# C  [igxelpicd64.dll+0xad20f7]
#
# No core dump will be written. Minidumps are not enabled by default on client versions of Windows
#
# If you would like to submit a bug report, please visit:
#   https://bugreport.java.com/bugreport/crash.jsp
# The crash happened outside the Java Virtual Machine in native code.
# See problematic frame for where to report the bug.
#

---------------  S U M M A R Y ------------

Command Line: -Dfile.encoding=UTF-8 -Duser.country=IN -Duser.language=en -Duser.variant com.Angry_Bird.lwjgl3.Lwjgl3Launcher

Host: 13th Gen Intel(R) Core(TM) i5-13500H, 16 cores, 15G,  Windows 11 , 64 bit Build 22621 (10.0.22621.3958)
Time: Fri Oct 18 13:48:43 2024 India Standard Time elapsed time: 1.405926 seconds (0d 0h 0m 1s)

---------------  T H R E A D  ---------------

Current thread (0x000001c8f955d160):  JavaThread "main"             [_thread_in_native, id=33876, stack(0x0000009597f00000,0x0000009598000000) (1024K)]

Stack: [0x0000009597f00000,0x0000009598000000],  sp=0x0000009597ffe7d0,  free space=1017k
Native frames: (J=compiled Java code, j=interpreted, Vv=VM code, C=native code)
C  [igxelpicd64.dll+0xad20f7]  (no source info available)
C  [igxelpicd64.dll+0x1bb9c2]  (no source info available)
C  [igxelpicd64.dll+0xa98dcc]  (no source info available)
C  [igxelpicd64.dll+0x2caa0e]  (no source info available)
C  [opengl32.dll+0x275d4]  (no source info available)
C  0x000001c88f6dcfc7  (no source info available)

The last pc belongs to native method entry point (kind = native) (printed below).
Java frames: (J=compiled Java code, j=interpreted, Vv=VM code)
j  org.lwjgl.opengl.GL11C.nglDrawElements(IIIJ)V+0
j  org.lwjgl.opengl.GL11C.glDrawElements(ILjava/nio/ShortBuffer;)V+12
j  org.lwjgl.opengl.GL11.glDrawElements(ILjava/nio/ShortBuffer;)V+2
j  com.badlogic.gdx.backends.lwjgl3.Lwjgl3GL20.glDrawElements(IIILjava/nio/Buffer;)V+49
j  com.badlogic.gdx.graphics.Mesh.render(Lcom/badlogic/gdx/graphics/glutils/ShaderProgram;IIIZ)V+79
j  com.badlogic.gdx.graphics.Mesh.render(Lcom/badlogic/gdx/graphics/glutils/ShaderProgram;III)V+10
j  com.badlogic.gdx.graphics.g2d.SpriteBatch.flush()V+187
j  com.badlogic.gdx.graphics.g2d.SpriteBatch.switchTexture(Lcom/badlogic/gdx/graphics/Texture;)V+1
j  com.badlogic.gdx.graphics.g2d.SpriteBatch.draw(Lcom/badlogic/gdx/graphics/Texture;FFFF)V+33
j  com.Angry_Bird.Screen.load_Screen.progressBar()V+112
j  com.Angry_Bird.Screen.load_Screen.render(F)V+64
j  com.badlogic.gdx.Game.render()V+19
j  com.Angry_Bird.launch.render()V+1
j  com.badlogic.gdx.backends.lwjgl3.Lwjgl3Window.update()Z+187
j  com.badlogic.gdx.backends.lwjgl3.Lwjgl3Application.loop()V+111
j  com.badlogic.gdx.backends.lwjgl3.Lwjgl3Application.<init>(Lcom/badlogic/gdx/ApplicationListener;Lcom/badlogic/gdx/backends/lwjgl3/Lwjgl3ApplicationConfiguration;)V+269
j  com.Angry_Bird.lwjgl3.Lwjgl3Launcher.createApplication()Lcom/badlogic/gdx/backends/lwjgl3/Lwjgl3Application;+14
j  com.Angry_Bird.lwjgl3.Lwjgl3Launcher.main([Ljava/lang/String;)V+7
v  ~StubRoutines::call_stub 0x000001c88f6d100d

siginfo: EXCEPTION_ACCESS_VIOLATION (0xc0000005), reading address 0x000001c8e3c8f060


Registers:
RAX=0x000001c8e3c8f060, RBX=0x000000000000ffff, RCX=0x000001c8e5e0003c, RDX=0x000001c8e3c8f060
RSP=0x0000009597ffe7d0, RBP=0x0000009597ffe858, RSI=0x0000009597ffe8b0, RDI=0x000001c8e5e0003c
R8 =0x000000000000000c, R9 =0x0000009597ffe8b0, R10=0x0000000000000006, R11=0x0000000000000000
R12=0x0000000000060000, R13=0x0000000000000000, R14=0x0000000000000000, R15=0x000000000000000c
RIP=0x00007fff571c20f7, EFLAGS=0x0000000000010206


Register to memory mapping:

RAX=0x000001c8e3c8f060 is an unknown value
RBX=0x000000000000ffff is an unknown value
RCX=0x000001c8e5e0003c points into unknown readable memory: 00 00 00 00
RDX=0x000001c8e3c8f060 is an unknown value
RSP=0x0000009597ffe7d0 is pointing into the stack for thread: 0x000001c8f955d160
RBP=0x0000009597ffe858 is pointing into the stack for thread: 0x000001c8f955d160
RSI=0x0000009597ffe8b0 is pointing into the stack for thread: 0x000001c8f955d160
RDI=0x000001c8e5e0003c points into unknown readable memory: 00 00 00 00
R8 =0x000000000000000c is an unknown value
R9 =0x0000009597ffe8b0 is pointing into the stack for thread: 0x000001c8f955d160
R10=0x0000000000000006 is an unknown value
R11=0x0 is null
R12=0x0000000000060000 is an unknown value
R13=0x0 is null
R14=0x0 is null
R15=0x000000000000000c is an unknown value

Top of Stack: (sp=0x0000009597ffe7d0)
0x0000009597ffe7d0:   000001c8e34aff20 000001c8e3138400
0x0000009597ffe7e0:   000001c8e3163540 00007fff568ab9c2
0x0000009597ffe7f0:   0000000000000006 000001c8e3163540
0x0000009597ffe800:   ffffffff01fffbff 0000000000000006
0x0000009597ffe810:   0000009597ffe8b8 00000000ffffffff
0x0000009597ffe820:   00008e01170b5dd9 0000000000000000
0x0000009597ffe830:   0000000000000002 0000000000000502
0x0000009597ffe840:   000001c8e3c8f060 000000000000ffff
0x0000009597ffe850:   001605c24bfd0004 000001c8e315124c
0x0000009597ffe860:   000001c8e3163540 000001c8e3c8f060
0x0000009597ffe870:   0000000000000006 000000000000000c
0x0000009597ffe880:   0000000000000002 000001c8e3138400
0x0000009597ffe890:   000001c8e3163540 00007fff57188dcc
0x0000009597ffe8a0:   0000000000000007 000001c8e3138400
0x0000009597ffe8b0:   0000000000000000 0000000713852490
0x0000009597ffe8c0:   000001c8dd70c4e0 0000000000000000
0x0000009597ffe8d0:   0000009597ffe8e8 0000009597ffe960
0x0000009597ffe8e0:   0000000000000002 00000007139f5f78
0x0000009597ffe8f0:   0000000000001403 0000000000000002
0x0000009597ffe900:   000001c8e3c8f060 000000000000ffff
0x0000009597ffe910:   000001c8e3138400 00007fff569baa0e
0x0000009597ffe920:   0000000000000006 0000000000000004
0x0000009597ffe930:   0000000000000004 0000000000000001
0x0000009597ffe940:   0000000700000002 000001c800000001
0x0000009597ffe950:   000000000000ffff 0000009500000000
0x0000009597ffe960:   0000009500000006 000001c88f6d8800
0x0000009597ffe970:   000001c8e3c8f060 0000000000000000
0x0000009597ffe980:   0000009597ffeac8 000001c8dd654d20
0x0000009597ffe990:   0000000000000128 000001c8e3c8f060
0x0000009597ffe9a0:   0000009597ffea88 00007fff8cae75d4
0x0000009597ffe9b0:   0000000000000000 000001c8f955d160
0x0000009597ffe9c0:   000001c8dd654d20 0000000000000000 

Instructions: (pc=0x00007fff571c20f7)
0x00007fff571c1ff7:   f3 0f 6f 02 48 83 c2 10 f3 0f 7f 07 48 83 c7 10
0x00007fff571c2007:   66 0f f9 c3 66 0f ea c8 66 0f ee d0 48 83 e9 01
0x00007fff571c2017:   75 de 66 0f fd cb 66 0f fd d3 66 0f c5 c9 00 66
0x00007fff571c2027:   0f c5 c1 01 66 44 0f c5 c1 07 66 3b d9 66 0f 46
0x00007fff571c2037:   cb 66 3b c8 66 0f 46 c1 66 0f c5 c9 02 66 3b c1
0x00007fff571c2047:   66 0f 46 c8 66 0f c5 c1 03 66 3b c8 66 0f 46 c1
0x00007fff571c2057:   66 0f c5 c9 04 66 3b c1 66 0f 46 c8 66 0f c5 c1
0x00007fff571c2067:   05 66 3b c8 66 0f 46 c1 66 0f c5 c9 06 66 3b c1
0x00007fff571c2077:   66 0f 46 c8 66 41 3b c8 66 0f c5 c2 00 66 44 0f
0x00007fff571c2087:   46 c1 66 0f c5 ca 02 41 0f b7 d8 66 44 3b d8 66
0x00007fff571c2097:   44 0f 42 d8 66 0f c5 c2 01 66 44 3b d8 66 41 0f
0x00007fff571c20a7:   43 c3 66 3b c1 66 44 0f c5 da 06 66 0f 43 c8 66
0x00007fff571c20b7:   0f c5 c2 03 66 3b c8 66 0f 43 c1 66 0f c5 ca 04
0x00007fff571c20c7:   66 3b c1 66 0f 43 c8 66 0f c5 c2 05 66 3b c8 66
0x00007fff571c20d7:   0f 43 c1 66 41 3b c3 66 44 0f 43 d8 66 0f c5 c2
0x00007fff571c20e7:   07 66 44 3b d8 73 04 44 0f b7 d8 4d 85 d2 74 2e
0x00007fff571c20f7:   0f b7 02 48 8d 52 02 66 3b d8 66 89 07 0f b7 c8
0x00007fff571c2107:   48 8d 7f 02 66 0f 46 cb 66 44 3b d8 0f b7 d9 66
0x00007fff571c2117:   41 0f 43 c3 44 0f b7 d8 49 83 ea 01 75 d2 48 8b
0x00007fff571c2127:   44 24 40 66 89 1e 48 8b 5c 24 38 66 44 89 18 41
0x00007fff571c2137:   5e 5f 5e c3 cc 48 89 5c 24 20 56 57 41 56 45 33
0x00007fff571c2147:   f6 45 8b d0 49 d1 ea 4c 8b d9 41 0f bf f1 bb ff
0x00007fff571c2157:   ff 00 00 41 0f b7 fe f6 c2 01 0f 85 34 02 00 00
0x00007fff571c2167:   83 7c 24 50 06 0f 8c 29 02 00 00 0f 18 42 20 0f
0x00007fff571c2177:   18 42 40 49 83 fa 08 0f 82 17 02 00 00 8d 4a 0f
0x00007fff571c2187:   83 e1 f0 2b ca 48 d1 e9 74 47 48 85 c9 74 35 4c
0x00007fff571c2197:   8b c9 0f b7 02 48 83 c2 02 66 41 89 03 49 83 c3
0x00007fff571c21a7:   02 66 3b c6 74 18 66 3b d8 44 0f b7 c0 66 44 0f
0x00007fff571c21b7:   46 c3 41 0f b7 d8 66 3b f8 73 03 0f b7 f8 49 83
0x00007fff571c21c7:   e9 01 75 ce 4c 2b d1 49 83 fa 08 0f 82 c3 01 00
0x00007fff571c21d7:   00 66 0f 6f 1d e0 fc 1f 00 0f 57 e4 66 0f 6e ee
0x00007fff571c21e7:   66 0f 61 ed 66 0f 70 ed 00 49 83 fa 10 72 66 49 


Stack slot to memory mapping:

stack at sp + 0 slots: 0x000001c8e34aff20 points into unknown readable memory: 0x00007fff57284e48 | 48 4e 28 57 ff 7f 00 00
stack at sp + 1 slots: 0x000001c8e3138400 points into unknown readable memory: 0x000001c8e31a7580 | 80 75 1a e3 c8 01 00 00
stack at sp + 2 slots: 0x000001c8e3163540 points into unknown readable memory: 0x0000000000000000 | 00 00 00 00 00 00 00 00
stack at sp + 3 slots: 0x00007fff568ab9c2 igxelpicd64.dll
stack at sp + 4 slots: 0x0000000000000006 is an unknown value
stack at sp + 5 slots: 0x000001c8e3163540 points into unknown readable memory: 0x0000000000000000 | 00 00 00 00 00 00 00 00
stack at sp + 6 slots: 0xffffffff01fffbff is an unknown value
stack at sp + 7 slots: 0x0000000000000006 is an unknown value

native method entry point (kind = native)  [0x000001c88f6dcba0, 0x000001c88f6dd6c0]  2848 bytes
[MachCode]
  0x000001c88f6dcba0: 488b 4b08 | 0fb7 492e | 584c 8d74 | ccf8 6800 | 0000 0068 | 0000 0000 | 5055 488b | ec41 5568 
  0x000001c88f6dcbc0: 0000 0000 | 4c8b 6b08 | 4d8d 6d38 | 5348 8b53 | 0848 8b52 | 0848 8b52 | 1848 8b52 | 7048 8b12 
  0x000001c88f6dcbe0: 5248 8b53 | 1048 85d2 | 0f84 0700 | 0000 4881 | c210 0100 | 0052 488b | 5308 488b | 5208 488b 
  0x000001c88f6dcc00: 5210 5249 | 8bc6 482b | c548 c1e8 | 0350 6800 | 0000 0068 | f7ff ffff | 41c6 8781 | 0400 0001 
  0x000001c88f6dcc20: 488b 4310 | 4885 c074 | 208b 88cc | 0000 0083 | c102 8988 | cc00 0000 | 2388 e000 | 0000 0f84 
  0x000001c88f6dcc40: cb09 0000 | e9cf 0000 | 0048 8b43 | 1848 85c0 | 0f85 b000 | 0000 e805 | 0000 00e9 | 9900 0000 
  0x000001c88f6dcc60: 488b d348 | 8d44 2408 | 4c89 6dc0 | 498b cfc5 | f877 4989 | afb0 0300 | 0049 8987 | a003 0000 
  0x000001c88f6dcc80: 4883 ec20 | 40f6 c40f | 0f84 1900 | 0000 4883 | ec08 48b8 | 00a7 0192 | ff7f 0000 | ffd0 4883 
  0x000001c88f6dcca0: c408 e90c | 0000 0048 | b800 a701 | 92ff 7f00 | 00ff d048 | 83c4 2049 | c787 a003 | 0000 0000 
  0x000001c88f6dccc0: 0000 49c7 | 87b0 0300 | 0000 0000 | 0049 c787 | a803 0000 | 0000 0000 | c5f8 7749 | 837f 0800 
  0x000001c88f6dcce0: 0f84 0500 | 0000 e915 | 42ff ff4c | 8b6d c04c | 8b75 c84e | 8d74 f500 | c348 8b43 | 1848 85c0 
  0x000001c88f6dcd00: 0f84 1200 | 0000 8b48 | 0883 c102 | 8948 0823 | 481c 0f84 | f708 0000 | 493b a7f0 | 0400 000f 
  0x000001c88f6dcd20: 8748 0000 | 0089 8424 | 00f0 ffff | 8984 2400 | e0ff ff89 | 8424 00d0 | ffff 8984 | 2400 c0ff 
  0x000001c88f6dcd40: ff89 8424 | 00b0 ffff | 8984 2400 | a0ff ff89 | 8424 0090 | ffff 8984 | 2400 80ff | ff49 3ba7 
  0x000001c88f6dcd60: e804 0000 | 7607 4989 | a7f0 0400 | 0041 c687 | 8104 0000 | 0049 ba6c | 4088 92ff | 7f00 0041 
  0x000001c88f6dcd80: 803a 000f | 843e 0000 | 0048 8b55 | e849 8bcf | 4883 ec20 | 40f6 c40f | 0f84 1900 | 0000 4883 
  0x000001c88f6dcda0: ec08 48b8 | 80b9 3892 | ff7f 0000 | ffd0 4883 | c408 e90c | 0000 0048 | b880 b938 | 92ff 7f00 
  0x000001c88f6dcdc0: 00ff d048 | 83c4 2048 | 8b5d e84c | 8b5b 0845 | 0fb7 5b2e | 41c1 e303 | 492b e348 | 83ec 2048 
  0x000001c88f6dcde0: 83e4 f04c | 8b5b 604d | 85db 0f85 | ab00 0000 | e805 0000 | 00e9 9900 | 0000 488b | d348 8d44 
  0x000001c88f6dce00: 2408 4c89 | 6dc0 498b | cfc5 f877 | 4989 afb0 | 0300 0049 | 8987 a003 | 0000 4883 | ec20 40f6 
  0x000001c88f6dce20: c40f 0f84 | 1900 0000 | 4883 ec08 | 48b8 20ce | 0192 ff7f | 0000 ffd0 | 4883 c408 | e90c 0000 
  0x000001c88f6dce40: 0048 b820 | ce01 92ff | 7f00 00ff | d048 83c4 | 2049 c787 | a003 0000 | 0000 0000 | 49c7 87b0 
  0x000001c88f6dce60: 0300 0000 | 0000 0049 | c787 a803 | 0000 0000 | 0000 c5f8 | 7749 837f | 0800 0f84 | 0500 0000 
  0x000001c88f6dce80: e97b 40ff | ff4c 8b6d | c04c 8b75 | c84e 8d74 | f500 c348 | 8b5d e84c | 8b5b 6041 | ffd3 488b 
  0x000001c88f6dcea0: 5de8 4889 | 4518 448b | 5b28 41f6 | c308 0f84 | 1b00 0000 | 4c8b 5b08 | 4d8b 5b08 | 4d8b 5b18 
  0x000001c88f6dcec0: 4d8b 5b70 | 4d8b 1b4c | 895d 1048 | 8d55 1048 | 8b43 5849 | ba80 1039 | 92ff 7f00 | 0049 3bc2 
  0x000001c88f6dcee0: 0f85 ab00 | 0000 e805 | 0000 00e9 | 9900 0000 | 488b d348 | 8d44 2408 | 4c89 6dc0 | 498b cfc5 
  0x000001c88f6dcf00: f877 4989 | afb0 0300 | 0049 8987 | a003 0000 | 4883 ec20 | 40f6 c40f | 0f84 1900 | 0000 4883 
  0x000001c88f6dcf20: ec08 48b8 | 20ce 0192 | ff7f 0000 | ffd0 4883 | c408 e90c | 0000 0048 | b820 ce01 | 92ff 7f00 
  0x000001c88f6dcf40: 00ff d048 | 83c4 2049 | c787 a003 | 0000 0000 | 0000 49c7 | 87b0 0300 | 0000 0000 | 0049 c787 
  0x000001c88f6dcf60: a803 0000 | 0000 0000 | c5f8 7749 | 837f 0800 | 0f84 0500 | 0000 e985 | 3fff ff4c | 8b6d c04c 
  0x000001c88f6dcf80: 8b75 c84e | 8d74 f500 | c348 8b5d | e848 8b43 | 5849 8d8f | c003 0000 | c5f8 7749 | 89af b003 
  0x000001c88f6dcfa0: 0000 49ba | 98cf 6d8f | c801 0000 | 4d89 97a8 | 0300 0049 | 89a7 a003 | 0000 41c7 | 8754 0400 
  0x000001c88f6dcfc0: 0004 0000 | 00ff d0c5 | f877 4883 | ec10 c5fb | 1104 2448 | 83ec 1048 | 8904 2448 | c744 2408 
  0x000001c88f6dcfe0: 0000 0000 | 41c7 8754 | 0400 0005 | 0000 00f0 | 8344 24c0 | 0049 3baf | 5804 0000 | 0f87 0e00 
  0x000001c88f6dd000: 0000 4183 | bf50 0400 | 0000 0f84 | 2000 0000 | 498b cf4c | 8be4 4883 | ec20 4883 | e4f0 48b8 
  0x000001c88f6dd020: 4023 0392 | ff7f 0000 | ffd0 498b | e44d 33e4 | 41c7 8754 | 0400 0008 | 0000 0049 | c787 a003 
  0x000001c88f6dd040: 0000 0000 | 0000 49c7 | 87b0 0300 | 0000 0000 | 0049 c787 | a803 0000 | 0000 0000 | c5f8 774d 
  0x000001c88f6dd060: 8b9f 3004 | 0000 41c7 | 8300 0100 | 0000 0000 | 0049 bb1a | a56d 8fc8 | 0100 004c | 3b5d 180f 
  0x000001c88f6dd080: 8524 0200 | 0048 8b04 | 2448 83c4 | 1048 85c0 | 0f84 fe01 | 0000 a803 | 0f85 0800 | 0000 488b 
  0x000001c88f6dd0a0: 00e9 ee01 | 0000 a801 | 0f85 0900 | 0000 488b | 40fe e9dd | 0100 0048 | 8b40 ff41 | 807f 3800 
  0x000001c88f6dd0c0: 0f84 ce01 | 0000 4883 | f800 0f84 | c401 0000 | 4d8b 5f28 | 4983 fb00 | 0f84 1400 | 0000 4983 
  0x000001c88f6dd0e0: eb08 4d89 | 5f28 4d03 | 5f30 4989 | 03e9 a201 | 0000 4881 | ecd0 0000 | 0048 8904 | 2448 894c 
  0x000001c88f6dd100: 2408 4889 | 5424 1048 | 8974 2418 | 4889 7c24 | 204c 8944 | 2428 4c89 | 4c24 304c | 8954 2438 
  0x000001c88f6dd120: 4c89 5c24 | 40c5 fb11 | 4424 50c5 | fb11 4c24 | 58c5 fb11 | 5424 60c5 | fb11 5c24 | 68c5 fb11 
  0x000001c88f6dd140: 6424 70c5 | fb11 6c24 | 78c5 fb11 | b424 8000 | 0000 c5fb | 11bc 2488 | 0000 00c5 | 7b11 8424 
  0x000001c88f6dd160: 9000 0000 | c57b 118c | 2498 0000 | 00c5 7b11 | 9424 a000 | 0000 c57b | 119c 24a8 | 0000 00c5 
  0x000001c88f6dd180: 7b11 a424 | b000 0000 | c57b 11ac | 24b8 0000 | 00c5 7b11 | b424 c000 | 0000 c57b | 11bc 24c8 
  0x000001c88f6dd1a0: 0000 0049 | 8bd7 488b | c848 83ec | 2040 f6c4 | 0f0f 8419 | 0000 0048 | 83ec 0848 | b830 3ff6 
  0x000001c88f6dd1c0: 91ff 7f00 | 00ff d048 | 83c4 08e9 | 0c00 0000 | 48b8 303f | f691 ff7f | 0000 ffd0 | 4883 c420 
  0x000001c88f6dd1e0: c57b 10bc | 24c8 0000 | 00c5 7b10 | b424 c000 | 0000 c57b | 10ac 24b8 | 0000 00c5 | 7b10 a424 
  0x000001c88f6dd200: b000 0000 | c57b 109c | 24a8 0000 | 00c5 7b10 | 9424 a000 | 0000 c57b | 108c 2498 | 0000 00c5 
  0x000001c88f6dd220: 7b10 8424 | 9000 0000 | c5fb 10bc | 2488 0000 | 00c5 fb10 | b424 8000 | 0000 c5fb | 106c 2478 
  0x000001c88f6dd240: c5fb 1064 | 2470 c5fb | 105c 2468 | c5fb 1054 | 2460 c5fb | 104c 2458 | c5fb 1044 | 2450 4c8b 
  0x000001c88f6dd260: 5c24 404c | 8b54 2438 | 4c8b 4c24 | 304c 8b44 | 2428 488b | 7c24 2048 | 8b74 2418 | 488b 5424 
  0x000001c88f6dd280: 1048 8b4c | 2408 488b | 0424 4881 | c4d0 0000 | 00c5 f877 | 4889 4510 | 4883 ec10 | 4889 0424 
  0x000001c88f6dd2a0: 48c7 4424 | 0800 0000 | 0041 83bf | d004 0000 | 020f 85bf | 0000 0048 | 81ec 8000 | 0000 4889 
  0x000001c88f6dd2c0: 4424 7848 | 894c 2470 | 4889 5424 | 6848 895c | 2460 4889 | 6c24 5048 | 8974 2448 | 4889 7c24 
  0x000001c88f6dd2e0: 404c 8944 | 2438 4c89 | 4c24 304c | 8954 2428 | 4c89 5c24 | 204c 8964 | 2418 4c89 | 6c24 104c 
  0x000001c88f6dd300: 8974 2408 | 4c89 3c24 | 4c8b e448 | 83ec 2048 | 83e4 f048 | b8d0 f138 | 92ff 7f00 | 00ff d049 
  0x000001c88f6dd320: 8be4 4c8b | 3c24 4c8b | 7424 084c | 8b6c 2410 | 4c8b 6424 | 184c 8b5c | 2420 4c8b | 5424 284c 
  0x000001c88f6dd340: 8b4c 2430 | 4c8b 4424 | 3848 8b7c | 2440 488b | 7424 4848 | 8b6c 2450 | 488b 5c24 | 6048 8b54 
  0x000001c88f6dd360: 2468 488b | 4c24 7048 | 8b44 2478 | 4881 c480 | 0000 004d | 33e4 488b | 5de8 4c8b | 6b08 4d8d 
  0x000001c88f6dd380: 6d38 4983 | 7f08 000f | 84bb 0000 | 00e8 0500 | 0000 e996 | 0000 0048 | 8d44 2408 | 4c89 6dc0 
  0x000001c88f6dd3a0: 498b cfc5 | f877 4989 | afb0 0300 | 0049 8987 | a003 0000 | 4883 ec20 | 40f6 c40f | 0f84 1900 
  0x000001c88f6dd3c0: 0000 4883 | ec08 48b8 | 60ec 0192 | ff7f 0000 | ffd0 4883 | c408 e90c | 0000 0048 | b860 ec01 
  0x000001c88f6dd3e0: 92ff 7f00 | 00ff d048 | 83c4 2049 | c787 a003 | 0000 0000 | 0000 49c7 | 87b0 0300 | 0000 0000 
  0x000001c88f6dd400: 0049 c787 | a803 0000 | 0000 0000 | c5f8 7749 | 837f 0800 | 0f84 0500 | 0000 e9e1 | 3aff ff4c 
  0x000001c88f6dd420: 8b6d c04c | 8b75 c84e | 8d74 f500 | c348 b9b0 | 2860 92ff | 7f00 0048 | 83e4 f048 | b830 9927 
  0x000001c88f6dd440: 92ff 7f00 | 00ff d0f4 | 448b 5b28 | 41f6 c320 | 0f84 4401 | 0000 488d | 55a8 4c8b | 5a08 4d85 
  0x000001c88f6dd460: db0f 85bb | 0000 00e8 | 0500 0000 | e996 0000 | 0048 8d44 | 2408 4c89 | 6dc0 498b | cfc5 f877 
  0x000001c88f6dd480: 4989 afb0 | 0300 0049 | 8987 a003 | 0000 4883 | ec20 40f6 | c40f 0f84 | 1900 0000 | 4883 ec08 
  0x000001c88f6dd4a0: 48b8 90eb | 0192 ff7f | 0000 ffd0 | 4883 c408 | e90c 0000 | 0048 b890 | eb01 92ff | 7f00 00ff 
  0x000001c88f6dd4c0: d048 83c4 | 2049 c787 | a003 0000 | 0000 0000 | 49c7 87b0 | 0300 0000 | 0000 0049 | c787 a803 
  0x000001c88f6dd4e0: 0000 0000 | 0000 c5f8 | 7749 837f | 0800 0f84 | 0500 0000 | e907 3aff | ff4c 8b6d | c04c 8b75 
  0x000001c88f6dd500: c84e 8d74 | f500 c348 | b9b0 2860 | 92ff 7f00 | 0048 83e4 | f048 b830 | 9927 92ff | 7f00 00ff 
  0x000001c88f6dd520: d0f4 4c89 | 6dc0 488d | 024c 8b4a | 0848 c742 | 0800 0000 | 004c 8b00 | 4d85 c00f | 840b 0000 
  0x000001c88f6dd540: 00f0 4d0f | b101 0f85 | 0c00 0000 | 49ff 8f58 | 0500 00e9 | 3e00 0000 | 4c89 4a08 | 488b ca48 
  0x000001c88f6dd560: 83ec 2040 | f6c4 0f0f | 8419 0000 | 0048 83ec | 0848 b820 | be01 92ff | 7f00 00ff | d048 83c4 
  0x000001c88f6dd580: 08e9 0c00 | 0000 48b8 | 20be 0192 | ff7f 0000 | ffd0 4883 | c420 4c8b | 6dc0 49ba | 6c40 8892 
  0x000001c88f6dd5a0: ff7f 0000 | 4180 3a00 | 0f84 3e00 | 0000 488b | 55e8 498b | cf48 83ec | 2040 f6c4 | 0f0f 8419 
  0x000001c88f6dd5c0: 0000 0048 | 83ec 0848 | b880 b938 | 92ff 7f00 | 00ff d048 | 83c4 08e9 | 0c00 0000 | 48b8 80b9 
  0x000001c88f6dd5e0: 3892 ff7f | 0000 ffd0 | 4883 c420 | 488b 0424 | 4883 c410 | c5fb 1004 | 2448 83c4 | 104c 8b5d 
  0x000001c88f6dd600: 1841 ffd3 | 4c8b 5df8 | c95f 498b | e3ff e7ba | 0000 0000 | e805 0000 | 00e9 9600 | 0000 488d 
  0x000001c88f6dd620: 4424 084c | 896d c049 | 8bcf c5f8 | 7749 89af | b003 0000 | 4989 87a0 | 0300 0048 | 83ec 2040 
  0x000001c88f6dd640: f6c4 0f0f | 8419 0000 | 0048 83ec | 0848 b8e0 | b101 92ff | 7f00 00ff | d048 83c4 | 08e9 0c00 
  0x000001c88f6dd660: 0000 48b8 | e0b1 0192 | ff7f 0000 | ffd0 4883 | c420 49c7 | 87a0 0300 | 0000 0000 | 0049 c787 
  0x000001c88f6dd680: b003 0000 | 0000 0000 | 49c7 87a8 | 0300 0000 | 0000 00c5 | f877 4983 | 7f08 000f | 8405 0000 
  0x000001c88f6dd6a0: 00e9 5a38 | ffff 4c8b | 6dc0 4c8b | 75c8 4e8d | 74f5 00c3 | 488b 5de8 | e95b f6ff | ff66 6690 
[/MachCode]

---------------  P R O C E S S  ---------------

Threads class SMR info:
_java_thread_list=0x000001c8e32e8310, length=17, elements={
0x000001c8f955d160, 0x000001c8fff9c710, 0x000001c8fff9d630, 0x000001c8fffa06a0,
0x000001c8fffaa750, 0x000001c8fffa8830, 0x000001c8fffbb790, 0x000001c8fffbd8c0,
0x000001c89b370080, 0x000001c89b43daf0, 0x000001c8fffbbe20, 0x000001c8fffb89a0,
0x000001c89bb98c00, 0x000001c89bb992c0, 0x000001c8fffb9030, 0x000001c8e3468680,
0x000001c8e34693a0
}

Java Threads: ( => current thread )
=>0x000001c8f955d160 JavaThread "main"                              [_thread_in_native, id=33876, stack(0x0000009597f00000,0x0000009598000000) (1024K)]
  0x000001c8fff9c710 JavaThread "Reference Handler"          daemon [_thread_blocked, id=35900, stack(0x0000009598700000,0x0000009598800000) (1024K)]
  0x000001c8fff9d630 JavaThread "Finalizer"                  daemon [_thread_blocked, id=36504, stack(0x0000009598800000,0x0000009598900000) (1024K)]
  0x000001c8fffa06a0 JavaThread "Signal Dispatcher"          daemon [_thread_blocked, id=23328, stack(0x0000009598900000,0x0000009598a00000) (1024K)]
  0x000001c8fffaa750 JavaThread "Attach Listener"            daemon [_thread_blocked, id=30656, stack(0x0000009598a00000,0x0000009598b00000) (1024K)]
  0x000001c8fffa8830 JavaThread "Service Thread"             daemon [_thread_blocked, id=20260, stack(0x0000009598b00000,0x0000009598c00000) (1024K)]
  0x000001c8fffbb790 JavaThread "Monitor Deflation Thread"   daemon [_thread_blocked, id=28392, stack(0x0000009598c00000,0x0000009598d00000) (1024K)]
  0x000001c8fffbd8c0 JavaThread "C2 CompilerThread0"         daemon [_thread_blocked, id=34824, stack(0x0000009598d00000,0x0000009598e00000) (1024K)]
  0x000001c89b370080 JavaThread "C1 CompilerThread0"         daemon [_thread_blocked, id=30396, stack(0x0000009598e00000,0x0000009598f00000) (1024K)]
  0x000001c89b43daf0 JavaThread "C1 CompilerThread1"         daemon [_thread_blocked, id=2472, stack(0x0000009598f00000,0x0000009599000000) (1024K)]
  0x000001c8fffbbe20 JavaThread "Notification Thread"        daemon [_thread_blocked, id=35940, stack(0x0000009599000000,0x0000009599100000) (1024K)]
  0x000001c8fffb89a0 JavaThread "Common-Cleaner"             daemon [_thread_blocked, id=36556, stack(0x0000009599100000,0x0000009599200000) (1024K)]
  0x000001c89bb98c00 JavaThread "C1 CompilerThread2"         daemon [_thread_blocked, id=30576, stack(0x0000009599700000,0x0000009599800000) (1024K)]
  0x000001c89bb992c0 JavaThread "C1 CompilerThread3"         daemon [_thread_blocked, id=27660, stack(0x0000009599800000,0x0000009599900000) (1024K)]
  0x000001c8fffb9030 JavaThread "Thread-0"                   daemon [_thread_blocked, id=28588, stack(0x0000009599200000,0x0000009599300000) (1024K)]
  0x000001c8e3468680 JavaThread "AssetManager"               daemon [_thread_blocked, id=9348, stack(0x000000959a000000,0x000000959a100000) (1024K)]
  0x000001c8e34693a0 JavaThread "LWJGL3 Timer"               daemon [_thread_blocked, id=16712, stack(0x000000959a100000,0x000000959a200000) (1024K)]
Total: 17

Other Threads:
  0x000001c8fff82230 VMThread "VM Thread"                           [id=10904, stack(0x0000009598600000,0x0000009598700000) (1024K)]
  0x000001c8fff674e0 WatcherThread "VM Periodic Task Thread"        [id=36624, stack(0x0000009598500000,0x0000009598600000) (1024K)]
  0x000001c8fb863ba0 WorkerThread "GC Thread#0"                     [id=36528, stack(0x0000009598000000,0x0000009598100000) (1024K)]
  0x000001c8fb8746a0 ConcurrentGCThread "G1 Main Marker"            [id=1404, stack(0x0000009598100000,0x0000009598200000) (1024K)]
  0x000001c8fb875360 WorkerThread "G1 Conc#0"                       [id=35620, stack(0x0000009598200000,0x0000009598300000) (1024K)]
  0x000001c8ffe39320 ConcurrentGCThread "G1 Refine#0"               [id=16876, stack(0x0000009598300000,0x0000009598400000) (1024K)]
  0x000001c8ffe39ea0 ConcurrentGCThread "G1 Service"                [id=32992, stack(0x0000009598400000,0x0000009598500000) (1024K)]
Total: 7

Threads with active compile tasks:
Total: 0

VM state: not at safepoint (normal execution)

VM Mutex/Monitor currently owned by a thread: None

Heap address: 0x0000000704e00000, size: 4018 MB, Compressed Oops mode: Zero based, Oop shift amount: 3

CDS archive(s) mapped at: [0x000001c89c000000-0x000001c89cc60000-0x000001c89cc60000), size 12976128, SharedBaseAddress: 0x000001c89c000000, ArchiveRelocationMode: 1.
Compressed class space mapped at: 0x000001c89d000000-0x000001c8dd000000, reserved size: 1073741824
Narrow klass base: 0x000001c89c000000, Narrow klass shift: 0, Narrow klass range: 0x41000000

GC Precious Log:
 CardTable entry size: 512
 Card Set container configuration: InlinePtr #cards 4 size 8 Array Of Cards #cards 16 size 48 Howl #buckets 8 coarsen threshold 3686 Howl Bitmap #cards 512 size 80 coarsen threshold 460 Card regions per heap region 1 cards per card region 4096
 CPUs: 16 total, 16 available
 Memory: 16071M
 Large Page Support: Disabled
 NUMA Support: Disabled
 Compressed Oops: Enabled (Zero based)
 Heap Region Size: 2M
 Heap Min Capacity: 8M
 Heap Initial Capacity: 252M
 Heap Max Capacity: 4018M
 Pre-touch: Disabled
 Parallel Workers: 13
 Concurrent Workers: 3
 Concurrent Refinement Workers: 13
 Periodic GC: Disabled

Heap:
 garbage-first heap   total reserved 4114432K, committed 258048K, used 24576K [0x0000000704e00000, 0x0000000800000000)
  region size 2048K, 10 young (20480K), 0 survivors (0K)
 Metaspace       used 6040K, committed 6208K, reserved 1114112K
  class space    used 431K, committed 512K, reserved 1048576K

Heap Regions: E=young(eden), S=young(survivor), O=old, HS=humongous(starts), HC=humongous(continues), CS=collection set, F=free, TAMS=top-at-mark-start, PB=parsable bottom
|   0|0x0000000704e00000, 0x0000000705000000, 0x0000000705000000|100%|HS|  |TAMS 0x0000000704e00000| PB 0x0000000704e00000| Complete |  0
|   1|0x0000000705000000, 0x0000000705200000, 0x0000000705200000|100%|HC|  |TAMS 0x0000000705000000| PB 0x0000000705000000| Complete |  0
|   2|0x0000000705200000, 0x0000000705400000, 0x0000000705400000|100%|HC|  |TAMS 0x0000000705200000| PB 0x0000000705200000| Complete |  0
|   3|0x0000000705400000, 0x0000000705600000, 0x0000000705600000|100%|HS|  |TAMS 0x0000000705400000| PB 0x0000000705400000| Complete |  0
|   4|0x0000000705600000, 0x0000000705600000, 0x0000000705800000|  0%| F|  |TAMS 0x0000000705600000| PB 0x0000000705600000| Untracked |  0
|   5|0x0000000705800000, 0x0000000705800000, 0x0000000705a00000|  0%| F|  |TAMS 0x0000000705800000| PB 0x0000000705800000| Untracked |  0
|   6|0x0000000705a00000, 0x0000000705a00000, 0x0000000705c00000|  0%| F|  |TAMS 0x0000000705a00000| PB 0x0000000705a00000| Untracked |  0
|   7|0x0000000705c00000, 0x0000000705c00000, 0x0000000705e00000|  0%| F|  |TAMS 0x0000000705c00000| PB 0x0000000705c00000| Untracked |  0
|   8|0x0000000705e00000, 0x0000000705e00000, 0x0000000706000000|  0%| F|  |TAMS 0x0000000705e00000| PB 0x0000000705e00000| Untracked |  0
|   9|0x0000000706000000, 0x0000000706000000, 0x0000000706200000|  0%| F|  |TAMS 0x0000000706000000| PB 0x0000000706000000| Untracked |  0
|  10|0x0000000706200000, 0x0000000706200000, 0x0000000706400000|  0%| F|  |TAMS 0x0000000706200000| PB 0x0000000706200000| Untracked |  0
|  11|0x0000000706400000, 0x0000000706400000, 0x0000000706600000|  0%| F|  |TAMS 0x0000000706400000| PB 0x0000000706400000| Untracked |  0
|  12|0x0000000706600000, 0x0000000706600000, 0x0000000706800000|  0%| F|  |TAMS 0x0000000706600000| PB 0x0000000706600000| Untracked |  0
|  13|0x0000000706800000, 0x0000000706800000, 0x0000000706a00000|  0%| F|  |TAMS 0x0000000706800000| PB 0x0000000706800000| Untracked |  0
|  14|0x0000000706a00000, 0x0000000706a00000, 0x0000000706c00000|  0%| F|  |TAMS 0x0000000706a00000| PB 0x0000000706a00000| Untracked |  0
|  15|0x0000000706c00000, 0x0000000706c00000, 0x0000000706e00000|  0%| F|  |TAMS 0x0000000706c00000| PB 0x0000000706c00000| Untracked |  0
|  16|0x0000000706e00000, 0x0000000706e00000, 0x0000000707000000|  0%| F|  |TAMS 0x0000000706e00000| PB 0x0000000706e00000| Untracked |  0
|  17|0x0000000707000000, 0x0000000707000000, 0x0000000707200000|  0%| F|  |TAMS 0x0000000707000000| PB 0x0000000707000000| Untracked |  0
|  18|0x0000000707200000, 0x0000000707200000, 0x0000000707400000|  0%| F|  |TAMS 0x0000000707200000| PB 0x0000000707200000| Untracked |  0
|  19|0x0000000707400000, 0x0000000707400000, 0x0000000707600000|  0%| F|  |TAMS 0x0000000707400000| PB 0x0000000707400000| Untracked |  0
|  20|0x0000000707600000, 0x0000000707600000, 0x0000000707800000|  0%| F|  |TAMS 0x0000000707600000| PB 0x0000000707600000| Untracked |  0
|  21|0x0000000707800000, 0x0000000707800000, 0x0000000707a00000|  0%| F|  |TAMS 0x0000000707800000| PB 0x0000000707800000| Untracked |  0
|  22|0x0000000707a00000, 0x0000000707a00000, 0x0000000707c00000|  0%| F|  |TAMS 0x0000000707a00000| PB 0x0000000707a00000| Untracked |  0
|  23|0x0000000707c00000, 0x0000000707c00000, 0x0000000707e00000|  0%| F|  |TAMS 0x0000000707c00000| PB 0x0000000707c00000| Untracked |  0
|  24|0x0000000707e00000, 0x0000000707e00000, 0x0000000708000000|  0%| F|  |TAMS 0x0000000707e00000| PB 0x0000000707e00000| Untracked |  0
|  25|0x0000000708000000, 0x0000000708000000, 0x0000000708200000|  0%| F|  |TAMS 0x0000000708000000| PB 0x0000000708000000| Untracked |  0
|  26|0x0000000708200000, 0x0000000708200000, 0x0000000708400000|  0%| F|  |TAMS 0x0000000708200000| PB 0x0000000708200000| Untracked |  0
|  27|0x0000000708400000, 0x0000000708400000, 0x0000000708600000|  0%| F|  |TAMS 0x0000000708400000| PB 0x0000000708400000| Untracked |  0
|  28|0x0000000708600000, 0x0000000708600000, 0x0000000708800000|  0%| F|  |TAMS 0x0000000708600000| PB 0x0000000708600000| Untracked |  0
|  29|0x0000000708800000, 0x0000000708800000, 0x0000000708a00000|  0%| F|  |TAMS 0x0000000708800000| PB 0x0000000708800000| Untracked |  0
|  30|0x0000000708a00000, 0x0000000708a00000, 0x0000000708c00000|  0%| F|  |TAMS 0x0000000708a00000| PB 0x0000000708a00000| Untracked |  0
|  31|0x0000000708c00000, 0x0000000708c00000, 0x0000000708e00000|  0%| F|  |TAMS 0x0000000708c00000| PB 0x0000000708c00000| Untracked |  0
|  32|0x0000000708e00000, 0x0000000708e00000, 0x0000000709000000|  0%| F|  |TAMS 0x0000000708e00000| PB 0x0000000708e00000| Untracked |  0
|  33|0x0000000709000000, 0x0000000709000000, 0x0000000709200000|  0%| F|  |TAMS 0x0000000709000000| PB 0x0000000709000000| Untracked |  0
|  34|0x0000000709200000, 0x0000000709200000, 0x0000000709400000|  0%| F|  |TAMS 0x0000000709200000| PB 0x0000000709200000| Untracked |  0
|  35|0x0000000709400000, 0x0000000709400000, 0x0000000709600000|  0%| F|  |TAMS 0x0000000709400000| PB 0x0000000709400000| Untracked |  0
|  36|0x0000000709600000, 0x0000000709600000, 0x0000000709800000|  0%| F|  |TAMS 0x0000000709600000| PB 0x0000000709600000| Untracked |  0
|  37|0x0000000709800000, 0x0000000709800000, 0x0000000709a00000|  0%| F|  |TAMS 0x0000000709800000| PB 0x0000000709800000| Untracked |  0
|  38|0x0000000709a00000, 0x0000000709a00000, 0x0000000709c00000|  0%| F|  |TAMS 0x0000000709a00000| PB 0x0000000709a00000| Untracked |  0
|  39|0x0000000709c00000, 0x0000000709c00000, 0x0000000709e00000|  0%| F|  |TAMS 0x0000000709c00000| PB 0x0000000709c00000| Untracked |  0
|  40|0x0000000709e00000, 0x0000000709e00000, 0x000000070a000000|  0%| F|  |TAMS 0x0000000709e00000| PB 0x0000000709e00000| Untracked |  0
|  41|0x000000070a000000, 0x000000070a000000, 0x000000070a200000|  0%| F|  |TAMS 0x000000070a000000| PB 0x000000070a000000| Untracked |  0
|  42|0x000000070a200000, 0x000000070a200000, 0x000000070a400000|  0%| F|  |TAMS 0x000000070a200000| PB 0x000000070a200000| Untracked |  0
|  43|0x000000070a400000, 0x000000070a400000, 0x000000070a600000|  0%| F|  |TAMS 0x000000070a400000| PB 0x000000070a400000| Untracked |  0
|  44|0x000000070a600000, 0x000000070a600000, 0x000000070a800000|  0%| F|  |TAMS 0x000000070a600000| PB 0x000000070a600000| Untracked |  0
|  45|0x000000070a800000, 0x000000070a800000, 0x000000070aa00000|  0%| F|  |TAMS 0x000000070a800000| PB 0x000000070a800000| Untracked |  0
|  46|0x000000070aa00000, 0x000000070aa00000, 0x000000070ac00000|  0%| F|  |TAMS 0x000000070aa00000| PB 0x000000070aa00000| Untracked |  0
|  47|0x000000070ac00000, 0x000000070ac00000, 0x000000070ae00000|  0%| F|  |TAMS 0x000000070ac00000| PB 0x000000070ac00000| Untracked |  0
|  48|0x000000070ae00000, 0x000000070ae00000, 0x000000070b000000|  0%| F|  |TAMS 0x000000070ae00000| PB 0x000000070ae00000| Untracked |  0
|  49|0x000000070b000000, 0x000000070b000000, 0x000000070b200000|  0%| F|  |TAMS 0x000000070b000000| PB 0x000000070b000000| Untracked |  0
|  50|0x000000070b200000, 0x000000070b200000, 0x000000070b400000|  0%| F|  |TAMS 0x000000070b200000| PB 0x000000070b200000| Untracked |  0
|  51|0x000000070b400000, 0x000000070b400000, 0x000000070b600000|  0%| F|  |TAMS 0x000000070b400000| PB 0x000000070b400000| Untracked |  0
|  52|0x000000070b600000, 0x000000070b600000, 0x000000070b800000|  0%| F|  |TAMS 0x000000070b600000| PB 0x000000070b600000| Untracked |  0
|  53|0x000000070b800000, 0x000000070b800000, 0x000000070ba00000|  0%| F|  |TAMS 0x000000070b800000| PB 0x000000070b800000| Untracked |  0
|  54|0x000000070ba00000, 0x000000070ba00000, 0x000000070bc00000|  0%| F|  |TAMS 0x000000070ba00000| PB 0x000000070ba00000| Untracked |  0
|  55|0x000000070bc00000, 0x000000070bc00000, 0x000000070be00000|  0%| F|  |TAMS 0x000000070bc00000| PB 0x000000070bc00000| Untracked |  0
|  56|0x000000070be00000, 0x000000070be00000, 0x000000070c000000|  0%| F|  |TAMS 0x000000070be00000| PB 0x000000070be00000| Untracked |  0
|  57|0x000000070c000000, 0x000000070c000000, 0x000000070c200000|  0%| F|  |TAMS 0x000000070c000000| PB 0x000000070c000000| Untracked |  0
|  58|0x000000070c200000, 0x000000070c200000, 0x000000070c400000|  0%| F|  |TAMS 0x000000070c200000| PB 0x000000070c200000| Untracked |  0
|  59|0x000000070c400000, 0x000000070c400000, 0x000000070c600000|  0%| F|  |TAMS 0x000000070c400000| PB 0x000000070c400000| Untracked |  0
|  60|0x000000070c600000, 0x000000070c600000, 0x000000070c800000|  0%| F|  |TAMS 0x000000070c600000| PB 0x000000070c600000| Untracked |  0
|  61|0x000000070c800000, 0x000000070c800000, 0x000000070ca00000|  0%| F|  |TAMS 0x000000070c800000| PB 0x000000070c800000| Untracked |  0
|  62|0x000000070ca00000, 0x000000070ca00000, 0x000000070cc00000|  0%| F|  |TAMS 0x000000070ca00000| PB 0x000000070ca00000| Untracked |  0
|  63|0x000000070cc00000, 0x000000070cc00000, 0x000000070ce00000|  0%| F|  |TAMS 0x000000070cc00000| PB 0x000000070cc00000| Untracked |  0
|  64|0x000000070ce00000, 0x000000070ce00000, 0x000000070d000000|  0%| F|  |TAMS 0x000000070ce00000| PB 0x000000070ce00000| Untracked |  0
|  65|0x000000070d000000, 0x000000070d000000, 0x000000070d200000|  0%| F|  |TAMS 0x000000070d000000| PB 0x000000070d000000| Untracked |  0
|  66|0x000000070d200000, 0x000000070d200000, 0x000000070d400000|  0%| F|  |TAMS 0x000000070d200000| PB 0x000000070d200000| Untracked |  0
|  67|0x000000070d400000, 0x000000070d400000, 0x000000070d600000|  0%| F|  |TAMS 0x000000070d400000| PB 0x000000070d400000| Untracked |  0
|  68|0x000000070d600000, 0x000000070d600000, 0x000000070d800000|  0%| F|  |TAMS 0x000000070d600000| PB 0x000000070d600000| Untracked |  0
|  69|0x000000070d800000, 0x000000070d800000, 0x000000070da00000|  0%| F|  |TAMS 0x000000070d800000| PB 0x000000070d800000| Untracked |  0
|  70|0x000000070da00000, 0x000000070da00000, 0x000000070dc00000|  0%| F|  |TAMS 0x000000070da00000| PB 0x000000070da00000| Untracked |  0
|  71|0x000000070dc00000, 0x000000070dc00000, 0x000000070de00000|  0%| F|  |TAMS 0x000000070dc00000| PB 0x000000070dc00000| Untracked |  0
|  72|0x000000070de00000, 0x000000070de00000, 0x000000070e000000|  0%| F|  |TAMS 0x000000070de00000| PB 0x000000070de00000| Untracked |  0
|  73|0x000000070e000000, 0x000000070e000000, 0x000000070e200000|  0%| F|  |TAMS 0x000000070e000000| PB 0x000000070e000000| Untracked |  0
|  74|0x000000070e200000, 0x000000070e200000, 0x000000070e400000|  0%| F|  |TAMS 0x000000070e200000| PB 0x000000070e200000| Untracked |  0
|  75|0x000000070e400000, 0x000000070e400000, 0x000000070e600000|  0%| F|  |TAMS 0x000000070e400000| PB 0x000000070e400000| Untracked |  0
|  76|0x000000070e600000, 0x000000070e600000, 0x000000070e800000|  0%| F|  |TAMS 0x000000070e600000| PB 0x000000070e600000| Untracked |  0
|  77|0x000000070e800000, 0x000000070e800000, 0x000000070ea00000|  0%| F|  |TAMS 0x000000070e800000| PB 0x000000070e800000| Untracked |  0
|  78|0x000000070ea00000, 0x000000070ea00000, 0x000000070ec00000|  0%| F|  |TAMS 0x000000070ea00000| PB 0x000000070ea00000| Untracked |  0
|  79|0x000000070ec00000, 0x000000070ec00000, 0x000000070ee00000|  0%| F|  |TAMS 0x000000070ec00000| PB 0x000000070ec00000| Untracked |  0
|  80|0x000000070ee00000, 0x000000070ee00000, 0x000000070f000000|  0%| F|  |TAMS 0x000000070ee00000| PB 0x000000070ee00000| Untracked |  0
|  81|0x000000070f000000, 0x000000070f000000, 0x000000070f200000|  0%| F|  |TAMS 0x000000070f000000| PB 0x000000070f000000| Untracked |  0
|  82|0x000000070f200000, 0x000000070f200000, 0x000000070f400000|  0%| F|  |TAMS 0x000000070f200000| PB 0x000000070f200000| Untracked |  0
|  83|0x000000070f400000, 0x000000070f400000, 0x000000070f600000|  0%| F|  |TAMS 0x000000070f400000| PB 0x000000070f400000| Untracked |  0
|  84|0x000000070f600000, 0x000000070f600000, 0x000000070f800000|  0%| F|  |TAMS 0x000000070f600000| PB 0x000000070f600000| Untracked |  0
|  85|0x000000070f800000, 0x000000070f800000, 0x000000070fa00000|  0%| F|  |TAMS 0x000000070f800000| PB 0x000000070f800000| Untracked |  0
|  86|0x000000070fa00000, 0x000000070fa00000, 0x000000070fc00000|  0%| F|  |TAMS 0x000000070fa00000| PB 0x000000070fa00000| Untracked |  0
|  87|0x000000070fc00000, 0x000000070fc00000, 0x000000070fe00000|  0%| F|  |TAMS 0x000000070fc00000| PB 0x000000070fc00000| Untracked |  0
|  88|0x000000070fe00000, 0x000000070fe00000, 0x0000000710000000|  0%| F|  |TAMS 0x000000070fe00000| PB 0x000000070fe00000| Untracked |  0
|  89|0x0000000710000000, 0x0000000710000000, 0x0000000710200000|  0%| F|  |TAMS 0x0000000710000000| PB 0x0000000710000000| Untracked |  0
|  90|0x0000000710200000, 0x0000000710200000, 0x0000000710400000|  0%| F|  |TAMS 0x0000000710200000| PB 0x0000000710200000| Untracked |  0
|  91|0x0000000710400000, 0x0000000710400000, 0x0000000710600000|  0%| F|  |TAMS 0x0000000710400000| PB 0x0000000710400000| Untracked |  0
|  92|0x0000000710600000, 0x0000000710600000, 0x0000000710800000|  0%| F|  |TAMS 0x0000000710600000| PB 0x0000000710600000| Untracked |  0
|  93|0x0000000710800000, 0x0000000710800000, 0x0000000710a00000|  0%| F|  |TAMS 0x0000000710800000| PB 0x0000000710800000| Untracked |  0
|  94|0x0000000710a00000, 0x0000000710a00000, 0x0000000710c00000|  0%| F|  |TAMS 0x0000000710a00000| PB 0x0000000710a00000| Untracked |  0
|  95|0x0000000710c00000, 0x0000000710c00000, 0x0000000710e00000|  0%| F|  |TAMS 0x0000000710c00000| PB 0x0000000710c00000| Untracked |  0
|  96|0x0000000710e00000, 0x0000000710e00000, 0x0000000711000000|  0%| F|  |TAMS 0x0000000710e00000| PB 0x0000000710e00000| Untracked |  0
|  97|0x0000000711000000, 0x0000000711000000, 0x0000000711200000|  0%| F|  |TAMS 0x0000000711000000| PB 0x0000000711000000| Untracked |  0
|  98|0x0000000711200000, 0x0000000711200000, 0x0000000711400000|  0%| F|  |TAMS 0x0000000711200000| PB 0x0000000711200000| Untracked |  0
|  99|0x0000000711400000, 0x0000000711400000, 0x0000000711600000|  0%| F|  |TAMS 0x0000000711400000| PB 0x0000000711400000| Untracked |  0
| 100|0x0000000711600000, 0x0000000711600000, 0x0000000711800000|  0%| F|  |TAMS 0x0000000711600000| PB 0x0000000711600000| Untracked |  0
| 101|0x0000000711800000, 0x0000000711800000, 0x0000000711a00000|  0%| F|  |TAMS 0x0000000711800000| PB 0x0000000711800000| Untracked |  0
| 102|0x0000000711a00000, 0x0000000711a00000, 0x0000000711c00000|  0%| F|  |TAMS 0x0000000711a00000| PB 0x0000000711a00000| Untracked |  0
| 103|0x0000000711c00000, 0x0000000711c00000, 0x0000000711e00000|  0%| F|  |TAMS 0x0000000711c00000| PB 0x0000000711c00000| Untracked |  0
| 104|0x0000000711e00000, 0x0000000711e00000, 0x0000000712000000|  0%| F|  |TAMS 0x0000000711e00000| PB 0x0000000711e00000| Untracked |  0
| 105|0x0000000712000000, 0x0000000712000000, 0x0000000712200000|  0%| F|  |TAMS 0x0000000712000000| PB 0x0000000712000000| Untracked |  0
| 106|0x0000000712200000, 0x0000000712200000, 0x0000000712400000|  0%| F|  |TAMS 0x0000000712200000| PB 0x0000000712200000| Untracked |  0
| 107|0x0000000712400000, 0x0000000712400000, 0x0000000712600000|  0%| F|  |TAMS 0x0000000712400000| PB 0x0000000712400000| Untracked |  0
| 108|0x0000000712600000, 0x0000000712600000, 0x0000000712800000|  0%| F|  |TAMS 0x0000000712600000| PB 0x0000000712600000| Untracked |  0
| 109|0x0000000712800000, 0x0000000712800000, 0x0000000712a00000|  0%| F|  |TAMS 0x0000000712800000| PB 0x0000000712800000| Untracked |  0
| 110|0x0000000712a00000, 0x0000000712a00000, 0x0000000712c00000|  0%| F|  |TAMS 0x0000000712a00000| PB 0x0000000712a00000| Untracked |  0
| 111|0x0000000712c00000, 0x0000000712c00000, 0x0000000712e00000|  0%| F|  |TAMS 0x0000000712c00000| PB 0x0000000712c00000| Untracked |  0
| 112|0x0000000712e00000, 0x0000000712e00000, 0x0000000713000000|  0%| F|  |TAMS 0x0000000712e00000| PB 0x0000000712e00000| Untracked |  0
| 113|0x0000000713000000, 0x0000000713000000, 0x0000000713200000|  0%| F|  |TAMS 0x0000000713000000| PB 0x0000000713000000| Untracked |  0
| 114|0x0000000713200000, 0x0000000713200000, 0x0000000713400000|  0%| F|  |TAMS 0x0000000713200000| PB 0x0000000713200000| Untracked |  0
| 115|0x0000000713400000, 0x0000000713400000, 0x0000000713600000|  0%| F|  |TAMS 0x0000000713400000| PB 0x0000000713400000| Untracked |  0
| 116|0x0000000713600000, 0x0000000713709540, 0x0000000713800000| 51%| E|  |TAMS 0x0000000713600000| PB 0x0000000713600000| Complete |  0
| 117|0x0000000713800000, 0x0000000713a00000, 0x0000000713a00000|100%| E|CS|TAMS 0x0000000713800000| PB 0x0000000713800000| Complete |  0
| 118|0x0000000713a00000, 0x0000000713c00000, 0x0000000713c00000|100%| E|  |TAMS 0x0000000713a00000| PB 0x0000000713a00000| Complete |  0
| 119|0x0000000713c00000, 0x0000000713e00000, 0x0000000713e00000|100%| E|CS|TAMS 0x0000000713c00000| PB 0x0000000713c00000| Complete |  0
| 120|0x0000000713e00000, 0x0000000714000000, 0x0000000714000000|100%| E|CS|TAMS 0x0000000713e00000| PB 0x0000000713e00000| Complete |  0
| 121|0x0000000714000000, 0x0000000714200000, 0x0000000714200000|100%| E|CS|TAMS 0x0000000714000000| PB 0x0000000714000000| Complete |  0
| 122|0x0000000714200000, 0x0000000714400000, 0x0000000714400000|100%| E|CS|TAMS 0x0000000714200000| PB 0x0000000714200000| Complete |  0
| 123|0x0000000714400000, 0x0000000714600000, 0x0000000714600000|100%| E|CS|TAMS 0x0000000714400000| PB 0x0000000714400000| Complete |  0
| 124|0x0000000714600000, 0x0000000714800000, 0x0000000714800000|100%| E|CS|TAMS 0x0000000714600000| PB 0x0000000714600000| Complete |  0
| 125|0x0000000714800000, 0x0000000714a00000, 0x0000000714a00000|100%| E|CS|TAMS 0x0000000714800000| PB 0x0000000714800000| Complete |  0

Card table byte_map: [0x000001c8fc920000,0x000001c8fd100000] _byte_map_base: 0x000001c8f90f9000

Marking Bits: (CMBitMap*) 0x000001c8fb8642b0
 Bits: [0x000001c897280000, 0x000001c89b148000)

Polling page: 0x000001c8f9780000

Metaspace:

Usage:
  Non-class:      5.48 MB used.
      Class:    431.03 KB used.
       Both:      5.90 MB used.

Virtual space:
  Non-class space:       64.00 MB reserved,       5.56 MB (  9%) committed,  1 nodes.
      Class space:        1.00 GB reserved,     512.00 KB ( <1%) committed,  1 nodes.
             Both:        1.06 GB reserved,       6.06 MB ( <1%) committed. 

Chunk freelists:
   Non-Class:  8.34 MB
       Class:  15.45 MB
        Both:  23.80 MB

MaxMetaspaceSize: unlimited
CompressedClassSpaceSize: 1.00 GB
Initial GC threshold: 21.00 MB
Current GC threshold: 21.00 MB
CDS: on
 - commit_granule_bytes: 65536.
 - commit_granule_words: 8192.
 - virtual_space_node_default_size: 8388608.
 - enlarge_chunks_in_place: 1.
 - use_allocation_guard: 0.


Internal statistics:

num_allocs_failed_limit: 0.
num_arena_births: 70.
num_arena_deaths: 0.
num_vsnodes_births: 2.
num_vsnodes_deaths: 0.
num_space_committed: 96.
num_space_uncommitted: 0.
num_chunks_returned_to_freelist: 0.
num_chunks_taken_from_freelist: 239.
num_chunk_merges: 0.
num_chunk_splits: 169.
num_chunks_enlarged: 130.
num_inconsistent_stats: 0.

CodeHeap 'non-profiled nmethods': size=119168Kb used=323Kb max_used=323Kb free=118845Kb
 bounds [0x000001c88fe20000, 0x000001c890090000, 0x000001c897280000]
CodeHeap 'profiled nmethods': size=119104Kb used=1838Kb max_used=1838Kb free=117265Kb
 bounds [0x000001c888280000, 0x000001c8884f0000, 0x000001c88f6d0000]
CodeHeap 'non-nmethods': size=7488Kb used=3823Kb max_used=3836Kb free=3665Kb
 bounds [0x000001c88f6d0000, 0x000001c88faa0000, 0x000001c88fe20000]
 total_blobs=2151 nmethods=1053 adapters=1000
 compilation: enabled
              stopped_count=0, restarted_count=0
 full_count=0

Compilation events (20 events):
Event: 1.270 Thread 0x000001c89bb992c0 nmethod 1040 0x000001c888443d90 code [0x000001c888444080, 0x000001c888444ec0]
Event: 1.271 Thread 0x000001c89b370080 nmethod 1041 0x000001c888445510 code [0x000001c888445880, 0x000001c888446d60]
Event: 1.272 Thread 0x000001c8fffbd8c0 1043       4       java.util.concurrent.ConcurrentHashMap::get (162 bytes)
Event: 1.275 Thread 0x000001c8fffbd8c0 nmethod 1043 0x000001c88fe6fb90 code [0x000001c88fe6fd40, 0x000001c88fe70088]
Event: 1.292 Thread 0x000001c89b370080 1046   !   3       java.util.jar.JarFile::getManifestFromReference (197 bytes)
Event: 1.294 Thread 0x000001c89b370080 nmethod 1046 0x000001c888447610 code [0x000001c888447a00, 0x000001c8884495f0]
Event: 1.303 Thread 0x000001c89b370080 1047       3       java.util.concurrent.ConcurrentHashMap$BaseIterator::<init> (21 bytes)
Event: 1.303 Thread 0x000001c89bb992c0 1048       3       java.util.concurrent.ConcurrentHashMap$Traverser::<init> (36 bytes)
Event: 1.303 Thread 0x000001c89bb992c0 nmethod 1048 0x000001c88844a010 code [0x000001c88844a1c0, 0x000001c88844a3d0]
Event: 1.303 Thread 0x000001c89b370080 nmethod 1047 0x000001c88844a490 code [0x000001c88844a640, 0x000001c88844a820]
Event: 1.315 Thread 0x000001c89bb98c00 1049       3       com.badlogic.gdx.math.Vector3::set (17 bytes)
Event: 1.315 Thread 0x000001c89bb98c00 nmethod 1049 0x000001c88844a910 code [0x000001c88844aaa0, 0x000001c88844abc0]
Event: 1.317 Thread 0x000001c89bb992c0 1051       3       java.util.concurrent.ConcurrentHashMap$ValuesView::iterator (34 bytes)
Event: 1.317 Thread 0x000001c89b43daf0 1050       3       java.util.concurrent.ConcurrentHashMap::values (25 bytes)
Event: 1.317 Thread 0x000001c89b370080 1052       3       java.util.concurrent.ConcurrentHashMap$ValueIterator::<init> (12 bytes)
Event: 1.318 Thread 0x000001c89b370080 nmethod 1052 0x000001c88844ac90 code [0x000001c88844ae40, 0x000001c88844af78]
Event: 1.318 Thread 0x000001c89bb992c0 nmethod 1051 0x000001c88844b010 code [0x000001c88844b1c0, 0x000001c88844b3f0]
Event: 1.318 Thread 0x000001c89b43daf0 nmethod 1050 0x000001c88844b510 code [0x000001c88844b6e0, 0x000001c88844ba88]
Event: 1.325 Thread 0x000001c8fffbd8c0 1053       4       java.util.concurrent.locks.AbstractQueuedSynchronizer::compareAndSetState (13 bytes)
Event: 1.326 Thread 0x000001c8fffbd8c0 nmethod 1053 0x000001c88fe70910 code [0x000001c88fe70a80, 0x000001c88fe70b20]

GC Heap History (0 events):
No events

Dll operation events (9 events):
Event: 0.005 Loaded shared library C:\Users\Karan\.jdks\openjdk-22.0.2\bin\java.dll
Event: 0.029 Loaded shared library C:\Users\Karan\.jdks\openjdk-22.0.2\bin\jsvml.dll
Event: 0.073 Loaded shared library C:\Users\Karan\.jdks\openjdk-22.0.2\bin\net.dll
Event: 0.074 Loaded shared library C:\Users\Karan\.jdks\openjdk-22.0.2\bin\nio.dll
Event: 0.076 Loaded shared library C:\Users\Karan\.jdks\openjdk-22.0.2\bin\zip.dll
Event: 0.135 Loaded shared library C:\Users\Karan\.jdks\openjdk-22.0.2\bin\jimage.dll
Event: 0.139 Loaded shared library C:\ProgramData\libGDX-temp\libgdxKaran\2a9d7f76\gdx64.dll
Event: 0.185 Loaded shared library C:\ProgramData\libGDX-temp\lwjgl_Karan\3.3.3+5\x64\lwjgl.dll
Event: 0.609 Loaded shared library C:\ProgramData\libGDX-temp\lwjgl_Karan\3.3.3+5\x64\lwjgl_opengl.dll

Deoptimization events (20 events):
Event: 0.137 Thread 0x000001c8f955d160 DEOPT PACKING pc=0x000001c88fe281f0 sp=0x0000009597ffe810
Event: 0.137 Thread 0x000001c8f955d160 DEOPT UNPACKING pc=0x000001c88f7246a2 sp=0x0000009597ffe798 mode 2
Event: 0.172 Thread 0x000001c8f955d160 Uncommon trap: trap_request=0xffffff45 fr.pc=0x000001c88fe310cc relative=0x000000000000004c
Event: 0.172 Thread 0x000001c8f955d160 Uncommon trap: reason=unstable_if action=reinterpret pc=0x000001c88fe310cc method=sun.nio.fs.WindowsPathParser.isSlash(C)Z @ 9 c2
Event: 0.172 Thread 0x000001c8f955d160 DEOPT PACKING pc=0x000001c88fe310cc sp=0x0000009597ffb9e0
Event: 0.172 Thread 0x000001c8f955d160 DEOPT UNPACKING pc=0x000001c88f7246a2 sp=0x0000009597ffb968 mode 2
Event: 0.283 Thread 0x000001c8f955d160 DEOPT PACKING pc=0x000001c8882b9ba5 sp=0x0000009597ffdc20
Event: 0.283 Thread 0x000001c8f955d160 DEOPT UNPACKING pc=0x000001c88f724e42 sp=0x0000009597ffd070 mode 0
Event: 0.305 Thread 0x000001c8f955d160 Uncommon trap: trap_request=0xffffff6e fr.pc=0x000001c88fe58b04 relative=0x0000000000000444
Event: 0.305 Thread 0x000001c8f955d160 Uncommon trap: reason=loop_limit_check action=maybe_recompile pc=0x000001c88fe58b04 method=java.lang.StringLatin1.indexOf([BI[BII)I @ 37 c2
Event: 0.305 Thread 0x000001c8f955d160 DEOPT PACKING pc=0x000001c88fe58b04 sp=0x0000009597ffde30
Event: 0.305 Thread 0x000001c8f955d160 DEOPT UNPACKING pc=0x000001c88f7246a2 sp=0x0000009597ffdd90 mode 2
Event: 0.503 Thread 0x000001c8f955d160 DEOPT PACKING pc=0x000001c8882b3843 sp=0x0000009597ffaa40
Event: 0.503 Thread 0x000001c8f955d160 DEOPT UNPACKING pc=0x000001c88f724e42 sp=0x0000009597ff9eb8 mode 0
Event: 0.613 Thread 0x000001c8f955d160 Uncommon trap: trap_request=0xffffff5c fr.pc=0x000001c88fe67a64 relative=0x0000000000000064
Event: 0.613 Thread 0x000001c8f955d160 Uncommon trap: reason=speculate_null_check action=make_not_entrant pc=0x000001c88fe67a64 method=sun.misc.Unsafe.getLong(Ljava/lang/Object;J)J @ 5 c2
Event: 0.613 Thread 0x000001c8f955d160 DEOPT PACKING pc=0x000001c88fe67a64 sp=0x0000009597ffeca0
Event: 0.613 Thread 0x000001c8f955d160 DEOPT UNPACKING pc=0x000001c88f7246a2 sp=0x0000009597ffec18 mode 2
Event: 0.935 Thread 0x000001c8f955d160 DEOPT PACKING pc=0x000001c8882bc7f7 sp=0x0000009597ffd5b0
Event: 0.935 Thread 0x000001c8f955d160 DEOPT UNPACKING pc=0x000001c88f724e42 sp=0x0000009597ffca20 mode 0

Classes loaded (20 events):
Event: 0.933 Loading class java/util/NoSuchElementException
Event: 0.933 Loading class java/util/NoSuchElementException done
Event: 0.983 Loading class java/lang/SecurityException
Event: 0.983 Loading class java/lang/SecurityException done
Event: 0.994 Loading class java/util/concurrent/Callable
Event: 0.994 Loading class java/util/concurrent/Callable done
Event: 0.994 Loading class java/util/concurrent/Executors
Event: 0.994 Loading class java/util/concurrent/Executors done
Event: 0.994 Loading class java/util/concurrent/LinkedBlockingQueue$Node
Event: 0.994 Loading class java/util/concurrent/LinkedBlockingQueue$Node done
Event: 1.270 Loading class java/util/concurrent/ExecutionException
Event: 1.270 Loading class java/util/concurrent/ExecutionException done
Event: 1.270 Loading class java/util/concurrent/FutureTask
Event: 1.270 Loading class java/util/concurrent/RunnableFuture
Event: 1.271 Loading class java/util/concurrent/RunnableFuture done
Event: 1.271 Loading class java/util/concurrent/FutureTask done
Event: 1.271 Loading class java/util/concurrent/FutureTask$WaitNode
Event: 1.271 Loading class java/util/concurrent/FutureTask$WaitNode done
Event: 1.271 Loading class java/util/concurrent/ThreadPoolExecutor$Worker
Event: 1.271 Loading class java/util/concurrent/ThreadPoolExecutor$Worker done

Classes unloaded (0 events):
No events

Classes redefined (0 events):
No events

Internal exceptions (20 events):
Event: 0.229 Thread 0x000001c8f955d160 Exception <a 'java/lang/NoSuchMethodError'{0x0000000714360078}: 'java.lang.Object java.lang.invoke.DirectMethodHandle$Holder.newInvokeSpecial(java.lang.Object, java.lang.Object, int)'> (0x0000000714360078) 
thrown [s\open\src\hotspot\share\interpreter\linkResolver.cpp, line 774]
Event: 0.231 Thread 0x000001c8f955d160 Exception <a 'java/lang/NoSuchMethodError'{0x0000000714371b58}: 'int java.lang.invoke.DirectMethodHandle$Holder.invokeStaticInit(java.lang.Object, java.lang.Object, long, long)'> (0x0000000714371b58) 
thrown [s\open\src\hotspot\share\interpreter\linkResolver.cpp, line 774]
Event: 0.232 Thread 0x000001c8f955d160 Exception <a 'java/lang/NoSuchMethodError'{0x00000007143775e0}: 'java.lang.Object java.lang.invoke.DirectMethodHandle$Holder.newInvokeSpecial(java.lang.Object, java.lang.Object, long)'> (0x00000007143775e0) 
thrown [s\open\src\hotspot\share\interpreter\linkResolver.cpp, line 774]
Event: 0.232 Thread 0x000001c8f955d160 Exception <a 'java/lang/NoSuchMethodError'{0x000000071437b4c0}: 'java.lang.Object java.lang.invoke.Invokers$Holder.linkToTargetMethod(java.lang.Object, long, java.lang.Object)'> (0x000000071437b4c0) 
thrown [s\open\src\hotspot\share\interpreter\linkResolver.cpp, line 774]
Event: 0.233 Thread 0x000001c8f955d160 Exception <a 'java/lang/NoSuchMethodError'{0x00000007143826e8}: 'int java.lang.invoke.DirectMethodHandle$Holder.invokeStaticInit(java.lang.Object, java.lang.Object, java.lang.Object, long)'> (0x00000007143826e8) 
thrown [s\open\src\hotspot\share\interpreter\linkResolver.cpp, line 774]
Event: 0.249 Thread 0x000001c8f955d160 Exception <a 'sun/nio/fs/WindowsException'{0x000000071400a2b8}> (0x000000071400a2b8) 
thrown [s\open\src\hotspot\share\prims\jni.cpp, line 520]
Event: 0.249 Thread 0x000001c8f955d160 Exception <a 'sun/nio/fs/WindowsException'{0x000000071400a618}> (0x000000071400a618) 
thrown [s\open\src\hotspot\share\prims\jni.cpp, line 520]
Event: 0.272 Thread 0x000001c8f955d160 Exception <a 'sun/nio/fs/WindowsException'{0x00000007140b5b30}> (0x00000007140b5b30) 
thrown [s\open\src\hotspot\share\prims\jni.cpp, line 520]
Event: 0.272 Thread 0x000001c8f955d160 Exception <a 'sun/nio/fs/WindowsException'{0x00000007140b5e60}> (0x00000007140b5e60) 
thrown [s\open\src\hotspot\share\prims\jni.cpp, line 520]
Event: 0.276 Thread 0x000001c8f955d160 Exception <a 'java/lang/NoSuchMethodError'{0x00000007140bcf38}: 'int java.lang.invoke.Invokers$Holder.invokeExact_MT(java.lang.Object, java.lang.Object)'> (0x00000007140bcf38) 
thrown [s\open\src\hotspot\share\interpreter\linkResolver.cpp, line 774]
Event: 0.316 Thread 0x000001c8f955d160 Exception <a 'sun/nio/fs/WindowsException'{0x0000000714182980}> (0x0000000714182980) 
thrown [s\open\src\hotspot\share\prims\jni.cpp, line 520]
Event: 0.316 Thread 0x000001c8f955d160 Exception <a 'sun/nio/fs/WindowsException'{0x0000000714182cd0}> (0x0000000714182cd0) 
thrown [s\open\src\hotspot\share\prims\jni.cpp, line 520]
Event: 0.477 Thread 0x000001c8f955d160 Exception <a 'java/lang/NoSuchMethodError'{0x0000000713e38658}: 'java.lang.Object java.lang.invoke.DirectMethodHandle$Holder.newInvokeSpecial(java.lang.Object, long)'> (0x0000000713e38658) 
thrown [s\open\src\hotspot\share\interpreter\linkResolver.cpp, line 774]
Event: 0.599 Thread 0x000001c8f955d160 Exception <a 'java/lang/NoSuchMethodError'{0x0000000713c61460}: 'void java.lang.invoke.DirectMethodHandle$Holder.invokeStatic(java.lang.Object, long)'> (0x0000000713c61460) 
thrown [s\open\src\hotspot\share\interpreter\linkResolver.cpp, line 774]
Event: 0.604 Thread 0x000001c8f955d160 Exception <a 'java/lang/NoSuchMethodError'{0x0000000713cfa740}: 'void java.lang.System.load(java.lang.String, java.lang.Class)'> (0x0000000713cfa740) 
thrown [s\open\src\hotspot\share\interpreter\linkResolver.cpp, line 774]
Event: 0.605 Thread 0x000001c8f955d160 Exception <a 'java/lang/NoSuchMethodError'{0x0000000713cfd190}: 'void java.lang.System.loadLibrary(java.lang.String, java.lang.Class)'> (0x0000000713cfd190) 
thrown [s\open\src\hotspot\share\interpreter\linkResolver.cpp, line 774]
Event: 0.608 Thread 0x000001c8f955d160 Exception <a 'sun/nio/fs/WindowsException'{0x0000000713d0c8a0}> (0x0000000713d0c8a0) 
thrown [s\open\src\hotspot\share\prims\jni.cpp, line 520]
Event: 0.608 Thread 0x000001c8f955d160 Exception <a 'sun/nio/fs/WindowsException'{0x0000000713d0cc18}> (0x0000000713d0cc18) 
thrown [s\open\src\hotspot\share\prims\jni.cpp, line 520]
Event: 0.611 Thread 0x000001c8f955d160 Exception <a 'sun/nio/fs/WindowsException'{0x0000000713d16308}> (0x0000000713d16308) 
thrown [s\open\src\hotspot\share\prims\jni.cpp, line 520]
Event: 0.611 Thread 0x000001c8f955d160 Exception <a 'sun/nio/fs/WindowsException'{0x0000000713d165b8}> (0x0000000713d165b8) 
thrown [s\open\src\hotspot\share\prims\jni.cpp, line 520]

ZGC Phase Switch (0 events):
No events

VM Operations (12 events):
Event: 0.086 Executing VM operation: HandshakeAllThreads (Deoptimize)
Event: 0.086 Executing VM operation: HandshakeAllThreads (Deoptimize) done
Event: 0.137 Executing VM operation: HandshakeAllThreads (Deoptimize)
Event: 0.137 Executing VM operation: HandshakeAllThreads (Deoptimize) done
Event: 0.163 Executing VM operation: HandshakeAllThreads (Deoptimize)
Event: 0.163 Executing VM operation: HandshakeAllThreads (Deoptimize) done
Event: 1.165 Executing VM operation: Cleanup
Event: 1.165 Executing VM operation: Cleanup done
Event: 1.271 Executing VM operation: HandshakeAllThreads (Deoptimize)
Event: 1.271 Executing VM operation: HandshakeAllThreads (Deoptimize) done
Event: 1.271 Executing VM operation: HandshakeAllThreads (Deoptimize)
Event: 1.271 Executing VM operation: HandshakeAllThreads (Deoptimize) done

Memory protections (0 events):
No events

Nmethod flushes (0 events):
No events

Events (20 events):
Event: 0.027 Thread 0x000001c8f955d160 Thread added: 0x000001c8fff9c710
Event: 0.027 Thread 0x000001c8f955d160 Thread added: 0x000001c8fff9d630
Event: 0.028 Thread 0x000001c8f955d160 Thread added: 0x000001c8fffa06a0
Event: 0.028 Thread 0x000001c8f955d160 Thread added: 0x000001c8fffaa750
Event: 0.028 Thread 0x000001c8f955d160 Thread added: 0x000001c8fffa8830
Event: 0.028 Thread 0x000001c8f955d160 Thread added: 0x000001c8fffbb790
Event: 0.028 Thread 0x000001c8f955d160 Thread added: 0x000001c8fffbd8c0
Event: 0.028 Thread 0x000001c8f955d160 Thread added: 0x000001c89b370080
Event: 0.033 Thread 0x000001c89b370080 Thread added: 0x000001c89b43daf0
Event: 0.068 Thread 0x000001c8f955d160 Thread added: 0x000001c8fffbbe20
Event: 0.069 Thread 0x000001c8f955d160 Thread added: 0x000001c8fffb89a0
Event: 0.215 Thread 0x000001c89b370080 Thread added: 0x000001c89ba09180
Event: 0.215 Thread 0x000001c89b370080 Thread added: 0x000001c89ba09c50
Event: 0.315 Thread 0x000001c89b370080 Thread added: 0x000001c89bb98c00
Event: 0.315 Thread 0x000001c89b370080 Thread added: 0x000001c89bb992c0
Event: 0.476 Thread 0x000001c89ba09c50 Thread exited: 0x000001c89ba09c50
Event: 0.477 Thread 0x000001c89ba09180 Thread exited: 0x000001c89ba09180
Event: 0.488 Thread 0x000001c8f955d160 Thread added: 0x000001c8fffb9030
Event: 1.271 Thread 0x000001c8f955d160 Thread added: 0x000001c8e3468680
Event: 1.281 Thread 0x000001c8f955d160 Thread added: 0x000001c8e34693a0


Dynamic libraries:
0x00007ff6634b0000 - 0x00007ff6634be000 	C:\Users\Karan\.jdks\openjdk-22.0.2\bin\java.exe
0x00007fffe94d0000 - 0x00007fffe96e7000 	C:\Windows\SYSTEM32\ntdll.dll
0x00007fffe7520000 - 0x00007fffe75e4000 	C:\Windows\System32\KERNEL32.DLL
0x00007fffe6e40000 - 0x00007fffe71f7000 	C:\Windows\System32\KERNELBASE.dll
0x00007fffe6d20000 - 0x00007fffe6e31000 	C:\Windows\System32\ucrtbase.dll
0x00007fffded00000 - 0x00007fffded1b000 	C:\Users\Karan\.jdks\openjdk-22.0.2\bin\VCRUNTIME140.dll
0x00007fffdedb0000 - 0x00007fffdedc7000 	C:\Users\Karan\.jdks\openjdk-22.0.2\bin\jli.dll
0x00007fffe75f0000 - 0x00007fffe779f000 	C:\Windows\System32\USER32.dll
0x00007fffe6a80000 - 0x00007fffe6aa6000 	C:\Windows\System32\win32u.dll
0x00007fffca8f0000 - 0x00007fffcab83000 	C:\Windows\WinSxS\amd64_microsoft.windows.common-controls_6595b64144ccf1df_6.0.22621.3672_none_2713b9d173822955\COMCTL32.dll
0x00007fffe8a90000 - 0x00007fffe8ab9000 	C:\Windows\System32\GDI32.dll
0x00007fffe6b60000 - 0x00007fffe6c78000 	C:\Windows\System32\gdi32full.dll
0x00007fffe72f0000 - 0x00007fffe7397000 	C:\Windows\System32\msvcrt.dll
0x00007fffe6c80000 - 0x00007fffe6d1a000 	C:\Windows\System32\msvcp_win.dll
0x00007fffe8290000 - 0x00007fffe82c1000 	C:\Windows\System32\IMM32.DLL
0x00007fffdee10000 - 0x00007fffdee1c000 	C:\Users\Karan\.jdks\openjdk-22.0.2\bin\vcruntime140_1.dll
0x00007fffac520000 - 0x00007fffac5ae000 	C:\Users\Karan\.jdks\openjdk-22.0.2\bin\msvcp140.dll
0x00007fff91c40000 - 0x00007fff92989000 	C:\Users\Karan\.jdks\openjdk-22.0.2\bin\server\jvm.dll
0x00007fffe80b0000 - 0x00007fffe8162000 	C:\Windows\System32\ADVAPI32.dll
0x00007fffe81d0000 - 0x00007fffe8278000 	C:\Windows\System32\sechost.dll
0x00007fffe6ab0000 - 0x00007fffe6ad8000 	C:\Windows\System32\bcrypt.dll
0x00007fffe7f10000 - 0x00007fffe8024000 	C:\Windows\System32\RPCRT4.dll
0x00007fffe8030000 - 0x00007fffe80a1000 	C:\Windows\System32\WS2_32.dll
0x00007fffe5690000 - 0x00007fffe56dd000 	C:\Windows\SYSTEM32\POWRPROF.dll
0x00007fffcf9f0000 - 0x00007fffcf9fa000 	C:\Windows\SYSTEM32\VERSION.dll
0x00007fffdec50000 - 0x00007fffdec84000 	C:\Windows\SYSTEM32\WINMM.dll
0x00007fffe5670000 - 0x00007fffe5683000 	C:\Windows\SYSTEM32\UMPDC.dll
0x00007fffe5920000 - 0x00007fffe5938000 	C:\Windows\SYSTEM32\kernel.appcore.dll
0x00007fffdecd0000 - 0x00007fffdecda000 	C:\Users\Karan\.jdks\openjdk-22.0.2\bin\jimage.dll
0x00007fffe3bb0000 - 0x00007fffe3de2000 	C:\Windows\SYSTEM32\DBGHELP.DLL
0x00007fffe78d0000 - 0x00007fffe7c5e000 	C:\Windows\System32\combase.dll
0x00007fffe82d0000 - 0x00007fffe83a7000 	C:\Windows\System32\OLEAUT32.dll
0x00007fffbfa80000 - 0x00007fffbfab2000 	C:\Windows\SYSTEM32\dbgcore.DLL
0x00007fffe6ae0000 - 0x00007fffe6b5b000 	C:\Windows\System32\bcryptPrimitives.dll
0x00007fffdcda0000 - 0x00007fffdcdbe000 	C:\Users\Karan\.jdks\openjdk-22.0.2\bin\java.dll
0x00007fffe8bc0000 - 0x00007fffe9429000 	C:\Windows\System32\SHELL32.dll
0x00007fffe7c60000 - 0x00007fffe7e05000 	C:\Windows\System32\ole32.dll
0x00007fffe4710000 - 0x00007fffe500f000 	C:\Windows\SYSTEM32\windows.storage.dll
0x00007fffe45d0000 - 0x00007fffe470f000 	C:\Windows\SYSTEM32\wintypes.dll
0x00007fffe7e10000 - 0x00007fffe7f09000 	C:\Windows\System32\SHCORE.dll
0x00007fffe7200000 - 0x00007fffe725e000 	C:\Windows\System32\shlwapi.dll
0x00007fffe6710000 - 0x00007fffe6737000 	C:\Windows\SYSTEM32\profapi.dll
0x00007fff99410000 - 0x00007fff994e7000 	C:\Users\Karan\.jdks\openjdk-22.0.2\bin\jsvml.dll
0x00007fffd2520000 - 0x00007fffd2530000 	C:\Users\Karan\.jdks\openjdk-22.0.2\bin\net.dll
0x00007fffe5d90000 - 0x00007fffe5df9000 	C:\Windows\system32\mswsock.dll
0x00007fffd1e40000 - 0x00007fffd1e56000 	C:\Users\Karan\.jdks\openjdk-22.0.2\bin\nio.dll
0x00007fffd2530000 - 0x00007fffd2547000 	C:\Users\Karan\.jdks\openjdk-22.0.2\bin\zip.dll
0x000000006e700000 - 0x000000006e72d000 	C:\ProgramData\libGDX-temp\libgdxKaran\2a9d7f76\gdx64.dll
0x00007fff95c20000 - 0x00007fff95c9b000 	C:\ProgramData\libGDX-temp\lwjgl_Karan\3.3.3+5\x64\lwjgl.dll
0x00007fff875a0000 - 0x00007fff87810000 	C:\ProgramData\libGDX-temp\lwjgl_Karan\3.3.3+5\x64\jemalloc.dll
0x00007fff95870000 - 0x00007fff958f2000 	C:\ProgramData\libGDX-temp\lwjgl_Karan\3.3.3+5\x64\glfw.dll
0x00007fffa3d70000 - 0x00007fffa3db6000 	C:\Windows\SYSTEM32\dinput8.dll
0x00007fffd1e60000 - 0x00007fffd1e71000 	C:\Windows\SYSTEM32\xinput1_4.dll
0x00007fffe64d0000 - 0x00007fffe651e000 	C:\Windows\SYSTEM32\cfgmgr32.dll
0x00007fffe64a0000 - 0x00007fffe64cc000 	C:\Windows\SYSTEM32\DEVOBJ.dll
0x00007fffe0d60000 - 0x00007fffe0d8b000 	C:\Windows\SYSTEM32\dwmapi.dll
0x00007fffd1010000 - 0x00007fffd1223000 	C:\Windows\SYSTEM32\inputhost.dll
0x00007fffde8c0000 - 0x00007fffde9f3000 	C:\Windows\SYSTEM32\CoreMessaging.dll
0x00007fffe0ad0000 - 0x00007fffe0b81000 	C:\Windows\system32\uxtheme.dll
0x00007fffe6000000 - 0x00007fffe600c000 	C:\Windows\SYSTEM32\CRYPTBASE.DLL
0x00007fffe73b0000 - 0x00007fffe7510000 	C:\Windows\System32\MSCTF.dll
0x00007fff873d0000 - 0x00007fff87597000 	C:\ProgramData\libGDX-temp\lwjgl_Karan\3.3.3+5\x64\OpenAL.dll
0x00007fffe77a0000 - 0x00007fffe7850000 	C:\Windows\System32\clbcatq.dll
0x00007fffda820000 - 0x00007fffda8be000 	C:\Windows\System32\MMDevApi.dll
0x00007fffd2960000 - 0x00007fffd2b4d000 	C:\Windows\SYSTEM32\AUDIOSES.DLL
0x00007fffe4290000 - 0x00007fffe42a5000 	C:\Windows\SYSTEM32\resourcepolicyclient.dll
0x00007fff8cac0000 - 0x00007fff8cbc0000 	C:\Windows\SYSTEM32\opengl32.dll
0x00007fffbd6d0000 - 0x00007fffbd6fd000 	C:\Windows\SYSTEM32\GLU32.dll
0x00007fffe3e10000 - 0x00007fffe3e47000 	C:\Windows\SYSTEM32\dxcore.dll
0x00007fffdc470000 - 0x00007fffdc4b9000 	C:\Windows\SYSTEM32\directxdatabasehelper.dll
0x00007fffdac20000 - 0x00007fffdad64000 	C:\Windows\System32\AppXDeploymentClient.dll
0x00007fffc0170000 - 0x00007fffc0270000 	C:\Windows\System32\Windows.ApplicationModel.dll
0x00007fffdfdf0000 - 0x00007fffdfef1000 	C:\Windows\system32\propsys.dll
0x00007fff981c0000 - 0x00007fff981e6000 	C:\Windows\system32\mssprxy.dll
0x00007fff566f0000 - 0x00007fff577c7000 	C:\Windows\System32\DriverStore\FileRepository\iigd_dch.inf_amd64_c73cfa60d516cb00\igxelpicd64.dll
0x00007fffe0c50000 - 0x00007fffe0d47000 	C:\Windows\system32\dxgi.dll
0x00007fff8f050000 - 0x00007fff8f188000 	C:\Windows\System32\DriverStore\FileRepository\iigd_dch.inf_amd64_c73cfa60d516cb00\igdml64.dll
0x00007fffd7f80000 - 0x00007fffd8395000 	C:\Windows\System32\DriverStore\FileRepository\iigd_dch.inf_amd64_c73cfa60d516cb00\igdgmm64.dll
0x00007fffe6a10000 - 0x00007fffe6a7c000 	C:\Windows\System32\WINTRUST.dll
0x00007fffe67e0000 - 0x00007fffe6946000 	C:\Windows\System32\CRYPT32.dll
0x00007fffe6040000 - 0x00007fffe6052000 	C:\Windows\SYSTEM32\MSASN1.dll
0x00007fffd3960000 - 0x00007fffd7edf000 	C:\Windows\System32\DriverStore\FileRepository\iigd_dch.inf_amd64_c73cfa60d516cb00\igc64.dll
0x00007fffdff30000 - 0x00007fffdffed000 	C:\Windows\SYSTEM32\mscms.dll
0x00007fffbdad0000 - 0x00007fffbdb1a000 	C:\Windows\SYSTEM32\icm32.dll
0x00007fff96250000 - 0x00007fff962ae000 	C:\ProgramData\libGDX-temp\lwjgl_Karan\3.3.3+5\x64\lwjgl_opengl.dll
0x00007fffd2170000 - 0x00007fffd22b3000 	C:\Windows\SYSTEM32\textinputframework.dll
0x00007fffdbc80000 - 0x00007fffdbfed000 	C:\Windows\SYSTEM32\CoreUIComponents.dll

dbghelp: loaded successfully - version: 4.0.5 - missing functions: none
symbol engine: initialized successfully - sym options: 0x614 - pdb path: .;C:\Users\Karan\.jdks\openjdk-22.0.2\bin;C:\Windows\SYSTEM32;C:\Windows\WinSxS\amd64_microsoft.windows.common-controls_6595b64144ccf1df_6.0.22621.3672_none_2713b9d173822955;C:\Users\Karan\.jdks\openjdk-22.0.2\bin\server;C:\ProgramData\libGDX-temp\libgdxKaran\2a9d7f76;C:\ProgramData\libGDX-temp\lwjgl_Karan\3.3.3+5\x64;C:\Windows\System32\DriverStore\FileRepository\iigd_dch.inf_amd64_c73cfa60d516cb00

VM Arguments:
jvm_args: -Dfile.encoding=UTF-8 -Duser.country=IN -Duser.language=en -Duser.variant 
java_command: com.Angry_Bird.lwjgl3.Lwjgl3Launcher
java_class_path (initial): C:\Users\Karan\Desktop\Project_Main\lwjgl3\build\classes\java\main;C:\Users\Karan\Desktop\Project_Main\lwjgl3\build\resources\main;C:\Users\Karan\.gradle\caches\modules-2\files-2.1\com.badlogicgames.gdx-controllers\gdx-controllers-desktop\2.2.3\f496535b094461487a71b3f23a17cd7d524de0f5\gdx-controllers-desktop-2.2.3.jar;C:\Users\Karan\.gradle\caches\modules-2\files-2.1\com.badlogicgames.gdx\gdx-backend-lwjgl3\1.12.1\12a144cacb34f0392cd8354f798d99e4836a51a8\gdx-backend-lwjgl3-1.12.1.jar;C:\Users\Karan\.gradle\caches\modules-2\files-2.1\com.badlogicgames.gdx\gdx-box2d-platform\1.12.1\4e82228fcdd2e8a7673fe7952588acfdb33d7820\gdx-box2d-platform-1.12.1-natives-desktop.jar;C:\Users\Karan\.gradle\caches\modules-2\files-2.1\com.badlogicgames.gdx\gdx-freetype-platform\1.12.1\a32f9ecca13ae01370d9649e48a30201080d4c18\gdx-freetype-platform-1.12.1-natives-desktop.jar;C:\Users\Karan\.gradle\caches\modules-2\files-2.1\com.badlogicgames.gdx\gdx-platform\1.12.1\5737be5ce3a4e8f9f77c2d9ab95ab479f9c3705f\gdx-platform-1.12.1-natives-desktop.jar;C:\Users\Karan\.gradle\caches\modules-2\files-2.1\de.golfgl.gdxcontrollerutils\gdx-controllers-jamepad\2.2.1\25586518681377bc36ee904b50f4b7badf996ad1\gdx-controllers-jamepad-2.2.1.jar;C:\Users\Karan\Desktop\Project_Main\core\build\libs\core-$projectVersion.jar;C:\Users\Karan\.gradle\caches\modules-2\files-2.1\com.badlogicgames.gdx\gdx-tools\1.12.1\c0670e43a98e4602e2cda9188ce7b41b4605a215\gdx-tools-1.12.1.jar;C:\Users\Karan\.gradle\caches\modules-2\files-2.1\de.golfgl.gdxcontrollerutils\gdx-controllerutils-mapping\2.3.0\4f0651c569245a0fcc2eb3a51f3d64cba33ab943\gdx-controllerutils-mapping-2.3.0.jar;C:\Users\Karan\.gradle\caches\modules-2\files-2.1\com.badlogicgames.gdx-controllers\gdx-controllers-core\2.2.3\82b77d6cb6394420cdd480fc2ab373f7ba5e0e45\gdx-controllers-core-2.2.3.jar;C:\Users\Karan\.gradle\caches\modules-2\files-2.1\com.badlogicgames.jamepad\jamepad\2.0.20.0\55eb0007fd55c9914d106dac3387b9d444572cab\jamepad-2.0.20.0.jar;C:\Users\Karan\.gradle\caches\modules-2\files-2.1\de.golfgl.gdxcontrollerutils\gdx-controllers-advanced\2.2.1\9fa95bb262dd9d1d6606df9966b0b087f305a989\gdx-controllers-advanced-2.2.1.jar;C:\Users\Karan\.gradle\caches\modules-2\files-2.1\com.badlogicgames.gdx\gdx-controllers\1.9.5\5a067651ea4cb1402faff77c4f73e8bfc6bc92b5\gdx-controllers-1.9.5.jar;C:\Users\Karan\.gradle\caches\modules-2\files-2.1\com.badlogicgames.gdx\gdx-box2d\1.12.1\6c37ed04f97d062f1bdc4afe1f583182e539a269\gdx-box2d-1.12.1.jar;C:\Users\Karan\.gradle\caches\modules-2\files-2.1\com.badlogicgames.gdx\gdx-freetype\1.12.1\d5826997b0cfa595a72889610fadb18405056c1c\gdx-freetype-1.12.1.jar;C:\Users\Karan\.gradle\caches\modules-2\files-2.1\de.golfgl.gdxcontrollerutils\gdx-controllerutils-scene2d\2.3.0\f9a865856302ec274e78f2963cf7936bcd09e4a8\gdx-controllerutils-scene2d-2.3.0.jar;C:\Users\Karan\.gradle\caches\modules-2\files-2.1\com.badlogicgames.gdx\gdx-backend-headless\1.12.1\22b5d8ed8ad1358c63ed4ce223634d166003c70e\gdx-backend-headless-1.12.1.jar;C:\Users\Karan\.gradle\caches\modules-2\files-2.1\com.badlogicgames.gdx\gdx\1.12.1\a2d066c09329c457045c284c42d6f37122840aa\gdx-1.12.1.jar;C:\Users\Karan\.gradle\caches\modules-2\files-2.1\org.lwjgl\lwjgl-glfw\3.3.3\efa1eb78c5ccd840e9f329717109b5e892d72f8e\lwjgl-glfw-3.3.3.jar;C:\Users\Karan\.gradle\caches\modules-2\files-2.1\org.lwjgl\lwjgl-glfw\3.3.3\a03684c5e4b1b1dbbe0d29dbbdc27b985b6840f2\lwjgl-glfw-3.3.3-natives-linux.jar;C:\Users\Karan\.gradle\caches\modules-2\files-2.1\org.lwjgl\lwjgl-glfw\3.3.3\d9af485c32545b37dd5359b163161d42d7534dcf\lwjgl-glfw-3.3.3-natives-linux-arm32.jar;C:\Users\Karan\.gradle\caches\modules-2\files-2.1\org.lwjgl\lwjgl-glfw\3.3.3\492a0f11f85b85899a6568f07511160c1b87cd38\lwjgl-glfw-3.3.3-natives-linux-arm64.jar;C:\Users\Karan\.gradle\caches\modules-2\files-2.1\org.lwjgl\lwjgl-glfw\3.3.3\a1bf400f6bc64e6195596cb1430dafda46090751\lwjgl-glfw-3.3.3-natives-macos.jar;C:\Users\Karan\.gradle\caches\modules-2\files-2.1\org.lwjgl\lwjgl-glfw\3.3.3\ee8cc78d0a4a5b3b4600fade6d927c9fc320c858\lwjgl-glfw-3.3.3-natives-macos-arm64.jar;C:\Users\Karan\.gradle\caches\modules-2\files-2.1\org.lwjgl\lwjgl-glfw\3.3.3\e449e28b4891fc423c54c85fbc5bb0b9efece67a\lwjgl-glfw-3.3.3-natives-windows.jar;C:\Users\Karan\.gradle\caches\modules-2\files-2.1\org.lwjgl\lwjgl-glfw\3.3.3\32334f3fd5270a59bad9939a93115acb6de36dcf\lwjgl-glfw-3.3.3-natives-windows-x86.jar;C:\Users\Karan\.gradle\caches\modules-2\files-2.1\org.lwjgl\lwjgl-jemalloc\3.3.3\b543467b7ff3c6920539a88ee602d34098628be5\lwjgl-jemalloc-3.3.3.jar;C:\Users\Karan\.gradle\caches\modules-2\files-2.1\org.lwjgl\lwjgl-jemalloc\3.3.3\4f86728bf449b1dd61251c4e0ac01df1389cb51e\lwjgl-jemalloc-3.3.3-natives-linux.jar;C:\Users\Karan\.gradle\caches\modules-2\files-2.1\org.lwjgl\lwjgl-jemalloc\3.3.3\109b6931880d02d4e65ced38928a16e41d19873e\lwjgl-jemalloc-3.3.3-natives-linux-arm32.jar;C:\Users\Karan\.gradle\caches\modules-2\files-2.1\org.lwjgl\lwjgl-jemalloc\3.3.3\eff8b86798191192fe2cba2dc2776109f30c239d\lwjgl-jemalloc-3.3.3-natives-linux-arm64.jar;C:\Users\Karan\.gradle\caches\modules-2\files-2.1\org.lwjgl\lwjgl-jemalloc\3.3.3\2906637657a57579847238c9c72d2c4bde7083f8\lwjgl-jemalloc-3.3.3-natives-macos.jar;C:\Users\Karan\.gradle\caches\modules-2\files-2.1\org.lwjgl\lwjgl-jemalloc\3.3.3\e9412c3ff8cb3a3bad1d3f52909ad74d8a5bdad1\lwjgl-jemalloc-3.3.3-natives-macos-arm64.jar;C:\Users\Karan\.gradle\caches\modules-2\files-2.1\org.lwjgl\lwjgl-jemalloc\3.3.3\426222fc027602a5f21b9c0fe79cde6a4c7a011f\lwjgl-jemalloc-3.3.3-natives-windows.jar;C:\Users\Karan\.gradle\caches\modules-2\files-2.1\org.lwjgl\lwjgl-jemalloc\3.3.3\f6063b6e0f23be483c5c88d84ce51b39dc69126c\lwjgl-jemalloc-3.3.3-natives-windows-x86.jar;C:\Users\Karan\.gradle\caches\modules-2\files-2.1\org.lwjgl\lwjgl-openal\3.3.3\daada81ceb5fc0c291fbfdd4433cb8d9423577f2\lwjgl-openal-3.3.3.jar;C:\Users\Karan\.gradle\caches\modules-2\files-2.1\org.lwjgl\lwjgl-openal\3.3.3\3037360cc4595079bea240af250b6d1a527e0905\lwjgl-openal-3.3.3-natives-linux.jar;C:\Users\Karan\.gradle\caches\modules-2\files-2.1\org.lwjgl\lwjgl-openal\3.3.3\e1702aa09d20359d6cf5cb2999fa7685a785eca7\lwjgl-openal-3.3.3-natives-linux-arm32.jar;C:\Users\Karan\.gradle\caches\modules-2\files-2.1\org.lwjgl\lwjgl-openal\3.3.3\ad8f302118a65bb8d615f8a2a680db58fb8f835e\lwjgl-openal-3.3.3-natives-linux-arm64.jar;C:\Users\Karan\.gradle\caches\modules-2\files-2.1\org.lwjgl\lwjgl-openal\3.3.3\8df8338bfa77f2ebabef4e58964bd04d24805cbf\lwjgl-openal-3.3.3-natives-macos.jar;C:\Users\Karan\.gradle\caches\modules-2\files-2.1\org.lwjgl\lwjgl-openal\3.3.3\c78b078de2fb52f45aa55d04db889a560f3544f\lwjgl-openal-3.3.3-natives-macos-arm64.jar;C:\Users\Karan\.gradle\caches\modules-2\files-2.1\org.lwjgl\lwjgl-openal\3.3.3\cf83862ae95d98496b26915024c7e666d8ab1c8f\lwjgl-openal-3.3.3-natives-windows.jar;C:\Users\Karan\.gradle\caches\modules-2\files-2.1\org.lwjgl\lwjgl-openal\3.3.3\87b8d5050e3adb46bb58fe1cb2669a4a48fce10d\lwjgl-openal-3.3.3-natives-windows-x86.jar;C:\Users\Karan\.gradle\caches\modules-2\files-2.1\org.lwjgl\lwjgl-opengl\3.3.3\2f6b0147078396a58979125a4c947664e98293a\lwjgl-opengl-3.3.3.jar;C:\Users\Karan\.gradle\caches\modules-2\files-2.1\org.lwjgl\lwjgl-opengl\3.3.3\62c70a4b00ca5391882b0f4b787c1588d24f1c86\lwjgl-opengl-3.3.3-natives-linux.jar;C:\Users\Karan\.gradle\caches\modules-2\files-2.1\org.lwjgl\lwjgl-opengl\3.3.3\dbba17fc5ac0985d14a57c11f9537617d67b9952\lwjgl-opengl-3.3.3-natives-linux-arm32.jar;C:\Users\Karan\.gradle\caches\modules-2\files-2.1\org.lwjgl\lwjgl-opengl\3.3.3\2096f6b94b2d68745d858fbfe53aacf5f0c8074c\lwjgl-opengl-3.3.3-natives-linux-arm64.jar;C:\Users\Karan\.gradle\caches\modules-2\files-2.1\org.lwjgl\lwjgl-opengl\3.3.3\1bd45997551ae8a28469f3a2b678f4b7289e12c0\lwjgl-opengl-3.3.3-natives-macos.jar;C:\Users\Karan\.gradle\caches\modules-2\files-2.1\org.lwjgl\lwjgl-opengl\3.3.3\d213ddef27637b1af87961ffa94d6b27036becc8\lwjgl-opengl-3.3.3-natives-macos-arm64.jar;C:\Users\Karan\.gradle\caches\modules-2\files-2.1\org.lwjgl\lwjgl-opengl\3.3.3\e6c1eec8be8a71951b830a4d69efc01c6531900c\lwjgl-opengl-3.3.3-natives-windows.jar;C:\Users\Karan\.gradle\caches\modules-2\files-2.1\org.lwjgl\lwjgl-opengl\3.3.3\d32d833dcaa2f355a886eaf21f0408b5f03241d\lwjgl-opengl-3.3.3-natives-windows-x86.jar;C:\Users\Karan\.gradle\caches\modules-2\files-2.1\org.lwjgl\lwjgl-stb\3.3.3\25dd6161988d7e65f71d5065c99902402ee32746\lwjgl-stb-3.3.3.jar;C:\Users\Karan\.gradle\caches\modules-2\files-2.1\org.lwjgl\lwjgl-stb\3.3.3\fd1271ccd9d85eff2fa31f3fd543e02ccfaf5041\lwjgl-stb-3.3.3-natives-linux.jar;C:\Users\Karan\.gradle\caches\modules-2\files-2.1\org.lwjgl\lwjgl-stb\3.3.3\1ae28ff044699ff29b0e980ffabd73fba8a664b3\lwjgl-stb-3.3.3-natives-linux-arm32.jar;C:\Users\Karan\.gradle\caches\modules-2\files-2.1\org.lwjgl\lwjgl-stb\3.3.3\ddc177afc2be1ee8d93684b11363b80589a13fe1\lwjgl-stb-3.3.3-natives-linux-arm64.jar;C:\Users\Karan\.gradle\caches\modules-2\files-2.1\org.lwjgl\lwjgl-stb\3.3.3\472792c98fb2c1557c060cb9da5fca6a9773621f\lwjgl-stb-3.3.3-natives-macos.jar;C:\Users\Karan\.gradle\caches\modules-2\files-2.1\org.lwjgl\lwjgl-stb\3.3.3\51c6955571fbcdb7bb538c6aa589b953b584c6af\lwjgl-stb-3.3.3-natives-macos-arm64.jar;C:\Users\Karan\.gradle\caches\modules-2\files-2.1\org.lwjgl\lwjgl-stb\3.3.3\1d9facdf6541de114b0f963be33505b7679c78cb\lwjgl-stb-3.3.3-natives-windows.jar;C:\Users\Karan\.gradle\caches\modules-2\files-2.1\org.lwjgl\lwjgl-stb\3.3.3\b5c874687b9aac1a936501d4ed2c49567fd1b575\lwjgl-stb-3.3.3-natives-windows-x86.jar;C:\Users\Karan\.gradle\caches\modules-2\files-2.1\org.lwjgl\lwjgl\3.3.3\29589b5f87ed335a6c7e7ee6a5775f81f97ecb84\lwjgl-3.3.3.jar;C:\Users\Karan\.gradle\caches\modules-2\files-2.1\org.lwjgl\lwjgl\3.3.3\1713758e3660ba66e1e954396fd18126038b33c0\lwjgl-3.3.3-natives-linux.jar;C:\Users\Karan\.gradle\caches\modules-2\files-2.1\org.lwjgl\lwjgl\3.3.3\2075c51a80f0ef0f22ba616ba54007ac2b0debd4\lwjgl-3.3.3-natives-linux-arm32.jar;C:\Users\Karan\.gradle\caches\modules-2\files-2.1\org.lwjgl\lwjgl\3.3.3\f35d8b6ffe1ac1e3a5eb1d4e33de80f044ad5fd8\lwjgl-3.3.3-natives-linux-arm64.jar;C:\Users\Karan\.gradle\caches\modules-2\files-2.1\org.lwjgl\lwjgl\3.3.3\33a6efa288390490ce6eb6c3df47ac21ecf648cf\lwjgl-3.3.3-natives-macos.jar;C:\Users\Karan\.gradle\caches\modules-2\files-2.1\org.lwjgl\lwjgl\3.3.3\226246e75f6bd8d4e1895bdce8638ef87808d114\lwjgl-3.3.3-natives-macos-arm64.jar;C:\Users\Karan\.gradle\caches\modules-2\files-2.1\org.lwjgl\lwjgl\3.3.3\a5ed18a2b82fc91b81f40d717cb1f64c9dcb0540\lwjgl-3.3.3-natives-windows.jar;C:\Users\Karan\.gradle\caches\modules-2\files-2.1\org.lwjgl\lwjgl\3.3.3\9e670718e050aeaeea0c2d5b907cffb142f2e58f\lwjgl-3.3.3-natives-windows-x86.jar;C:\Users\Karan\.gradle\caches\modules-2\files-2.1\com.badlogicgames.jlayer\jlayer\1.0.1-gdx\7cca83cec5c1b2f011362f4d85aabd71a73b049d\jlayer-1.0.1-gdx.jar;C:\Users\Karan\.gradle\caches\modules-2\files-2.1\org.jcraft\jorbis\0.0.17\8872d22b293e8f5d7d56ff92be966e6dc28ebdc6\jorbis-0.0.17.jar;C:\Users\Karan\.gradle\caches\modules-2\files-2.1\com.github.MrStahlfelge\Jamepad\2.0.12.1\46d5f9a87d60dc07d51feda5fedee3b2f1616978\Jamepad-2.0.12.1.jar;C:\Users\Karan\.gradle\caches\modules-2\files-2.1\com.badlogicgames.gdx\gdx-jnigen-loader\2.3.1\2d472f69243631fbcb3d4c3f93dd2e137a6cb084\gdx-jnigen-loader-2.3.1.jar
Launcher Type: SUN_STANDARD

[Global flags]
     intx CICompilerCount                          = 12                                        {product} {ergonomic}
     uint ConcGCThreads                            = 3                                         {product} {ergonomic}
     uint G1ConcRefinementThreads                  = 13                                        {product} {ergonomic}
   size_t G1HeapRegionSize                         = 2097152                                   {product} {ergonomic}
   size_t InitialHeapSize                          = 264241152                                 {product} {ergonomic}
   size_t MarkStackSize                            = 4194304                                   {product} {ergonomic}
   size_t MaxHeapSize                              = 4213178368                                {product} {ergonomic}
   size_t MaxNewSize                               = 2527068160                                {product} {ergonomic}
   size_t MinHeapDeltaBytes                        = 2097152                                   {product} {ergonomic}
   size_t MinHeapSize                              = 8388608                                   {product} {ergonomic}
    uintx NonNMethodCodeHeapSize                   = 7602480                                {pd product} {ergonomic}
    uintx NonProfiledCodeHeapSize                  = 122027880                              {pd product} {ergonomic}
    uintx ProfiledCodeHeapSize                     = 122027880                              {pd product} {ergonomic}
    uintx ReservedCodeCacheSize                    = 251658240                              {pd product} {ergonomic}
     bool SegmentedCodeCache                       = true                                      {product} {ergonomic}
   size_t SoftMaxHeapSize                          = 4213178368                             {manageable} {ergonomic}
     bool UseCompressedOops                        = true                           {product lp64_product} {ergonomic}
     bool UseG1GC                                  = true                                      {product} {ergonomic}
     bool UseLargePagesIndividualAllocation        = false                                  {pd product} {ergonomic}

Logging:
Log output configuration:
 #0: stdout all=warning uptime,level,tags foldmultilines=false
 #1: stderr all=off uptime,level,tags foldmultilines=false

Environment Variables:
PATH=C:\Windows\system32;C:\Windows;C:\Windows\System32\Wbem;C:\Windows\System32\WindowsPowerShell\v1.0\;C:\Windows\System32\OpenSSH\;C:\MinGW\bin;C:\Program Files (x86)\Common Files\DivX11 Shared\DesktopService;C:\Program Files\dotnet\;C:\Users\Karan\AppData\Local\Microsoft\WindowsApps;C:\Users\Karan\AppData\Local\Programs\Microsoft VS Code\bin;C:\MinGW\bin;
USERNAME=Karan
OS=Windows_NT
PROCESSOR_IDENTIFIER=Intel64 Family 6 Model 186 Stepping 2, GenuineIntel
TMP=C:\Users\Karan\AppData\Local\Temp
TEMP=C:\Users\Karan\AppData\Local\Temp




Periodic native trim disabled

---------------  S Y S T E M  ---------------

OS:
 Windows 11 , 64 bit Build 22621 (10.0.22621.3958)
OS uptime: 1 days 22:38 hours
Hyper-V role detected

CPU: total 16 (initial active 16) (8 cores per cpu, 2 threads per core) family 6 model 186 stepping 2 microcode 0x410e, cx8, cmov, fxsr, ht, mmx, 3dnowpref, sse, sse2, sse3, ssse3, sse4.1, sse4.2, popcnt, lzcnt, tsc, tscinvbit, avx, avx2, aes, erms, clmul, bmi1, bmi2, adx, sha, fma, vzeroupper, clflush, clflushopt, clwb, hv, serialize, rdtscp, rdpid, fsrm, f16c, cet_ibt, cet_ss
Processor Information for processor 0
  Max Mhz: 2600, Current Mhz: 2600, Mhz Limit: 2600
Processor Information for processor 1
  Max Mhz: 2600, Current Mhz: 2600, Mhz Limit: 2600
Processor Information for processor 2
  Max Mhz: 2600, Current Mhz: 2600, Mhz Limit: 2600
Processor Information for processor 3
  Max Mhz: 2600, Current Mhz: 2600, Mhz Limit: 2600
Processor Information for processor 4
  Max Mhz: 2600, Current Mhz: 2600, Mhz Limit: 2600
Processor Information for processor 5
  Max Mhz: 2600, Current Mhz: 2600, Mhz Limit: 2600
Processor Information for processor 6
  Max Mhz: 2600, Current Mhz: 2600, Mhz Limit: 2600
Processor Information for processor 7
  Max Mhz: 2600, Current Mhz: 2600, Mhz Limit: 2600
Processor Information for processor 8
  Max Mhz: 2600, Current Mhz: 1900, Mhz Limit: 1898
Processor Information for processor 9
  Max Mhz: 2600, Current Mhz: 1500, Mhz Limit: 1898
Processor Information for processor 10
  Max Mhz: 2600, Current Mhz: 1500, Mhz Limit: 1898
Processor Information for processor 11
  Max Mhz: 2600, Current Mhz: 1500, Mhz Limit: 1898
Processor Information for processor 12
  Max Mhz: 2600, Current Mhz: 1500, Mhz Limit: 1898
Processor Information for processor 13
  Max Mhz: 2600, Current Mhz: 1500, Mhz Limit: 1898
Processor Information for processor 14
  Max Mhz: 2600, Current Mhz: 1500, Mhz Limit: 1898
Processor Information for processor 15
  Max Mhz: 2600, Current Mhz: 1500, Mhz Limit: 1898

Memory: 4k page, system-wide physical 16071M (2275M free)
TotalPageFile size 23296M (AvailPageFile size 3430M)
current process WorkingSet (physical memory assigned to process): 313M, peak: 326M
current process commit charge ("private bytes"): 558M, peak: 572M

vm_info: OpenJDK 64-Bit Server VM (22.0.2+9-70) for windows-amd64 JRE (22.0.2+9-70), built on 2024-06-04T16:52:23Z by "mach5one" with MS VC++ 17.6 (VS2022)

END.
