#
# A fatal error has been detected by the Java Runtime Environment:
#
#  EXCEPTION_ACCESS_VIOLATION (0xc0000005) at pc=0x00007fff571c20f7, pid=34040, tid=28432
#
# JRE version: OpenJDK Runtime Environment (22.0.2+9) (build 22.0.2+9-70)
# Java VM: OpenJDK 64-Bit Server VM (22.0.2+9-70, mixed mode, sharing, tiered, compressed oops, compressed class ptrs, g1 gc, windows-amd64)
# Problematic frame:
# C  [igxelpicd64.dll+0xad20f7]
#
# No core dump will be written. Minidumps are not enabled by default on client versions of Windows
#
# If you would like to submit a bug report, please visit:
#   https://bugreport.java.com/bugreport/crash.jsp
# The crash happened outside the Java Virtual Machine in native code.
# See problematic frame for where to report the bug.
#

---------------  S U M M A R Y ------------

Command Line: -Dfile.encoding=UTF-8 -Duser.country=IN -Duser.language=en -Duser.variant com.Angry_Bird.lwjgl2.Lwjgl2Launcher

Host: 13th Gen Intel(R) Core(TM) i5-13500H, 16 cores, 15G,  Windows 11 , 64 bit Build 22621 (10.0.22621.3958)
Time: Fri Oct 18 13:48:28 2024 India Standard Time elapsed time: 2.341260 seconds (0d 0h 0m 2s)

---------------  T H R E A D  ---------------

Current thread (0x0000026fa7170eb0):  JavaThread "LWJGL Application"        [_thread_in_native, id=28432, stack(0x0000009c98200000,0x0000009c98300000) (1024K)]

Stack: [0x0000009c98200000,0x0000009c98300000],  sp=0x0000009c982feb50,  free space=1018k
Native frames: (J=compiled Java code, j=interpreted, Vv=VM code, C=native code)
C  [igxelpicd64.dll+0xad20f7]  (no source info available)
C  [igxelpicd64.dll+0x1bb9c2]  (no source info available)
C  [igxelpicd64.dll+0xa98dcc]  (no source info available)
C  [igxelpicd64.dll+0x2caa0e]  (no source info available)
C  [OPENGL32.dll+0x275d4]  (no source info available)
C  0x0000026f5177cfc7  (no source info available)

The last pc belongs to native method entry point (kind = native) (printed below).
Java frames: (J=compiled Java code, j=interpreted, Vv=VM code)
j  org.lwjgl.opengl.GL11.nglDrawElements(IIIJJ)V+0
j  org.lwjgl.opengl.GL11.glDrawElements(ILjava/nio/ShortBuffer;)V+34
j  com.badlogic.gdx.backends.lwjgl.LwjglGL20.glDrawElements(IIILjava/nio/Buffer;)V+49
j  com.badlogic.gdx.graphics.Mesh.render(Lcom/badlogic/gdx/graphics/glutils/ShaderProgram;IIIZ)V+79
j  com.badlogic.gdx.graphics.Mesh.render(Lcom/badlogic/gdx/graphics/glutils/ShaderProgram;III)V+10
j  com.badlogic.gdx.graphics.g2d.SpriteBatch.flush()V+187
j  com.badlogic.gdx.graphics.g2d.SpriteBatch.switchTexture(Lcom/badlogic/gdx/graphics/Texture;)V+1
j  com.badlogic.gdx.graphics.g2d.SpriteBatch.draw(Lcom/badlogic/gdx/graphics/Texture;FFFF)V+33
j  com.Angry_Bird.Screen.load_Screen.progressBar()V+112
j  com.Angry_Bird.Screen.load_Screen.render(F)V+64
j  com.badlogic.gdx.Game.render()V+19
j  com.Angry_Bird.launch.render()V+1
j  com.badlogic.gdx.backends.lwjgl.LwjglApplication.mainLoop()V+776
j  com.badlogic.gdx.backends.lwjgl.LwjglApplication$1.run()V+27
v  ~StubRoutines::call_stub 0x0000026f5177100d

siginfo: EXCEPTION_ACCESS_VIOLATION (0xc0000005), reading address 0x0000026fa911faf0


Registers:
RAX=0x0000026fa911faf0, RBX=0x000000000000ffff, RCX=0x0000026fac33003c, RDX=0x0000026fa911faf0
RSP=0x0000009c982feb50, RBP=0x0000009c982febd8, RSI=0x0000009c982fec30, RDI=0x0000026fac33003c
R8 =0x000000000000000c, R9 =0x0000009c982fec30, R10=0x0000000000000006, R11=0x0000000000000000
R12=0x0000000000060000, R13=0x0000000000000000, R14=0x0000000000000000, R15=0x000000000000000c
RIP=0x00007fff571c20f7, EFLAGS=0x0000000000010206


Register to memory mapping:

RAX=0x0000026fa911faf0 is an unknown value
RBX=0x000000000000ffff is an unknown value
RCX=0x0000026fac33003c points into unknown readable memory: 00 00 00 00
RDX=0x0000026fa911faf0 is an unknown value
RSP=0x0000009c982feb50 is pointing into the stack for thread: 0x0000026fa7170eb0
RBP=0x0000009c982febd8 is pointing into the stack for thread: 0x0000026fa7170eb0
RSI=0x0000009c982fec30 is pointing into the stack for thread: 0x0000026fa7170eb0
RDI=0x0000026fac33003c points into unknown readable memory: 00 00 00 00
R8 =0x000000000000000c is an unknown value
R9 =0x0000009c982fec30 is pointing into the stack for thread: 0x0000026fa7170eb0
R10=0x0000000000000006 is an unknown value
R11=0x0 is null
R12=0x0000000000060000 is an unknown value
R13=0x0 is null
R14=0x0 is null
R15=0x000000000000000c is an unknown value

Top of Stack: (sp=0x0000009c982feb50)
0x0000009c982feb50:   0000026faa0ac2e0 0000026fa78b5480
0x0000009c982feb60:   0000026fa78e05c0 00007fff568ab9c2
0x0000009c982feb70:   0000000000000006 0000026fa78e05c0
0x0000009c982feb80:   ffffffff01fffbff 0000000000000006
0x0000009c982feb90:   0000009c982fec38 00000000ffffffff
0x0000009c982feba0:   0000f53ac8f5398d fffffffffffffff7
0x0000009c982febb0:   0000000000000002 0000000000000502
0x0000009c982febc0:   0000026fa911faf0 000000000000ffff
0x0000009c982febd0:   001605c24bfd0004 0000026fa78ce2cc
0x0000009c982febe0:   0000026fa78e05c0 0000026fa911faf0
0x0000009c982febf0:   0000000000000006 000000000000000c
0x0000009c982fec00:   0000000000000002 0000026fa78b5480
0x0000009c982fec10:   0000026fa78e05c0 00007fff57188dcc
0x0000009c982fec20:   0000026fa910c26c 00000000a78b5480
0x0000009c982fec30:   0000000000000014 0000000000000000
0x0000009c982fec40:   0000000000001406 0000000000000002
0x0000009c982fec50:   0000000000000001 fffffffffffffff7
0x0000009c982fec60:   0000000000000002 0000000000000009
0x0000009c982fec70:   0000000000001403 0000000000000002
0x0000009c982fec80:   0000026fa911faf0 000000000000ffff
0x0000009c982fec90:   0000026fa78b5480 00007fff569baa0e
0x0000009c982feca0:   0000000000000006 0000026f00000004
0x0000009c982fecb0:   0000000000000004 0000000000000001
0x0000009c982fecc0:   0000000700000002 0000000700000001
0x0000009c982fecd0:   000000000000ffff 0000000000000000
0x0000009c982fece0:   0000000700000006 ffffffffffffff00
0x0000009c982fecf0:   0000026fa911faf0 0000000000000000
0x0000009c982fed00:   0000009c982fee68 0000026fa3541598
0x0000009c982fed10:   0000000000000010 0000000000000d44
0x0000009c982fed20:   0000009c982fee18 00007fff8cae75d4
0x0000009c982fed30:   0000000000000000 0000026fa7170eb0
0x0000009c982fed40:   0000026fa3541598 fffffffffffffff7 

Instructions: (pc=0x00007fff571c20f7)
0x00007fff571c1ff7:   f3 0f 6f 02 48 83 c2 10 f3 0f 7f 07 48 83 c7 10
0x00007fff571c2007:   66 0f f9 c3 66 0f ea c8 66 0f ee d0 48 83 e9 01
0x00007fff571c2017:   75 de 66 0f fd cb 66 0f fd d3 66 0f c5 c9 00 66
0x00007fff571c2027:   0f c5 c1 01 66 44 0f c5 c1 07 66 3b d9 66 0f 46
0x00007fff571c2037:   cb 66 3b c8 66 0f 46 c1 66 0f c5 c9 02 66 3b c1
0x00007fff571c2047:   66 0f 46 c8 66 0f c5 c1 03 66 3b c8 66 0f 46 c1
0x00007fff571c2057:   66 0f c5 c9 04 66 3b c1 66 0f 46 c8 66 0f c5 c1
0x00007fff571c2067:   05 66 3b c8 66 0f 46 c1 66 0f c5 c9 06 66 3b c1
0x00007fff571c2077:   66 0f 46 c8 66 41 3b c8 66 0f c5 c2 00 66 44 0f
0x00007fff571c2087:   46 c1 66 0f c5 ca 02 41 0f b7 d8 66 44 3b d8 66
0x00007fff571c2097:   44 0f 42 d8 66 0f c5 c2 01 66 44 3b d8 66 41 0f
0x00007fff571c20a7:   43 c3 66 3b c1 66 44 0f c5 da 06 66 0f 43 c8 66
0x00007fff571c20b7:   0f c5 c2 03 66 3b c8 66 0f 43 c1 66 0f c5 ca 04
0x00007fff571c20c7:   66 3b c1 66 0f 43 c8 66 0f c5 c2 05 66 3b c8 66
0x00007fff571c20d7:   0f 43 c1 66 41 3b c3 66 44 0f 43 d8 66 0f c5 c2
0x00007fff571c20e7:   07 66 44 3b d8 73 04 44 0f b7 d8 4d 85 d2 74 2e
0x00007fff571c20f7:   0f b7 02 48 8d 52 02 66 3b d8 66 89 07 0f b7 c8
0x00007fff571c2107:   48 8d 7f 02 66 0f 46 cb 66 44 3b d8 0f b7 d9 66
0x00007fff571c2117:   41 0f 43 c3 44 0f b7 d8 49 83 ea 01 75 d2 48 8b
0x00007fff571c2127:   44 24 40 66 89 1e 48 8b 5c 24 38 66 44 89 18 41
0x00007fff571c2137:   5e 5f 5e c3 cc 48 89 5c 24 20 56 57 41 56 45 33
0x00007fff571c2147:   f6 45 8b d0 49 d1 ea 4c 8b d9 41 0f bf f1 bb ff
0x00007fff571c2157:   ff 00 00 41 0f b7 fe f6 c2 01 0f 85 34 02 00 00
0x00007fff571c2167:   83 7c 24 50 06 0f 8c 29 02 00 00 0f 18 42 20 0f
0x00007fff571c2177:   18 42 40 49 83 fa 08 0f 82 17 02 00 00 8d 4a 0f
0x00007fff571c2187:   83 e1 f0 2b ca 48 d1 e9 74 47 48 85 c9 74 35 4c
0x00007fff571c2197:   8b c9 0f b7 02 48 83 c2 02 66 41 89 03 49 83 c3
0x00007fff571c21a7:   02 66 3b c6 74 18 66 3b d8 44 0f b7 c0 66 44 0f
0x00007fff571c21b7:   46 c3 41 0f b7 d8 66 3b f8 73 03 0f b7 f8 49 83
0x00007fff571c21c7:   e9 01 75 ce 4c 2b d1 49 83 fa 08 0f 82 c3 01 00
0x00007fff571c21d7:   00 66 0f 6f 1d e0 fc 1f 00 0f 57 e4 66 0f 6e ee
0x00007fff571c21e7:   66 0f 61 ed 66 0f 70 ed 00 49 83 fa 10 72 66 49 


Stack slot to memory mapping:

stack at sp + 0 slots: 0x0000026faa0ac2e0 points into unknown readable memory: 0x00007fff57284e48 | 48 4e 28 57 ff 7f 00 00
stack at sp + 1 slots: 0x0000026fa78b5480 points into unknown readable memory: 0x0000026fa781ff00 | 00 ff 81 a7 6f 02 00 00
stack at sp + 2 slots: 0x0000026fa78e05c0 points into unknown readable memory: 0x0000000000000000 | 00 00 00 00 00 00 00 00
stack at sp + 3 slots: 0x00007fff568ab9c2 igxelpicd64.dll
stack at sp + 4 slots: 0x0000000000000006 is an unknown value
stack at sp + 5 slots: 0x0000026fa78e05c0 points into unknown readable memory: 0x0000000000000000 | 00 00 00 00 00 00 00 00
stack at sp + 6 slots: 0xffffffff01fffbff is an unknown value
stack at sp + 7 slots: 0x0000000000000006 is an unknown value

native method entry point (kind = native)  [0x0000026f5177cba0, 0x0000026f5177d6c0]  2848 bytes
[MachCode]
  0x0000026f5177cba0: 488b 4b08 | 0fb7 492e | 584c 8d74 | ccf8 6800 | 0000 0068 | 0000 0000 | 5055 488b | ec41 5568 
  0x0000026f5177cbc0: 0000 0000 | 4c8b 6b08 | 4d8d 6d38 | 5348 8b53 | 0848 8b52 | 0848 8b52 | 1848 8b52 | 7048 8b12 
  0x0000026f5177cbe0: 5248 8b53 | 1048 85d2 | 0f84 0700 | 0000 4881 | c210 0100 | 0052 488b | 5308 488b | 5208 488b 
  0x0000026f5177cc00: 5210 5249 | 8bc6 482b | c548 c1e8 | 0350 6800 | 0000 0068 | f7ff ffff | 41c6 8781 | 0400 0001 
  0x0000026f5177cc20: 488b 4310 | 4885 c074 | 208b 88cc | 0000 0083 | c102 8988 | cc00 0000 | 2388 e000 | 0000 0f84 
  0x0000026f5177cc40: cb09 0000 | e9cf 0000 | 0048 8b43 | 1848 85c0 | 0f85 b000 | 0000 e805 | 0000 00e9 | 9900 0000 
  0x0000026f5177cc60: 488b d348 | 8d44 2408 | 4c89 6dc0 | 498b cfc5 | f877 4989 | afb0 0300 | 0049 8987 | a003 0000 
  0x0000026f5177cc80: 4883 ec20 | 40f6 c40f | 0f84 1900 | 0000 4883 | ec08 48b8 | 00a7 0192 | ff7f 0000 | ffd0 4883 
  0x0000026f5177cca0: c408 e90c | 0000 0048 | b800 a701 | 92ff 7f00 | 00ff d048 | 83c4 2049 | c787 a003 | 0000 0000 
  0x0000026f5177ccc0: 0000 49c7 | 87b0 0300 | 0000 0000 | 0049 c787 | a803 0000 | 0000 0000 | c5f8 7749 | 837f 0800 
  0x0000026f5177cce0: 0f84 0500 | 0000 e915 | 42ff ff4c | 8b6d c04c | 8b75 c84e | 8d74 f500 | c348 8b43 | 1848 85c0 
  0x0000026f5177cd00: 0f84 1200 | 0000 8b48 | 0883 c102 | 8948 0823 | 481c 0f84 | f708 0000 | 493b a7f0 | 0400 000f 
  0x0000026f5177cd20: 8748 0000 | 0089 8424 | 00f0 ffff | 8984 2400 | e0ff ff89 | 8424 00d0 | ffff 8984 | 2400 c0ff 
  0x0000026f5177cd40: ff89 8424 | 00b0 ffff | 8984 2400 | a0ff ff89 | 8424 0090 | ffff 8984 | 2400 80ff | ff49 3ba7 
  0x0000026f5177cd60: e804 0000 | 7607 4989 | a7f0 0400 | 0041 c687 | 8104 0000 | 0049 ba6c | 4088 92ff | 7f00 0041 
  0x0000026f5177cd80: 803a 000f | 843e 0000 | 0048 8b55 | e849 8bcf | 4883 ec20 | 40f6 c40f | 0f84 1900 | 0000 4883 
  0x0000026f5177cda0: ec08 48b8 | 80b9 3892 | ff7f 0000 | ffd0 4883 | c408 e90c | 0000 0048 | b880 b938 | 92ff 7f00 
  0x0000026f5177cdc0: 00ff d048 | 83c4 2048 | 8b5d e84c | 8b5b 0845 | 0fb7 5b2e | 41c1 e303 | 492b e348 | 83ec 2048 
  0x0000026f5177cde0: 83e4 f04c | 8b5b 604d | 85db 0f85 | ab00 0000 | e805 0000 | 00e9 9900 | 0000 488b | d348 8d44 
  0x0000026f5177ce00: 2408 4c89 | 6dc0 498b | cfc5 f877 | 4989 afb0 | 0300 0049 | 8987 a003 | 0000 4883 | ec20 40f6 
  0x0000026f5177ce20: c40f 0f84 | 1900 0000 | 4883 ec08 | 48b8 20ce | 0192 ff7f | 0000 ffd0 | 4883 c408 | e90c 0000 
  0x0000026f5177ce40: 0048 b820 | ce01 92ff | 7f00 00ff | d048 83c4 | 2049 c787 | a003 0000 | 0000 0000 | 49c7 87b0 
  0x0000026f5177ce60: 0300 0000 | 0000 0049 | c787 a803 | 0000 0000 | 0000 c5f8 | 7749 837f | 0800 0f84 | 0500 0000 
  0x0000026f5177ce80: e97b 40ff | ff4c 8b6d | c04c 8b75 | c84e 8d74 | f500 c348 | 8b5d e84c | 8b5b 6041 | ffd3 488b 
  0x0000026f5177cea0: 5de8 4889 | 4518 448b | 5b28 41f6 | c308 0f84 | 1b00 0000 | 4c8b 5b08 | 4d8b 5b08 | 4d8b 5b18 
  0x0000026f5177cec0: 4d8b 5b70 | 4d8b 1b4c | 895d 1048 | 8d55 1048 | 8b43 5849 | ba80 1039 | 92ff 7f00 | 0049 3bc2 
  0x0000026f5177cee0: 0f85 ab00 | 0000 e805 | 0000 00e9 | 9900 0000 | 488b d348 | 8d44 2408 | 4c89 6dc0 | 498b cfc5 
  0x0000026f5177cf00: f877 4989 | afb0 0300 | 0049 8987 | a003 0000 | 4883 ec20 | 40f6 c40f | 0f84 1900 | 0000 4883 
  0x0000026f5177cf20: ec08 48b8 | 20ce 0192 | ff7f 0000 | ffd0 4883 | c408 e90c | 0000 0048 | b820 ce01 | 92ff 7f00 
  0x0000026f5177cf40: 00ff d048 | 83c4 2049 | c787 a003 | 0000 0000 | 0000 49c7 | 87b0 0300 | 0000 0000 | 0049 c787 
  0x0000026f5177cf60: a803 0000 | 0000 0000 | c5f8 7749 | 837f 0800 | 0f84 0500 | 0000 e985 | 3fff ff4c | 8b6d c04c 
  0x0000026f5177cf80: 8b75 c84e | 8d74 f500 | c348 8b5d | e848 8b43 | 5849 8d8f | c003 0000 | c5f8 7749 | 89af b003 
  0x0000026f5177cfa0: 0000 49ba | 98cf 7751 | 6f02 0000 | 4d89 97a8 | 0300 0049 | 89a7 a003 | 0000 41c7 | 8754 0400 
  0x0000026f5177cfc0: 0004 0000 | 00ff d0c5 | f877 4883 | ec10 c5fb | 1104 2448 | 83ec 1048 | 8904 2448 | c744 2408 
  0x0000026f5177cfe0: 0000 0000 | 41c7 8754 | 0400 0005 | 0000 00f0 | 8344 24c0 | 0049 3baf | 5804 0000 | 0f87 0e00 
  0x0000026f5177d000: 0000 4183 | bf50 0400 | 0000 0f84 | 2000 0000 | 498b cf4c | 8be4 4883 | ec20 4883 | e4f0 48b8 
  0x0000026f5177d020: 4023 0392 | ff7f 0000 | ffd0 498b | e44d 33e4 | 41c7 8754 | 0400 0008 | 0000 0049 | c787 a003 
  0x0000026f5177d040: 0000 0000 | 0000 49c7 | 87b0 0300 | 0000 0000 | 0049 c787 | a803 0000 | 0000 0000 | c5f8 774d 
  0x0000026f5177d060: 8b9f 3004 | 0000 41c7 | 8300 0100 | 0000 0000 | 0049 bb1a | a577 516f | 0200 004c | 3b5d 180f 
  0x0000026f5177d080: 8524 0200 | 0048 8b04 | 2448 83c4 | 1048 85c0 | 0f84 fe01 | 0000 a803 | 0f85 0800 | 0000 488b 
  0x0000026f5177d0a0: 00e9 ee01 | 0000 a801 | 0f85 0900 | 0000 488b | 40fe e9dd | 0100 0048 | 8b40 ff41 | 807f 3800 
  0x0000026f5177d0c0: 0f84 ce01 | 0000 4883 | f800 0f84 | c401 0000 | 4d8b 5f28 | 4983 fb00 | 0f84 1400 | 0000 4983 
  0x0000026f5177d0e0: eb08 4d89 | 5f28 4d03 | 5f30 4989 | 03e9 a201 | 0000 4881 | ecd0 0000 | 0048 8904 | 2448 894c 
  0x0000026f5177d100: 2408 4889 | 5424 1048 | 8974 2418 | 4889 7c24 | 204c 8944 | 2428 4c89 | 4c24 304c | 8954 2438 
  0x0000026f5177d120: 4c89 5c24 | 40c5 fb11 | 4424 50c5 | fb11 4c24 | 58c5 fb11 | 5424 60c5 | fb11 5c24 | 68c5 fb11 
  0x0000026f5177d140: 6424 70c5 | fb11 6c24 | 78c5 fb11 | b424 8000 | 0000 c5fb | 11bc 2488 | 0000 00c5 | 7b11 8424 
  0x0000026f5177d160: 9000 0000 | c57b 118c | 2498 0000 | 00c5 7b11 | 9424 a000 | 0000 c57b | 119c 24a8 | 0000 00c5 
  0x0000026f5177d180: 7b11 a424 | b000 0000 | c57b 11ac | 24b8 0000 | 00c5 7b11 | b424 c000 | 0000 c57b | 11bc 24c8 
  0x0000026f5177d1a0: 0000 0049 | 8bd7 488b | c848 83ec | 2040 f6c4 | 0f0f 8419 | 0000 0048 | 83ec 0848 | b830 3ff6 
  0x0000026f5177d1c0: 91ff 7f00 | 00ff d048 | 83c4 08e9 | 0c00 0000 | 48b8 303f | f691 ff7f | 0000 ffd0 | 4883 c420 
  0x0000026f5177d1e0: c57b 10bc | 24c8 0000 | 00c5 7b10 | b424 c000 | 0000 c57b | 10ac 24b8 | 0000 00c5 | 7b10 a424 
  0x0000026f5177d200: b000 0000 | c57b 109c | 24a8 0000 | 00c5 7b10 | 9424 a000 | 0000 c57b | 108c 2498 | 0000 00c5 
  0x0000026f5177d220: 7b10 8424 | 9000 0000 | c5fb 10bc | 2488 0000 | 00c5 fb10 | b424 8000 | 0000 c5fb | 106c 2478 
  0x0000026f5177d240: c5fb 1064 | 2470 c5fb | 105c 2468 | c5fb 1054 | 2460 c5fb | 104c 2458 | c5fb 1044 | 2450 4c8b 
  0x0000026f5177d260: 5c24 404c | 8b54 2438 | 4c8b 4c24 | 304c 8b44 | 2428 488b | 7c24 2048 | 8b74 2418 | 488b 5424 
  0x0000026f5177d280: 1048 8b4c | 2408 488b | 0424 4881 | c4d0 0000 | 00c5 f877 | 4889 4510 | 4883 ec10 | 4889 0424 
  0x0000026f5177d2a0: 48c7 4424 | 0800 0000 | 0041 83bf | d004 0000 | 020f 85bf | 0000 0048 | 81ec 8000 | 0000 4889 
  0x0000026f5177d2c0: 4424 7848 | 894c 2470 | 4889 5424 | 6848 895c | 2460 4889 | 6c24 5048 | 8974 2448 | 4889 7c24 
  0x0000026f5177d2e0: 404c 8944 | 2438 4c89 | 4c24 304c | 8954 2428 | 4c89 5c24 | 204c 8964 | 2418 4c89 | 6c24 104c 
  0x0000026f5177d300: 8974 2408 | 4c89 3c24 | 4c8b e448 | 83ec 2048 | 83e4 f048 | b8d0 f138 | 92ff 7f00 | 00ff d049 
  0x0000026f5177d320: 8be4 4c8b | 3c24 4c8b | 7424 084c | 8b6c 2410 | 4c8b 6424 | 184c 8b5c | 2420 4c8b | 5424 284c 
  0x0000026f5177d340: 8b4c 2430 | 4c8b 4424 | 3848 8b7c | 2440 488b | 7424 4848 | 8b6c 2450 | 488b 5c24 | 6048 8b54 
  0x0000026f5177d360: 2468 488b | 4c24 7048 | 8b44 2478 | 4881 c480 | 0000 004d | 33e4 488b | 5de8 4c8b | 6b08 4d8d 
  0x0000026f5177d380: 6d38 4983 | 7f08 000f | 84bb 0000 | 00e8 0500 | 0000 e996 | 0000 0048 | 8d44 2408 | 4c89 6dc0 
  0x0000026f5177d3a0: 498b cfc5 | f877 4989 | afb0 0300 | 0049 8987 | a003 0000 | 4883 ec20 | 40f6 c40f | 0f84 1900 
  0x0000026f5177d3c0: 0000 4883 | ec08 48b8 | 60ec 0192 | ff7f 0000 | ffd0 4883 | c408 e90c | 0000 0048 | b860 ec01 
  0x0000026f5177d3e0: 92ff 7f00 | 00ff d048 | 83c4 2049 | c787 a003 | 0000 0000 | 0000 49c7 | 87b0 0300 | 0000 0000 
  0x0000026f5177d400: 0049 c787 | a803 0000 | 0000 0000 | c5f8 7749 | 837f 0800 | 0f84 0500 | 0000 e9e1 | 3aff ff4c 
  0x0000026f5177d420: 8b6d c04c | 8b75 c84e | 8d74 f500 | c348 b9b0 | 2860 92ff | 7f00 0048 | 83e4 f048 | b830 9927 
  0x0000026f5177d440: 92ff 7f00 | 00ff d0f4 | 448b 5b28 | 41f6 c320 | 0f84 4401 | 0000 488d | 55a8 4c8b | 5a08 4d85 
  0x0000026f5177d460: db0f 85bb | 0000 00e8 | 0500 0000 | e996 0000 | 0048 8d44 | 2408 4c89 | 6dc0 498b | cfc5 f877 
  0x0000026f5177d480: 4989 afb0 | 0300 0049 | 8987 a003 | 0000 4883 | ec20 40f6 | c40f 0f84 | 1900 0000 | 4883 ec08 
  0x0000026f5177d4a0: 48b8 90eb | 0192 ff7f | 0000 ffd0 | 4883 c408 | e90c 0000 | 0048 b890 | eb01 92ff | 7f00 00ff 
  0x0000026f5177d4c0: d048 83c4 | 2049 c787 | a003 0000 | 0000 0000 | 49c7 87b0 | 0300 0000 | 0000 0049 | c787 a803 
  0x0000026f5177d4e0: 0000 0000 | 0000 c5f8 | 7749 837f | 0800 0f84 | 0500 0000 | e907 3aff | ff4c 8b6d | c04c 8b75 
  0x0000026f5177d500: c84e 8d74 | f500 c348 | b9b0 2860 | 92ff 7f00 | 0048 83e4 | f048 b830 | 9927 92ff | 7f00 00ff 
  0x0000026f5177d520: d0f4 4c89 | 6dc0 488d | 024c 8b4a | 0848 c742 | 0800 0000 | 004c 8b00 | 4d85 c00f | 840b 0000 
  0x0000026f5177d540: 00f0 4d0f | b101 0f85 | 0c00 0000 | 49ff 8f58 | 0500 00e9 | 3e00 0000 | 4c89 4a08 | 488b ca48 
  0x0000026f5177d560: 83ec 2040 | f6c4 0f0f | 8419 0000 | 0048 83ec | 0848 b820 | be01 92ff | 7f00 00ff | d048 83c4 
  0x0000026f5177d580: 08e9 0c00 | 0000 48b8 | 20be 0192 | ff7f 0000 | ffd0 4883 | c420 4c8b | 6dc0 49ba | 6c40 8892 
  0x0000026f5177d5a0: ff7f 0000 | 4180 3a00 | 0f84 3e00 | 0000 488b | 55e8 498b | cf48 83ec | 2040 f6c4 | 0f0f 8419 
  0x0000026f5177d5c0: 0000 0048 | 83ec 0848 | b880 b938 | 92ff 7f00 | 00ff d048 | 83c4 08e9 | 0c00 0000 | 48b8 80b9 
  0x0000026f5177d5e0: 3892 ff7f | 0000 ffd0 | 4883 c420 | 488b 0424 | 4883 c410 | c5fb 1004 | 2448 83c4 | 104c 8b5d 
  0x0000026f5177d600: 1841 ffd3 | 4c8b 5df8 | c95f 498b | e3ff e7ba | 0000 0000 | e805 0000 | 00e9 9600 | 0000 488d 
  0x0000026f5177d620: 4424 084c | 896d c049 | 8bcf c5f8 | 7749 89af | b003 0000 | 4989 87a0 | 0300 0048 | 83ec 2040 
  0x0000026f5177d640: f6c4 0f0f | 8419 0000 | 0048 83ec | 0848 b8e0 | b101 92ff | 7f00 00ff | d048 83c4 | 08e9 0c00 
  0x0000026f5177d660: 0000 48b8 | e0b1 0192 | ff7f 0000 | ffd0 4883 | c420 49c7 | 87a0 0300 | 0000 0000 | 0049 c787 
  0x0000026f5177d680: b003 0000 | 0000 0000 | 49c7 87a8 | 0300 0000 | 0000 00c5 | f877 4983 | 7f08 000f | 8405 0000 
  0x0000026f5177d6a0: 00e9 5a38 | ffff 4c8b | 6dc0 4c8b | 75c8 4e8d | 74f5 00c3 | 488b 5de8 | e95b f6ff | ff66 6690 
[/MachCode]

---------------  P R O C E S S  ---------------

Threads class SMR info:
_java_thread_list=0x0000026fa7188750, length=17, elements={
0x0000026f619d1ef0, 0x0000026f619d2e10, 0x0000026f619d6670, 0x0000026f619db790,
0x0000026f619dca20, 0x0000026f619e1b10, 0x0000026f619ddde0, 0x0000026f619e6210,
0x0000026f61bd9650, 0x0000026f61cba010, 0x0000026f61cca680, 0x0000026f61ccfcd0,
0x0000026fa7170eb0, 0x0000026f3fc74c90, 0x0000026fa9e3d460, 0x0000026faa131610,
0x0000026faa130260
}

Java Threads: ( => current thread )
  0x0000026f619d1ef0 JavaThread "Reference Handler"          daemon [_thread_blocked, id=34728, stack(0x0000009c97200000,0x0000009c97300000) (1024K)]
  0x0000026f619d2e10 JavaThread "Finalizer"                  daemon [_thread_blocked, id=36512, stack(0x0000009c97300000,0x0000009c97400000) (1024K)]
  0x0000026f619d6670 JavaThread "Signal Dispatcher"          daemon [_thread_blocked, id=35672, stack(0x0000009c97400000,0x0000009c97500000) (1024K)]
  0x0000026f619db790 JavaThread "Attach Listener"            daemon [_thread_blocked, id=29960, stack(0x0000009c97500000,0x0000009c97600000) (1024K)]
  0x0000026f619dca20 JavaThread "Service Thread"             daemon [_thread_blocked, id=36320, stack(0x0000009c97600000,0x0000009c97700000) (1024K)]
  0x0000026f619e1b10 JavaThread "Monitor Deflation Thread"   daemon [_thread_blocked, id=36300, stack(0x0000009c97700000,0x0000009c97800000) (1024K)]
  0x0000026f619ddde0 JavaThread "C2 CompilerThread0"         daemon [_thread_blocked, id=27892, stack(0x0000009c97800000,0x0000009c97900000) (1024K)]
  0x0000026f619e6210 JavaThread "C1 CompilerThread0"         daemon [_thread_blocked, id=36044, stack(0x0000009c97900000,0x0000009c97a00000) (1024K)]
  0x0000026f61bd9650 JavaThread "C1 CompilerThread1"         daemon [_thread_blocked, id=36084, stack(0x0000009c97a00000,0x0000009c97b00000) (1024K)]
  0x0000026f61cba010 JavaThread "C1 CompilerThread2"         daemon [_thread_blocked, id=33916, stack(0x0000009c97b00000,0x0000009c97c00000) (1024K)]
  0x0000026f61cca680 JavaThread "Notification Thread"        daemon [_thread_blocked, id=25492, stack(0x0000009c97c00000,0x0000009c97d00000) (1024K)]
  0x0000026f61ccfcd0 JavaThread "Common-Cleaner"             daemon [_thread_blocked, id=24364, stack(0x0000009c97d00000,0x0000009c97e00000) (1024K)]
=>0x0000026fa7170eb0 JavaThread "LWJGL Application"                 [_thread_in_native, id=28432, stack(0x0000009c98200000,0x0000009c98300000) (1024K)]
  0x0000026f3fc74c90 JavaThread "DestroyJavaVM"                     [_thread_blocked, id=36032, stack(0x0000009c96a00000,0x0000009c96b00000) (1024K)]
  0x0000026fa9e3d460 JavaThread "C1 CompilerThread3"         daemon [_thread_blocked, id=17468, stack(0x0000009c98a00000,0x0000009c98b00000) (1024K)]
  0x0000026faa131610 JavaThread "AssetManager"               daemon [_thread_blocked, id=23980, stack(0x0000009c98b00000,0x0000009c98c00000) (1024K)]
  0x0000026faa130260 JavaThread "LWJGL Timer"                daemon [_thread_blocked, id=33340, stack(0x0000009c98c00000,0x0000009c98d00000) (1024K)]
Total: 17

Other Threads:
  0x0000026f619b49e0 VMThread "VM Thread"                           [id=36588, stack(0x0000009c97100000,0x0000009c97200000) (1024K)]
  0x0000026f6199acf0 WatcherThread "VM Periodic Task Thread"        [id=26468, stack(0x0000009c97000000,0x0000009c97100000) (1024K)]
  0x0000026f42048bb0 WorkerThread "GC Thread#0"                     [id=36540, stack(0x0000009c96b00000,0x0000009c96c00000) (1024K)]
  0x0000026f42059860 ConcurrentGCThread "G1 Main Marker"            [id=34112, stack(0x0000009c96c00000,0x0000009c96d00000) (1024K)]
  0x0000026f4205a370 WorkerThread "G1 Conc#0"                       [id=24080, stack(0x0000009c96d00000,0x0000009c96e00000) (1024K)]
  0x0000026f6186e330 ConcurrentGCThread "G1 Refine#0"               [id=27932, stack(0x0000009c96e00000,0x0000009c96f00000) (1024K)]
  0x0000026f6186eb60 ConcurrentGCThread "G1 Service"                [id=35156, stack(0x0000009c96f00000,0x0000009c97000000) (1024K)]
Total: 7

Threads with active compile tasks:
Total: 0

VM state: not at safepoint (normal execution)

VM Mutex/Monitor currently owned by a thread: None

Heap address: 0x0000000704e00000, size: 4018 MB, Compressed Oops mode: Zero based, Oop shift amount: 3

CDS archive(s) mapped at: [0x0000026f62000000-0x0000026f62c60000-0x0000026f62c60000), size 12976128, SharedBaseAddress: 0x0000026f62000000, ArchiveRelocationMode: 1.
Compressed class space mapped at: 0x0000026f63000000-0x0000026fa3000000, reserved size: 1073741824
Narrow klass base: 0x0000026f62000000, Narrow klass shift: 0, Narrow klass range: 0x41000000

GC Precious Log:
 CardTable entry size: 512
 Card Set container configuration: InlinePtr #cards 4 size 8 Array Of Cards #cards 16 size 48 Howl #buckets 8 coarsen threshold 3686 Howl Bitmap #cards 512 size 80 coarsen threshold 460 Card regions per heap region 1 cards per card region 4096
 CPUs: 16 total, 16 available
 Memory: 16071M
 Large Page Support: Disabled
 NUMA Support: Disabled
 Compressed Oops: Enabled (Zero based)
 Heap Region Size: 2M
 Heap Min Capacity: 8M
 Heap Initial Capacity: 252M
 Heap Max Capacity: 4018M
 Pre-touch: Disabled
 Parallel Workers: 13
 Concurrent Workers: 3
 Concurrent Refinement Workers: 13
 Periodic GC: Disabled

Heap:
 garbage-first heap   total reserved 4114432K, committed 258048K, used 20480K [0x0000000704e00000, 0x0000000800000000)
  region size 2048K, 7 young (14336K), 0 survivors (0K)
 Metaspace       used 4096K, committed 4224K, reserved 1114112K
  class space    used 290K, committed 384K, reserved 1048576K

Heap Regions: E=young(eden), S=young(survivor), O=old, HS=humongous(starts), HC=humongous(continues), CS=collection set, F=free, TAMS=top-at-mark-start, PB=parsable bottom
|   0|0x0000000704e00000, 0x0000000705000000, 0x0000000705000000|100%|HS|  |TAMS 0x0000000704e00000| PB 0x0000000704e00000| Complete |  0
|   1|0x0000000705000000, 0x0000000705200000, 0x0000000705200000|100%|HC|  |TAMS 0x0000000705000000| PB 0x0000000705000000| Complete |  0
|   2|0x0000000705200000, 0x0000000705400000, 0x0000000705400000|100%|HC|  |TAMS 0x0000000705200000| PB 0x0000000705200000| Complete |  0
|   3|0x0000000705400000, 0x0000000705600000, 0x0000000705600000|100%|HS|  |TAMS 0x0000000705400000| PB 0x0000000705400000| Complete |  0
|   4|0x0000000705600000, 0x0000000705600000, 0x0000000705800000|  0%| F|  |TAMS 0x0000000705600000| PB 0x0000000705600000| Untracked |  0
|   5|0x0000000705800000, 0x0000000705800000, 0x0000000705a00000|  0%| F|  |TAMS 0x0000000705800000| PB 0x0000000705800000| Untracked |  0
|   6|0x0000000705a00000, 0x0000000705a00000, 0x0000000705c00000|  0%| F|  |TAMS 0x0000000705a00000| PB 0x0000000705a00000| Untracked |  0
|   7|0x0000000705c00000, 0x0000000705c00000, 0x0000000705e00000|  0%| F|  |TAMS 0x0000000705c00000| PB 0x0000000705c00000| Untracked |  0
|   8|0x0000000705e00000, 0x0000000705e00000, 0x0000000706000000|  0%| F|  |TAMS 0x0000000705e00000| PB 0x0000000705e00000| Untracked |  0
|   9|0x0000000706000000, 0x0000000706000000, 0x0000000706200000|  0%| F|  |TAMS 0x0000000706000000| PB 0x0000000706000000| Untracked |  0
|  10|0x0000000706200000, 0x0000000706200000, 0x0000000706400000|  0%| F|  |TAMS 0x0000000706200000| PB 0x0000000706200000| Untracked |  0
|  11|0x0000000706400000, 0x0000000706400000, 0x0000000706600000|  0%| F|  |TAMS 0x0000000706400000| PB 0x0000000706400000| Untracked |  0
|  12|0x0000000706600000, 0x0000000706600000, 0x0000000706800000|  0%| F|  |TAMS 0x0000000706600000| PB 0x0000000706600000| Untracked |  0
|  13|0x0000000706800000, 0x0000000706800000, 0x0000000706a00000|  0%| F|  |TAMS 0x0000000706800000| PB 0x0000000706800000| Untracked |  0
|  14|0x0000000706a00000, 0x0000000706a00000, 0x0000000706c00000|  0%| F|  |TAMS 0x0000000706a00000| PB 0x0000000706a00000| Untracked |  0
|  15|0x0000000706c00000, 0x0000000706c00000, 0x0000000706e00000|  0%| F|  |TAMS 0x0000000706c00000| PB 0x0000000706c00000| Untracked |  0
|  16|0x0000000706e00000, 0x0000000706e00000, 0x0000000707000000|  0%| F|  |TAMS 0x0000000706e00000| PB 0x0000000706e00000| Untracked |  0
|  17|0x0000000707000000, 0x0000000707000000, 0x0000000707200000|  0%| F|  |TAMS 0x0000000707000000| PB 0x0000000707000000| Untracked |  0
|  18|0x0000000707200000, 0x0000000707200000, 0x0000000707400000|  0%| F|  |TAMS 0x0000000707200000| PB 0x0000000707200000| Untracked |  0
|  19|0x0000000707400000, 0x0000000707400000, 0x0000000707600000|  0%| F|  |TAMS 0x0000000707400000| PB 0x0000000707400000| Untracked |  0
|  20|0x0000000707600000, 0x0000000707600000, 0x0000000707800000|  0%| F|  |TAMS 0x0000000707600000| PB 0x0000000707600000| Untracked |  0
|  21|0x0000000707800000, 0x0000000707800000, 0x0000000707a00000|  0%| F|  |TAMS 0x0000000707800000| PB 0x0000000707800000| Untracked |  0
|  22|0x0000000707a00000, 0x0000000707a00000, 0x0000000707c00000|  0%| F|  |TAMS 0x0000000707a00000| PB 0x0000000707a00000| Untracked |  0
|  23|0x0000000707c00000, 0x0000000707c00000, 0x0000000707e00000|  0%| F|  |TAMS 0x0000000707c00000| PB 0x0000000707c00000| Untracked |  0
|  24|0x0000000707e00000, 0x0000000707e00000, 0x0000000708000000|  0%| F|  |TAMS 0x0000000707e00000| PB 0x0000000707e00000| Untracked |  0
|  25|0x0000000708000000, 0x0000000708000000, 0x0000000708200000|  0%| F|  |TAMS 0x0000000708000000| PB 0x0000000708000000| Untracked |  0
|  26|0x0000000708200000, 0x0000000708200000, 0x0000000708400000|  0%| F|  |TAMS 0x0000000708200000| PB 0x0000000708200000| Untracked |  0
|  27|0x0000000708400000, 0x0000000708400000, 0x0000000708600000|  0%| F|  |TAMS 0x0000000708400000| PB 0x0000000708400000| Untracked |  0
|  28|0x0000000708600000, 0x0000000708600000, 0x0000000708800000|  0%| F|  |TAMS 0x0000000708600000| PB 0x0000000708600000| Untracked |  0
|  29|0x0000000708800000, 0x0000000708800000, 0x0000000708a00000|  0%| F|  |TAMS 0x0000000708800000| PB 0x0000000708800000| Untracked |  0
|  30|0x0000000708a00000, 0x0000000708a00000, 0x0000000708c00000|  0%| F|  |TAMS 0x0000000708a00000| PB 0x0000000708a00000| Untracked |  0
|  31|0x0000000708c00000, 0x0000000708c00000, 0x0000000708e00000|  0%| F|  |TAMS 0x0000000708c00000| PB 0x0000000708c00000| Untracked |  0
|  32|0x0000000708e00000, 0x0000000708e00000, 0x0000000709000000|  0%| F|  |TAMS 0x0000000708e00000| PB 0x0000000708e00000| Untracked |  0
|  33|0x0000000709000000, 0x0000000709000000, 0x0000000709200000|  0%| F|  |TAMS 0x0000000709000000| PB 0x0000000709000000| Untracked |  0
|  34|0x0000000709200000, 0x0000000709200000, 0x0000000709400000|  0%| F|  |TAMS 0x0000000709200000| PB 0x0000000709200000| Untracked |  0
|  35|0x0000000709400000, 0x0000000709400000, 0x0000000709600000|  0%| F|  |TAMS 0x0000000709400000| PB 0x0000000709400000| Untracked |  0
|  36|0x0000000709600000, 0x0000000709600000, 0x0000000709800000|  0%| F|  |TAMS 0x0000000709600000| PB 0x0000000709600000| Untracked |  0
|  37|0x0000000709800000, 0x0000000709800000, 0x0000000709a00000|  0%| F|  |TAMS 0x0000000709800000| PB 0x0000000709800000| Untracked |  0
|  38|0x0000000709a00000, 0x0000000709a00000, 0x0000000709c00000|  0%| F|  |TAMS 0x0000000709a00000| PB 0x0000000709a00000| Untracked |  0
|  39|0x0000000709c00000, 0x0000000709c00000, 0x0000000709e00000|  0%| F|  |TAMS 0x0000000709c00000| PB 0x0000000709c00000| Untracked |  0
|  40|0x0000000709e00000, 0x0000000709e00000, 0x000000070a000000|  0%| F|  |TAMS 0x0000000709e00000| PB 0x0000000709e00000| Untracked |  0
|  41|0x000000070a000000, 0x000000070a000000, 0x000000070a200000|  0%| F|  |TAMS 0x000000070a000000| PB 0x000000070a000000| Untracked |  0
|  42|0x000000070a200000, 0x000000070a200000, 0x000000070a400000|  0%| F|  |TAMS 0x000000070a200000| PB 0x000000070a200000| Untracked |  0
|  43|0x000000070a400000, 0x000000070a400000, 0x000000070a600000|  0%| F|  |TAMS 0x000000070a400000| PB 0x000000070a400000| Untracked |  0
|  44|0x000000070a600000, 0x000000070a600000, 0x000000070a800000|  0%| F|  |TAMS 0x000000070a600000| PB 0x000000070a600000| Untracked |  0
|  45|0x000000070a800000, 0x000000070a800000, 0x000000070aa00000|  0%| F|  |TAMS 0x000000070a800000| PB 0x000000070a800000| Untracked |  0
|  46|0x000000070aa00000, 0x000000070aa00000, 0x000000070ac00000|  0%| F|  |TAMS 0x000000070aa00000| PB 0x000000070aa00000| Untracked |  0
|  47|0x000000070ac00000, 0x000000070ac00000, 0x000000070ae00000|  0%| F|  |TAMS 0x000000070ac00000| PB 0x000000070ac00000| Untracked |  0
|  48|0x000000070ae00000, 0x000000070ae00000, 0x000000070b000000|  0%| F|  |TAMS 0x000000070ae00000| PB 0x000000070ae00000| Untracked |  0
|  49|0x000000070b000000, 0x000000070b000000, 0x000000070b200000|  0%| F|  |TAMS 0x000000070b000000| PB 0x000000070b000000| Untracked |  0
|  50|0x000000070b200000, 0x000000070b200000, 0x000000070b400000|  0%| F|  |TAMS 0x000000070b200000| PB 0x000000070b200000| Untracked |  0
|  51|0x000000070b400000, 0x000000070b400000, 0x000000070b600000|  0%| F|  |TAMS 0x000000070b400000| PB 0x000000070b400000| Untracked |  0
|  52|0x000000070b600000, 0x000000070b600000, 0x000000070b800000|  0%| F|  |TAMS 0x000000070b600000| PB 0x000000070b600000| Untracked |  0
|  53|0x000000070b800000, 0x000000070b800000, 0x000000070ba00000|  0%| F|  |TAMS 0x000000070b800000| PB 0x000000070b800000| Untracked |  0
|  54|0x000000070ba00000, 0x000000070ba00000, 0x000000070bc00000|  0%| F|  |TAMS 0x000000070ba00000| PB 0x000000070ba00000| Untracked |  0
|  55|0x000000070bc00000, 0x000000070bc00000, 0x000000070be00000|  0%| F|  |TAMS 0x000000070bc00000| PB 0x000000070bc00000| Untracked |  0
|  56|0x000000070be00000, 0x000000070be00000, 0x000000070c000000|  0%| F|  |TAMS 0x000000070be00000| PB 0x000000070be00000| Untracked |  0
|  57|0x000000070c000000, 0x000000070c000000, 0x000000070c200000|  0%| F|  |TAMS 0x000000070c000000| PB 0x000000070c000000| Untracked |  0
|  58|0x000000070c200000, 0x000000070c200000, 0x000000070c400000|  0%| F|  |TAMS 0x000000070c200000| PB 0x000000070c200000| Untracked |  0
|  59|0x000000070c400000, 0x000000070c400000, 0x000000070c600000|  0%| F|  |TAMS 0x000000070c400000| PB 0x000000070c400000| Untracked |  0
|  60|0x000000070c600000, 0x000000070c600000, 0x000000070c800000|  0%| F|  |TAMS 0x000000070c600000| PB 0x000000070c600000| Untracked |  0
|  61|0x000000070c800000, 0x000000070c800000, 0x000000070ca00000|  0%| F|  |TAMS 0x000000070c800000| PB 0x000000070c800000| Untracked |  0
|  62|0x000000070ca00000, 0x000000070ca00000, 0x000000070cc00000|  0%| F|  |TAMS 0x000000070ca00000| PB 0x000000070ca00000| Untracked |  0
|  63|0x000000070cc00000, 0x000000070cc00000, 0x000000070ce00000|  0%| F|  |TAMS 0x000000070cc00000| PB 0x000000070cc00000| Untracked |  0
|  64|0x000000070ce00000, 0x000000070ce00000, 0x000000070d000000|  0%| F|  |TAMS 0x000000070ce00000| PB 0x000000070ce00000| Untracked |  0
|  65|0x000000070d000000, 0x000000070d000000, 0x000000070d200000|  0%| F|  |TAMS 0x000000070d000000| PB 0x000000070d000000| Untracked |  0
|  66|0x000000070d200000, 0x000000070d200000, 0x000000070d400000|  0%| F|  |TAMS 0x000000070d200000| PB 0x000000070d200000| Untracked |  0
|  67|0x000000070d400000, 0x000000070d400000, 0x000000070d600000|  0%| F|  |TAMS 0x000000070d400000| PB 0x000000070d400000| Untracked |  0
|  68|0x000000070d600000, 0x000000070d600000, 0x000000070d800000|  0%| F|  |TAMS 0x000000070d600000| PB 0x000000070d600000| Untracked |  0
|  69|0x000000070d800000, 0x000000070d800000, 0x000000070da00000|  0%| F|  |TAMS 0x000000070d800000| PB 0x000000070d800000| Untracked |  0
|  70|0x000000070da00000, 0x000000070da00000, 0x000000070dc00000|  0%| F|  |TAMS 0x000000070da00000| PB 0x000000070da00000| Untracked |  0
|  71|0x000000070dc00000, 0x000000070dc00000, 0x000000070de00000|  0%| F|  |TAMS 0x000000070dc00000| PB 0x000000070dc00000| Untracked |  0
|  72|0x000000070de00000, 0x000000070de00000, 0x000000070e000000|  0%| F|  |TAMS 0x000000070de00000| PB 0x000000070de00000| Untracked |  0
|  73|0x000000070e000000, 0x000000070e000000, 0x000000070e200000|  0%| F|  |TAMS 0x000000070e000000| PB 0x000000070e000000| Untracked |  0
|  74|0x000000070e200000, 0x000000070e200000, 0x000000070e400000|  0%| F|  |TAMS 0x000000070e200000| PB 0x000000070e200000| Untracked |  0
|  75|0x000000070e400000, 0x000000070e400000, 0x000000070e600000|  0%| F|  |TAMS 0x000000070e400000| PB 0x000000070e400000| Untracked |  0
|  76|0x000000070e600000, 0x000000070e600000, 0x000000070e800000|  0%| F|  |TAMS 0x000000070e600000| PB 0x000000070e600000| Untracked |  0
|  77|0x000000070e800000, 0x000000070e800000, 0x000000070ea00000|  0%| F|  |TAMS 0x000000070e800000| PB 0x000000070e800000| Untracked |  0
|  78|0x000000070ea00000, 0x000000070ea00000, 0x000000070ec00000|  0%| F|  |TAMS 0x000000070ea00000| PB 0x000000070ea00000| Untracked |  0
|  79|0x000000070ec00000, 0x000000070ec00000, 0x000000070ee00000|  0%| F|  |TAMS 0x000000070ec00000| PB 0x000000070ec00000| Untracked |  0
|  80|0x000000070ee00000, 0x000000070ee00000, 0x000000070f000000|  0%| F|  |TAMS 0x000000070ee00000| PB 0x000000070ee00000| Untracked |  0
|  81|0x000000070f000000, 0x000000070f000000, 0x000000070f200000|  0%| F|  |TAMS 0x000000070f000000| PB 0x000000070f000000| Untracked |  0
|  82|0x000000070f200000, 0x000000070f200000, 0x000000070f400000|  0%| F|  |TAMS 0x000000070f200000| PB 0x000000070f200000| Untracked |  0
|  83|0x000000070f400000, 0x000000070f400000, 0x000000070f600000|  0%| F|  |TAMS 0x000000070f400000| PB 0x000000070f400000| Untracked |  0
|  84|0x000000070f600000, 0x000000070f600000, 0x000000070f800000|  0%| F|  |TAMS 0x000000070f600000| PB 0x000000070f600000| Untracked |  0
|  85|0x000000070f800000, 0x000000070f800000, 0x000000070fa00000|  0%| F|  |TAMS 0x000000070f800000| PB 0x000000070f800000| Untracked |  0
|  86|0x000000070fa00000, 0x000000070fa00000, 0x000000070fc00000|  0%| F|  |TAMS 0x000000070fa00000| PB 0x000000070fa00000| Untracked |  0
|  87|0x000000070fc00000, 0x000000070fc00000, 0x000000070fe00000|  0%| F|  |TAMS 0x000000070fc00000| PB 0x000000070fc00000| Untracked |  0
|  88|0x000000070fe00000, 0x000000070fe00000, 0x0000000710000000|  0%| F|  |TAMS 0x000000070fe00000| PB 0x000000070fe00000| Untracked |  0
|  89|0x0000000710000000, 0x0000000710000000, 0x0000000710200000|  0%| F|  |TAMS 0x0000000710000000| PB 0x0000000710000000| Untracked |  0
|  90|0x0000000710200000, 0x0000000710200000, 0x0000000710400000|  0%| F|  |TAMS 0x0000000710200000| PB 0x0000000710200000| Untracked |  0
|  91|0x0000000710400000, 0x0000000710400000, 0x0000000710600000|  0%| F|  |TAMS 0x0000000710400000| PB 0x0000000710400000| Untracked |  0
|  92|0x0000000710600000, 0x0000000710600000, 0x0000000710800000|  0%| F|  |TAMS 0x0000000710600000| PB 0x0000000710600000| Untracked |  0
|  93|0x0000000710800000, 0x0000000710800000, 0x0000000710a00000|  0%| F|  |TAMS 0x0000000710800000| PB 0x0000000710800000| Untracked |  0
|  94|0x0000000710a00000, 0x0000000710a00000, 0x0000000710c00000|  0%| F|  |TAMS 0x0000000710a00000| PB 0x0000000710a00000| Untracked |  0
|  95|0x0000000710c00000, 0x0000000710c00000, 0x0000000710e00000|  0%| F|  |TAMS 0x0000000710c00000| PB 0x0000000710c00000| Untracked |  0
|  96|0x0000000710e00000, 0x0000000710e00000, 0x0000000711000000|  0%| F|  |TAMS 0x0000000710e00000| PB 0x0000000710e00000| Untracked |  0
|  97|0x0000000711000000, 0x0000000711000000, 0x0000000711200000|  0%| F|  |TAMS 0x0000000711000000| PB 0x0000000711000000| Untracked |  0
|  98|0x0000000711200000, 0x0000000711200000, 0x0000000711400000|  0%| F|  |TAMS 0x0000000711200000| PB 0x0000000711200000| Untracked |  0
|  99|0x0000000711400000, 0x0000000711400000, 0x0000000711600000|  0%| F|  |TAMS 0x0000000711400000| PB 0x0000000711400000| Untracked |  0
| 100|0x0000000711600000, 0x0000000711600000, 0x0000000711800000|  0%| F|  |TAMS 0x0000000711600000| PB 0x0000000711600000| Untracked |  0
| 101|0x0000000711800000, 0x0000000711800000, 0x0000000711a00000|  0%| F|  |TAMS 0x0000000711800000| PB 0x0000000711800000| Untracked |  0
| 102|0x0000000711a00000, 0x0000000711a00000, 0x0000000711c00000|  0%| F|  |TAMS 0x0000000711a00000| PB 0x0000000711a00000| Untracked |  0
| 103|0x0000000711c00000, 0x0000000711c00000, 0x0000000711e00000|  0%| F|  |TAMS 0x0000000711c00000| PB 0x0000000711c00000| Untracked |  0
| 104|0x0000000711e00000, 0x0000000711e00000, 0x0000000712000000|  0%| F|  |TAMS 0x0000000711e00000| PB 0x0000000711e00000| Untracked |  0
| 105|0x0000000712000000, 0x0000000712000000, 0x0000000712200000|  0%| F|  |TAMS 0x0000000712000000| PB 0x0000000712000000| Untracked |  0
| 106|0x0000000712200000, 0x0000000712200000, 0x0000000712400000|  0%| F|  |TAMS 0x0000000712200000| PB 0x0000000712200000| Untracked |  0
| 107|0x0000000712400000, 0x0000000712400000, 0x0000000712600000|  0%| F|  |TAMS 0x0000000712400000| PB 0x0000000712400000| Untracked |  0
| 108|0x0000000712600000, 0x0000000712600000, 0x0000000712800000|  0%| F|  |TAMS 0x0000000712600000| PB 0x0000000712600000| Untracked |  0
| 109|0x0000000712800000, 0x0000000712800000, 0x0000000712a00000|  0%| F|  |TAMS 0x0000000712800000| PB 0x0000000712800000| Untracked |  0
| 110|0x0000000712a00000, 0x0000000712a00000, 0x0000000712c00000|  0%| F|  |TAMS 0x0000000712a00000| PB 0x0000000712a00000| Untracked |  0
| 111|0x0000000712c00000, 0x0000000712c00000, 0x0000000712e00000|  0%| F|  |TAMS 0x0000000712c00000| PB 0x0000000712c00000| Untracked |  0
| 112|0x0000000712e00000, 0x0000000712e00000, 0x0000000713000000|  0%| F|  |TAMS 0x0000000712e00000| PB 0x0000000712e00000| Untracked |  0
| 113|0x0000000713000000, 0x0000000713000000, 0x0000000713200000|  0%| F|  |TAMS 0x0000000713000000| PB 0x0000000713000000| Untracked |  0
| 114|0x0000000713200000, 0x0000000713200000, 0x0000000713400000|  0%| F|  |TAMS 0x0000000713200000| PB 0x0000000713200000| Untracked |  0
| 115|0x0000000713400000, 0x0000000713400000, 0x0000000713600000|  0%| F|  |TAMS 0x0000000713400000| PB 0x0000000713400000| Untracked |  0
| 116|0x0000000713600000, 0x0000000713600000, 0x0000000713800000|  0%| F|  |TAMS 0x0000000713600000| PB 0x0000000713600000| Untracked |  0
| 117|0x0000000713800000, 0x0000000713800000, 0x0000000713a00000|  0%| F|  |TAMS 0x0000000713800000| PB 0x0000000713800000| Untracked |  0
| 118|0x0000000713a00000, 0x0000000713a00000, 0x0000000713c00000|  0%| F|  |TAMS 0x0000000713a00000| PB 0x0000000713a00000| Untracked |  0
| 119|0x0000000713c00000, 0x0000000713e00000, 0x0000000713e00000|100%| E|  |TAMS 0x0000000713c00000| PB 0x0000000713c00000| Complete |  0
| 120|0x0000000713e00000, 0x0000000714000000, 0x0000000714000000|100%| E|CS|TAMS 0x0000000713e00000| PB 0x0000000713e00000| Complete |  0
| 121|0x0000000714000000, 0x0000000714200000, 0x0000000714200000|100%| E|CS|TAMS 0x0000000714000000| PB 0x0000000714000000| Complete |  0
| 122|0x0000000714200000, 0x0000000714400000, 0x0000000714400000|100%| E|CS|TAMS 0x0000000714200000| PB 0x0000000714200000| Complete |  0
| 123|0x0000000714400000, 0x0000000714600000, 0x0000000714600000|100%| E|CS|TAMS 0x0000000714400000| PB 0x0000000714400000| Complete |  0
| 124|0x0000000714600000, 0x0000000714800000, 0x0000000714800000|100%| E|CS|TAMS 0x0000000714600000| PB 0x0000000714600000| Complete |  0
| 125|0x0000000714800000, 0x0000000714a00000, 0x0000000714a00000|100%| E|CS|TAMS 0x0000000714800000| PB 0x0000000714800000| Complete |  0

Card table byte_map: [0x0000026f5a380000,0x0000026f5ab60000] _byte_map_base: 0x0000026f56b59000

Marking Bits: (CMBitMap*) 0x0000026f420492c0
 Bits: [0x0000026f5ab60000, 0x0000026f5ea28000)

Polling page: 0x0000026f3ff00000

Metaspace:

Usage:
  Non-class:      3.72 MB used.
      Class:    290.70 KB used.
       Both:      4.00 MB used.

Virtual space:
  Non-class space:       64.00 MB reserved,       3.75 MB (  6%) committed,  1 nodes.
      Class space:        1.00 GB reserved,     384.00 KB ( <1%) committed,  1 nodes.
             Both:        1.06 GB reserved,       4.12 MB ( <1%) committed. 

Chunk freelists:
   Non-Class:  9.56 MB
       Class:  15.53 MB
        Both:  25.09 MB

MaxMetaspaceSize: unlimited
CompressedClassSpaceSize: 1.00 GB
Initial GC threshold: 21.00 MB
Current GC threshold: 21.00 MB
CDS: on
 - commit_granule_bytes: 65536.
 - commit_granule_words: 8192.
 - virtual_space_node_default_size: 8388608.
 - enlarge_chunks_in_place: 1.
 - use_allocation_guard: 0.


Internal statistics:

num_allocs_failed_limit: 0.
num_arena_births: 26.
num_arena_deaths: 0.
num_vsnodes_births: 2.
num_vsnodes_deaths: 0.
num_space_committed: 65.
num_space_uncommitted: 0.
num_chunks_returned_to_freelist: 0.
num_chunks_taken_from_freelist: 124.
num_chunk_merges: 0.
num_chunk_splits: 95.
num_chunks_enlarged: 81.
num_inconsistent_stats: 0.

CodeHeap 'non-profiled nmethods': size=119168Kb used=206Kb max_used=206Kb free=118961Kb
 bounds [0x0000026f51ec0000, 0x0000026f52130000, 0x0000026f59320000]
CodeHeap 'profiled nmethods': size=119104Kb used=1364Kb max_used=1364Kb free=117739Kb
 bounds [0x0000026f4a320000, 0x0000026f4a590000, 0x0000026f51770000]
CodeHeap 'non-nmethods': size=7488Kb used=3183Kb max_used=3197Kb free=4304Kb
 bounds [0x0000026f51770000, 0x0000026f51aa0000, 0x0000026f51ec0000]
 total_blobs=1371 nmethods=794 adapters=479
 compilation: enabled
              stopped_count=0, restarted_count=0
 full_count=0

Compilation events (20 events):
Event: 2.119 Thread 0x0000026f61cba010  786       3       org.lwjgl.opengl.Sync$RunningAvg::add (38 bytes)
Event: 2.120 Thread 0x0000026f619e6210 nmethod 783 0x0000026f4a46fd90 code [0x0000026f4a46ff40, 0x0000026f4a470078]
Event: 2.120 Thread 0x0000026fa9e3d460 nmethod 785 0x0000026f4a470110 code [0x0000026f4a4702a0, 0x0000026f4a470408]
Event: 2.120 Thread 0x0000026f61cba010 nmethod 786 0x0000026f4a470490 code [0x0000026f4a470620, 0x0000026f4a4707b0]
Event: 2.131 Thread 0x0000026f619ddde0  787       4       org.lwjgl.opengl.Sync$RunningAvg::add (38 bytes)
Event: 2.134 Thread 0x0000026f619ddde0 nmethod 787 0x0000026f51ef3010 code [0x0000026f51ef31a0, 0x0000026f51ef32c8]
Event: 2.134 Thread 0x0000026f619ddde0  788       4       org.lwjgl.opengl.Sync$RunningAvg::avg (37 bytes)
Event: 2.142 Thread 0x0000026f619ddde0 nmethod 788 0x0000026f51ef3390 code [0x0000026f51ef3520, 0x0000026f51ef36a8]
Event: 2.150 Thread 0x0000026f61bd9650  789       3       com.badlogic.gdx.math.Vector3::set (17 bytes)
Event: 2.150 Thread 0x0000026f61bd9650 nmethod 789 0x0000026f4a470910 code [0x0000026f4a470aa0, 0x0000026f4a470bc0]
Event: 2.166 Thread 0x0000026f61bd9650  792       3       jdk.internal.jimage.ImageStringsReader::stringFromByteBufferMatches (138 bytes)
Event: 2.166 Thread 0x0000026f61cba010  790       3       jdk.internal.jimage.ImageStringsReader::match (11 bytes)
Event: 2.166 Thread 0x0000026f619e6210  791       3       jdk.internal.jimage.BasicImageReader::match (37 bytes)
Event: 2.166 Thread 0x0000026fa9e3d460  793       3       jdk.internal.jimage.ImageLocation::verifyName (161 bytes)
Event: 2.166 Thread 0x0000026f61cba010 nmethod 790 0x0000026f4a470c90 code [0x0000026f4a470e40, 0x0000026f4a471010]
Event: 2.167 Thread 0x0000026f619e6210 nmethod 791 0x0000026f4a471110 code [0x0000026f4a4712e0, 0x0000026f4a471588]
Event: 2.168 Thread 0x0000026f61bd9650 nmethod 792 0x0000026f4a471690 code [0x0000026f4a471960, 0x0000026f4a472a50]
Event: 2.169 Thread 0x0000026fa9e3d460 nmethod 793 0x0000026f4a473190 code [0x0000026f4a4734e0, 0x0000026f4a474a58]
Event: 2.170 Thread 0x0000026f619ddde0  794       4       java.util.concurrent.locks.AbstractQueuedSynchronizer::compareAndSetState (13 bytes)
Event: 2.170 Thread 0x0000026f619ddde0 nmethod 794 0x0000026f51ef3790 code [0x0000026f51ef3900, 0x0000026f51ef39a0]

GC Heap History (0 events):
No events

Dll operation events (9 events):
Event: 0.005 Loaded shared library C:\Users\Karan\.jdks\openjdk-22.0.2\bin\java.dll
Event: 0.029 Loaded shared library C:\Users\Karan\.jdks\openjdk-22.0.2\bin\jsvml.dll
Event: 0.057 Loaded shared library C:\Users\Karan\.jdks\openjdk-22.0.2\bin\net.dll
Event: 0.059 Loaded shared library C:\Users\Karan\.jdks\openjdk-22.0.2\bin\nio.dll
Event: 0.061 Loaded shared library C:\Users\Karan\.jdks\openjdk-22.0.2\bin\zip.dll
Event: 0.112 Loaded shared library C:\Users\Karan\.jdks\openjdk-22.0.2\bin\jimage.dll
Event: 0.119 Loaded shared library C:\Users\Karan\AppData\Local\Temp\libgdxKaran\2a9d7f76\gdx64.dll
Event: 0.142 Loaded shared library C:\Users\Karan\.jdks\openjdk-22.0.2\bin\verify.dll
Event: 0.150 Loaded shared library C:\Users\Karan\AppData\Local\Temp\libgdxKaran\1cecf4f6\lwjgl64.dll

Deoptimization events (20 events):
Event: 0.087 Thread 0x0000026f3fc74c90 DEOPT PACKING pc=0x0000026f4a33b67c sp=0x0000009c96afe780
Event: 0.087 Thread 0x0000026f3fc74c90 DEOPT UNPACKING pc=0x0000026f517c4e42 sp=0x0000009c96afdba0 mode 0
Event: 0.096 Thread 0x0000026f3fc74c90 DEOPT PACKING pc=0x0000026f4a328d4c sp=0x0000009c96afb010
Event: 0.096 Thread 0x0000026f3fc74c90 DEOPT UNPACKING pc=0x0000026f517c4e42 sp=0x0000009c96afa478 mode 0
Event: 0.116 Thread 0x0000026f3fc74c90 Uncommon trap: trap_request=0xffffff45 fr.pc=0x0000026f51ec72f0 relative=0x0000000000000070
Event: 0.116 Thread 0x0000026f3fc74c90 Uncommon trap: reason=unstable_if action=reinterpret pc=0x0000026f51ec72f0 method=java.io.WinNTFileSystem.isSlash(C)Z @ 9 c2
Event: 0.116 Thread 0x0000026f3fc74c90 DEOPT PACKING pc=0x0000026f51ec72f0 sp=0x0000009c96afec20
Event: 0.116 Thread 0x0000026f3fc74c90 DEOPT UNPACKING pc=0x0000026f517c46a2 sp=0x0000009c96afeba8 mode 2
Event: 0.126 Thread 0x0000026f3fc74c90 Uncommon trap: trap_request=0xffffff45 fr.pc=0x0000026f51ececf8 relative=0x00000000000002b8
Event: 0.126 Thread 0x0000026f3fc74c90 Uncommon trap: reason=unstable_if action=reinterpret pc=0x0000026f51ececf8 method=java.lang.StringLatin1.hashCode([B)I @ 2 c2
Event: 0.126 Thread 0x0000026f3fc74c90 DEOPT PACKING pc=0x0000026f51ececf8 sp=0x0000009c96afdfd0
Event: 0.126 Thread 0x0000026f3fc74c90 DEOPT UNPACKING pc=0x0000026f517c46a2 sp=0x0000009c96afdf08 mode 2
Event: 1.019 Thread 0x0000026fa7170eb0 DEOPT PACKING pc=0x0000026f4a350c25 sp=0x0000009c982f9ea0
Event: 1.019 Thread 0x0000026fa7170eb0 DEOPT UNPACKING pc=0x0000026f517c4e42 sp=0x0000009c982f92f0 mode 0
Event: 1.670 Thread 0x0000026fa7170eb0 DEOPT PACKING pc=0x0000026f4a364b77 sp=0x0000009c982f9460
Event: 1.670 Thread 0x0000026fa7170eb0 DEOPT UNPACKING pc=0x0000026f517c4e42 sp=0x0000009c982f88d0 mode 0
Event: 1.693 Thread 0x0000026fa7170eb0 Uncommon trap: trap_request=0xffffff6e fr.pc=0x0000026f51ee1fc8 relative=0x0000000000000408
Event: 1.693 Thread 0x0000026fa7170eb0 Uncommon trap: reason=loop_limit_check action=maybe_recompile pc=0x0000026f51ee1fc8 method=java.lang.StringLatin1.indexOf([BI[BII)I @ 37 c2
Event: 1.693 Thread 0x0000026fa7170eb0 DEOPT PACKING pc=0x0000026f51ee1fc8 sp=0x0000009c982fea40
Event: 1.693 Thread 0x0000026fa7170eb0 DEOPT UNPACKING pc=0x0000026f517c46a2 sp=0x0000009c982fe9a0 mode 2

Classes loaded (20 events):
Event: 1.667 Loading class java/util/concurrent/LinkedBlockingQueue$Node
Event: 1.667 Loading class java/util/concurrent/LinkedBlockingQueue$Node done
Event: 1.675 Loading class java/util/NoSuchElementException
Event: 1.675 Loading class java/util/NoSuchElementException done
Event: 1.690 Loading class java/io/UnsupportedEncodingException
Event: 1.690 Loading class java/io/UnsupportedEncodingException done
Event: 2.094 Loading class java/util/concurrent/ExecutionException
Event: 2.094 Loading class java/util/concurrent/ExecutionException done
Event: 2.094 Loading class java/util/concurrent/FutureTask
Event: 2.095 Loading class java/util/concurrent/RunnableFuture
Event: 2.095 Loading class java/util/concurrent/RunnableFuture done
Event: 2.095 Loading class java/util/concurrent/FutureTask done
Event: 2.095 Loading class java/util/concurrent/FutureTask$WaitNode
Event: 2.095 Loading class java/util/concurrent/FutureTask$WaitNode done
Event: 2.095 Loading class java/util/concurrent/ThreadPoolExecutor$Worker
Event: 2.095 Loading class java/util/concurrent/ThreadPoolExecutor$Worker done
Event: 2.101 Loading class jdk/internal/event/ThreadSleepEvent
Event: 2.101 Loading class jdk/internal/event/Event
Event: 2.101 Loading class jdk/internal/event/Event done
Event: 2.101 Loading class jdk/internal/event/ThreadSleepEvent done

Classes unloaded (0 events):
No events

Classes redefined (0 events):
No events

Internal exceptions (5 events):
Event: 0.124 Thread 0x0000026f3fc74c90 Exception <a 'java/lang/NoSuchMethodError'{0x0000000714517e38}: 'int java.lang.invoke.DirectMethodHandle$Holder.invokeVirtual(java.lang.Object, java.lang.Object)'> (0x0000000714517e38) 
thrown [s\open\src\hotspot\share\interpreter\linkResolver.cpp, line 774]
Event: 0.126 Thread 0x0000026f3fc74c90 Exception <a 'java/lang/NoSuchMethodError'{0x00000007145249a8}: 'int java.lang.invoke.DirectMethodHandle$Holder.invokeSpecial(java.lang.Object, java.lang.Object, java.lang.Object)'> (0x00000007145249a8) 
thrown [s\open\src\hotspot\share\interpreter\linkResolver.cpp, line 774]
Event: 0.157 Thread 0x0000026f3fc74c90 Exception <a 'java/lang/NoSuchMethodError'{0x00000007145c4148}: 'java.lang.Object java.lang.invoke.DirectMethodHandle$Holder.invokeInterface(java.lang.Object, java.lang.Object)'> (0x00000007145c4148) 
thrown [s\open\src\hotspot\share\interpreter\linkResolver.cpp, line 774]
Event: 0.157 Thread 0x0000026f3fc74c90 Exception <a 'java/lang/IncompatibleClassChangeError'{0x00000007145c7700}: Found class java.lang.Object, but interface was expected> (0x00000007145c7700) 
thrown [s\open\src\hotspot\share\interpreter\linkResolver.cpp, line 841]
Event: 0.995 Thread 0x0000026f3fc74c90 Exception <a 'java/lang/NoSuchMethodError'{0x0000000714270b38}: 'int java.lang.invoke.Invokers$Holder.invokeExact_MT(java.lang.Object, java.lang.Object)'> (0x0000000714270b38) 
thrown [s\open\src\hotspot\share\interpreter\linkResolver.cpp, line 774]

ZGC Phase Switch (0 events):
No events

VM Operations (10 events):
Event: 0.072 Executing VM operation: HandshakeAllThreads (Deoptimize)
Event: 0.072 Executing VM operation: HandshakeAllThreads (Deoptimize) done
Event: 0.115 Executing VM operation: HandshakeAllThreads (Deoptimize)
Event: 0.115 Executing VM operation: HandshakeAllThreads (Deoptimize) done
Event: 1.120 Executing VM operation: Cleanup
Event: 1.121 Executing VM operation: Cleanup done
Event: 2.096 Executing VM operation: HandshakeAllThreads (Deoptimize)
Event: 2.096 Executing VM operation: HandshakeAllThreads (Deoptimize) done
Event: 2.096 Executing VM operation: HandshakeAllThreads (Deoptimize)
Event: 2.096 Executing VM operation: HandshakeAllThreads (Deoptimize) done

Memory protections (0 events):
No events

Nmethod flushes (0 events):
No events

Events (19 events):
Event: 0.017 Thread 0x0000026f3fc74c90 Thread added: 0x0000026f3fc74c90
Event: 0.027 Thread 0x0000026f3fc74c90 Thread added: 0x0000026f619d1ef0
Event: 0.027 Thread 0x0000026f3fc74c90 Thread added: 0x0000026f619d2e10
Event: 0.028 Thread 0x0000026f3fc74c90 Thread added: 0x0000026f619d6670
Event: 0.028 Thread 0x0000026f3fc74c90 Thread added: 0x0000026f619db790
Event: 0.028 Thread 0x0000026f3fc74c90 Thread added: 0x0000026f619dca20
Event: 0.028 Thread 0x0000026f3fc74c90 Thread added: 0x0000026f619e1b10
Event: 0.028 Thread 0x0000026f3fc74c90 Thread added: 0x0000026f619ddde0
Event: 0.028 Thread 0x0000026f3fc74c90 Thread added: 0x0000026f619e6210
Event: 0.032 Thread 0x0000026f619e6210 Thread added: 0x0000026f61bd9650
Event: 0.051 Thread 0x0000026f619e6210 Thread added: 0x0000026f61cba010
Event: 0.052 Thread 0x0000026f3fc74c90 Thread added: 0x0000026f61cca680
Event: 0.054 Thread 0x0000026f3fc74c90 Thread added: 0x0000026f61ccfcd0
Event: 1.010 Thread 0x0000026f3fc74c90 Thread added: 0x0000026fa7170eb0
Event: 1.011 Thread 0x0000026f3fc74c90 Thread exited: 0x0000026f3fc74c90
Event: 1.011 Thread 0x0000026f3fc74c90 Thread added: 0x0000026f3fc74c90
Event: 1.517 Thread 0x0000026f619e6210 Thread added: 0x0000026fa9e3d460
Event: 2.097 Thread 0x0000026fa7170eb0 Thread added: 0x0000026faa131610
Event: 2.100 Thread 0x0000026fa7170eb0 Thread added: 0x0000026faa130260


Dynamic libraries:
0x00007ff6634b0000 - 0x00007ff6634be000 	C:\Users\Karan\.jdks\openjdk-22.0.2\bin\java.exe
0x00007fffe94d0000 - 0x00007fffe96e7000 	C:\Windows\SYSTEM32\ntdll.dll
0x00007fffe7520000 - 0x00007fffe75e4000 	C:\Windows\System32\KERNEL32.DLL
0x00007fffe6e40000 - 0x00007fffe71f7000 	C:\Windows\System32\KERNELBASE.dll
0x00007fffe6d20000 - 0x00007fffe6e31000 	C:\Windows\System32\ucrtbase.dll
0x00007fffdedb0000 - 0x00007fffdedc7000 	C:\Users\Karan\.jdks\openjdk-22.0.2\bin\jli.dll
0x00007fffded00000 - 0x00007fffded1b000 	C:\Users\Karan\.jdks\openjdk-22.0.2\bin\VCRUNTIME140.dll
0x00007fffe75f0000 - 0x00007fffe779f000 	C:\Windows\System32\USER32.dll
0x00007fffe6a80000 - 0x00007fffe6aa6000 	C:\Windows\System32\win32u.dll
0x00007fffe8a90000 - 0x00007fffe8ab9000 	C:\Windows\System32\GDI32.dll
0x00007fffca8f0000 - 0x00007fffcab83000 	C:\Windows\WinSxS\amd64_microsoft.windows.common-controls_6595b64144ccf1df_6.0.22621.3672_none_2713b9d173822955\COMCTL32.dll
0x00007fffe6b60000 - 0x00007fffe6c78000 	C:\Windows\System32\gdi32full.dll
0x00007fffe72f0000 - 0x00007fffe7397000 	C:\Windows\System32\msvcrt.dll
0x00007fffe6c80000 - 0x00007fffe6d1a000 	C:\Windows\System32\msvcp_win.dll
0x00007fffe8290000 - 0x00007fffe82c1000 	C:\Windows\System32\IMM32.DLL
0x00007fffdee10000 - 0x00007fffdee1c000 	C:\Users\Karan\.jdks\openjdk-22.0.2\bin\vcruntime140_1.dll
0x00007fffac520000 - 0x00007fffac5ae000 	C:\Users\Karan\.jdks\openjdk-22.0.2\bin\msvcp140.dll
0x00007fff91c40000 - 0x00007fff92989000 	C:\Users\Karan\.jdks\openjdk-22.0.2\bin\server\jvm.dll
0x00007fffe80b0000 - 0x00007fffe8162000 	C:\Windows\System32\ADVAPI32.dll
0x00007fffe81d0000 - 0x00007fffe8278000 	C:\Windows\System32\sechost.dll
0x00007fffe6ab0000 - 0x00007fffe6ad8000 	C:\Windows\System32\bcrypt.dll
0x00007fffe7f10000 - 0x00007fffe8024000 	C:\Windows\System32\RPCRT4.dll
0x00007fffe8030000 - 0x00007fffe80a1000 	C:\Windows\System32\WS2_32.dll
0x00007fffe5690000 - 0x00007fffe56dd000 	C:\Windows\SYSTEM32\POWRPROF.dll
0x00007fffdec50000 - 0x00007fffdec84000 	C:\Windows\SYSTEM32\WINMM.dll
0x00007fffcf9f0000 - 0x00007fffcf9fa000 	C:\Windows\SYSTEM32\VERSION.dll
0x00007fffe5670000 - 0x00007fffe5683000 	C:\Windows\SYSTEM32\UMPDC.dll
0x00007fffe5920000 - 0x00007fffe5938000 	C:\Windows\SYSTEM32\kernel.appcore.dll
0x00007fffdecd0000 - 0x00007fffdecda000 	C:\Users\Karan\.jdks\openjdk-22.0.2\bin\jimage.dll
0x00007fffe3bb0000 - 0x00007fffe3de2000 	C:\Windows\SYSTEM32\DBGHELP.DLL
0x00007fffe78d0000 - 0x00007fffe7c5e000 	C:\Windows\System32\combase.dll
0x00007fffe82d0000 - 0x00007fffe83a7000 	C:\Windows\System32\OLEAUT32.dll
0x00007fffbfa80000 - 0x00007fffbfab2000 	C:\Windows\SYSTEM32\dbgcore.DLL
0x00007fffe6ae0000 - 0x00007fffe6b5b000 	C:\Windows\System32\bcryptPrimitives.dll
0x00007fffdcda0000 - 0x00007fffdcdbe000 	C:\Users\Karan\.jdks\openjdk-22.0.2\bin\java.dll
0x00007fffe8bc0000 - 0x00007fffe9429000 	C:\Windows\System32\SHELL32.dll
0x00007fffe7c60000 - 0x00007fffe7e05000 	C:\Windows\System32\ole32.dll
0x00007fffe4710000 - 0x00007fffe500f000 	C:\Windows\SYSTEM32\windows.storage.dll
0x00007fffe45d0000 - 0x00007fffe470f000 	C:\Windows\SYSTEM32\wintypes.dll
0x00007fffe7e10000 - 0x00007fffe7f09000 	C:\Windows\System32\SHCORE.dll
0x00007fffe7200000 - 0x00007fffe725e000 	C:\Windows\System32\shlwapi.dll
0x00007fffe6710000 - 0x00007fffe6737000 	C:\Windows\SYSTEM32\profapi.dll
0x00007fff99410000 - 0x00007fff994e7000 	C:\Users\Karan\.jdks\openjdk-22.0.2\bin\jsvml.dll
0x00007fffd2520000 - 0x00007fffd2530000 	C:\Users\Karan\.jdks\openjdk-22.0.2\bin\net.dll
0x00007fffe5d90000 - 0x00007fffe5df9000 	C:\Windows\system32\mswsock.dll
0x00007fffd1e40000 - 0x00007fffd1e56000 	C:\Users\Karan\.jdks\openjdk-22.0.2\bin\nio.dll
0x00007fffd2530000 - 0x00007fffd2547000 	C:\Users\Karan\.jdks\openjdk-22.0.2\bin\zip.dll
0x000000006e700000 - 0x000000006e72d000 	C:\Users\Karan\AppData\Local\Temp\libgdxKaran\2a9d7f76\gdx64.dll
0x00007fffdc4e0000 - 0x00007fffdc4f0000 	C:\Users\Karan\.jdks\openjdk-22.0.2\bin\verify.dll
0x0000000180000000 - 0x0000000180053000 	C:\Users\Karan\AppData\Local\Temp\libgdxKaran\1cecf4f6\lwjgl64.dll
0x00007fff8cac0000 - 0x00007fff8cbc0000 	C:\Windows\SYSTEM32\OPENGL32.dll
0x00007fffbd6d0000 - 0x00007fffbd6fd000 	C:\Windows\SYSTEM32\GLU32.dll
0x00007fffe3e10000 - 0x00007fffe3e47000 	C:\Windows\SYSTEM32\dxcore.dll
0x0000026f61f00000 - 0x0000026f61f64000 	C:\Users\Karan\AppData\Local\Temp\libgdxKaran\1cecf4f6\OpenAL64.dll
0x00007fffe0ad0000 - 0x00007fffe0b81000 	C:\Windows\system32\uxtheme.dll
0x00007fffe77a0000 - 0x00007fffe7850000 	C:\Windows\System32\clbcatq.dll
0x00007fff688f0000 - 0x00007fff68992000 	C:\Windows\SYSTEM32\dsound.dll
0x00007fff68770000 - 0x00007fff68821000 	C:\Windows\SYSTEM32\ResampleDmo.DLL
0x00007fffc5490000 - 0x00007fffc54b9000 	C:\Windows\SYSTEM32\winmmbase.dll
0x00007fffbb200000 - 0x00007fffbb20b000 	C:\Windows\SYSTEM32\msdmo.dll
0x00007fffda820000 - 0x00007fffda8be000 	C:\Windows\System32\MMDevApi.dll
0x00007fffe64a0000 - 0x00007fffe64cc000 	C:\Windows\System32\DEVOBJ.dll
0x00007fffe64d0000 - 0x00007fffe651e000 	C:\Windows\SYSTEM32\cfgmgr32.dll
0x00007fffd2960000 - 0x00007fffd2b4d000 	C:\Windows\SYSTEM32\AUDIOSES.DLL
0x00007fffe4290000 - 0x00007fffe42a5000 	C:\Windows\SYSTEM32\resourcepolicyclient.dll
0x00007fffdff30000 - 0x00007fffdffed000 	C:\Windows\SYSTEM32\mscms.dll
0x00007fffd9ce0000 - 0x00007fffd9d2e000 	C:\Windows\System32\Windows.Internal.Graphics.Display.DisplayColorManagement.dll
0x00007fffe73b0000 - 0x00007fffe7510000 	C:\Windows\System32\MSCTF.dll
0x00007fffd2170000 - 0x00007fffd22b3000 	C:\Windows\SYSTEM32\textinputframework.dll
0x00007fffde8c0000 - 0x00007fffde9f3000 	C:\Windows\SYSTEM32\CoreMessaging.dll
0x00007fffdbc80000 - 0x00007fffdbfed000 	C:\Windows\SYSTEM32\CoreUIComponents.dll
0x00007fffe6000000 - 0x00007fffe600c000 	C:\Windows\SYSTEM32\CRYPTBASE.DLL
0x00007fffdc470000 - 0x00007fffdc4b9000 	C:\Windows\SYSTEM32\directxdatabasehelper.dll
0x00007fffdac20000 - 0x00007fffdad64000 	C:\Windows\System32\AppXDeploymentClient.dll
0x00007fffc0170000 - 0x00007fffc0270000 	C:\Windows\System32\Windows.ApplicationModel.dll
0x00007fffdfdf0000 - 0x00007fffdfef1000 	C:\Windows\system32\propsys.dll
0x00007fff981c0000 - 0x00007fff981e6000 	C:\Windows\system32\mssprxy.dll
0x00007fff566f0000 - 0x00007fff577c7000 	C:\Windows\System32\DriverStore\FileRepository\iigd_dch.inf_amd64_c73cfa60d516cb00\igxelpicd64.dll
0x00007fffe0d60000 - 0x00007fffe0d8b000 	C:\Windows\system32\dwmapi.dll
0x00007fffe0c50000 - 0x00007fffe0d47000 	C:\Windows\system32\dxgi.dll
0x00007fff8f050000 - 0x00007fff8f188000 	C:\Windows\System32\DriverStore\FileRepository\iigd_dch.inf_amd64_c73cfa60d516cb00\igdml64.dll
0x00007fffd7f80000 - 0x00007fffd8395000 	C:\Windows\System32\DriverStore\FileRepository\iigd_dch.inf_amd64_c73cfa60d516cb00\igdgmm64.dll
0x00007fffe6a10000 - 0x00007fffe6a7c000 	C:\Windows\System32\WINTRUST.dll
0x00007fffe67e0000 - 0x00007fffe6946000 	C:\Windows\System32\CRYPT32.dll
0x00007fffe6040000 - 0x00007fffe6052000 	C:\Windows\SYSTEM32\MSASN1.dll
0x00007fffbdad0000 - 0x00007fffbdb1a000 	C:\Windows\SYSTEM32\icm32.dll
0x00007fffd3960000 - 0x00007fffd7edf000 	C:\Windows\System32\DriverStore\FileRepository\iigd_dch.inf_amd64_c73cfa60d516cb00\igc64.dll

dbghelp: loaded successfully - version: 4.0.5 - missing functions: none
symbol engine: initialized successfully - sym options: 0x614 - pdb path: .;C:\Users\Karan\.jdks\openjdk-22.0.2\bin;C:\Windows\SYSTEM32;C:\Windows\WinSxS\amd64_microsoft.windows.common-controls_6595b64144ccf1df_6.0.22621.3672_none_2713b9d173822955;C:\Users\Karan\.jdks\openjdk-22.0.2\bin\server;C:\Users\Karan\AppData\Local\Temp\libgdxKaran\2a9d7f76;C:\Users\Karan\AppData\Local\Temp\libgdxKaran\1cecf4f6;C:\Windows\System32\DriverStore\FileRepository\iigd_dch.inf_amd64_c73cfa60d516cb00

VM Arguments:
jvm_args: -Dfile.encoding=UTF-8 -Duser.country=IN -Duser.language=en -Duser.variant 
java_command: com.Angry_Bird.lwjgl2.Lwjgl2Launcher
java_class_path (initial): C:\Users\Karan\Desktop\Project_Main\lwjgl2\build\classes\java\main;C:\Users\Karan\Desktop\Project_Main\lwjgl2\build\resources\main;C:\Users\Karan\.gradle\caches\modules-2\files-2.1\com.badlogicgames.gdx-controllers\gdx-controllers-desktop\2.2.3\f496535b094461487a71b3f23a17cd7d524de0f5\gdx-controllers-desktop-2.2.3.jar;C:\Users\Karan\.gradle\caches\modules-2\files-2.1\com.badlogicgames.gdx\gdx-tools\1.12.1\c0670e43a98e4602e2cda9188ce7b41b4605a215\gdx-tools-1.12.1.jar;C:\Users\Karan\.gradle\caches\modules-2\files-2.1\com.badlogicgames.gdx\gdx-backend-lwjgl\1.12.1\82ef2637694ab920beeaa8e808e33dd3c360d80f\gdx-backend-lwjgl-1.12.1.jar;C:\Users\Karan\.gradle\caches\modules-2\files-2.1\com.badlogicgames.gdx\gdx-box2d-platform\1.12.1\4e82228fcdd2e8a7673fe7952588acfdb33d7820\gdx-box2d-platform-1.12.1-natives-desktop.jar;C:\Users\Karan\.gradle\caches\modules-2\files-2.1\com.badlogicgames.gdx\gdx-freetype-platform\1.12.1\a32f9ecca13ae01370d9649e48a30201080d4c18\gdx-freetype-platform-1.12.1-natives-desktop.jar;C:\Users\Karan\.gradle\caches\modules-2\files-2.1\com.badlogicgames.gdx\gdx-platform\1.12.1\5737be5ce3a4e8f9f77c2d9ab95ab479f9c3705f\gdx-platform-1.12.1-natives-desktop.jar;C:\Users\Karan\.gradle\caches\modules-2\files-2.1\de.golfgl.gdxcontrollerutils\gdx-controllers-jamepad\2.2.1\25586518681377bc36ee904b50f4b7badf996ad1\gdx-controllers-jamepad-2.2.1.jar;C:\Users\Karan\Desktop\Project_Main\core\build\libs\core-$projectVersion.jar;C:\Users\Karan\.gradle\caches\modules-2\files-2.1\de.golfgl.gdxcontrollerutils\gdx-controllerutils-mapping\2.3.0\4f0651c569245a0fcc2eb3a51f3d64cba33ab943\gdx-controllerutils-mapping-2.3.0.jar;C:\Users\Karan\.gradle\caches\modules-2\files-2.1\com.badlogicgames.gdx-controllers\gdx-controllers-core\2.2.3\82b77d6cb6394420cdd480fc2ab373f7ba5e0e45\gdx-controllers-core-2.2.3.jar;C:\Users\Karan\.gradle\caches\modules-2\files-2.1\com.badlogicgames.jamepad\jamepad\2.0.20.0\55eb0007fd55c9914d106dac3387b9d444572cab\jamepad-2.0.20.0.jar;C:\Users\Karan\.gradle\caches\modules-2\files-2.1\com.badlogicgames.gdx\gdx-freetype\1.12.1\d5826997b0cfa595a72889610fadb18405056c1c\gdx-freetype-1.12.1.jar;C:\Users\Karan\.gradle\caches\modules-2\files-2.1\com.badlogicgames.gdx\gdx-backend-headless\1.12.1\22b5d8ed8ad1358c63ed4ce223634d166003c70e\gdx-backend-headless-1.12.1.jar;C:\Users\Karan\.gradle\caches\modules-2\files-2.1\de.golfgl.gdxcontrollerutils\gdx-controllers-advanced\2.2.1\9fa95bb262dd9d1d6606df9966b0b087f305a989\gdx-controllers-advanced-2.2.1.jar;C:\Users\Karan\.gradle\caches\modules-2\files-2.1\com.badlogicgames.gdx\gdx-controllers\1.9.5\5a067651ea4cb1402faff77c4f73e8bfc6bc92b5\gdx-controllers-1.9.5.jar;C:\Users\Karan\.gradle\caches\modules-2\files-2.1\com.badlogicgames.gdx\gdx-box2d\1.12.1\6c37ed04f97d062f1bdc4afe1f583182e539a269\gdx-box2d-1.12.1.jar;C:\Users\Karan\.gradle\caches\modules-2\files-2.1\de.golfgl.gdxcontrollerutils\gdx-controllerutils-scene2d\2.3.0\f9a865856302ec274e78f2963cf7936bcd09e4a8\gdx-controllerutils-scene2d-2.3.0.jar;C:\Users\Karan\.gradle\caches\modules-2\files-2.1\com.badlogicgames.gdx\gdx\1.12.1\a2d066c09329c457045c284c42d6f37122840aa\gdx-1.12.1.jar;C:\Users\Karan\.gradle\caches\modules-2\files-2.1\org.lwjgl.lwjgl\lwjgl\2.9.3\3df168ac74e4a8c96562cdff24ad352e255bf89c\lwjgl-2.9.3.jar;C:\Users\Karan\.gradle\caches\modules-2\files-2.1\com.badlogicgames.jlayer\jlayer\1.0.1-gdx\7cca83cec5c1b2f011362f4d85aabd71a73b049d\jlayer-1.0.1-gdx.jar;C:\Users\Karan\.gradle\caches\modules-2\files-2.1\org.jcraft\jorbis\0.0.17\8872d22b293e8f5d7d56ff92be966e6dc28ebdc6\jorbis-0.0.17.jar;C:\Users\Karan\.gradle\caches\modules-2\files-2.1\com.github.MrStahlfelge\Jamepad\2.0.12.1\46d5f9a87d60dc07d51feda5fedee3b2f1616978\Jamepad-2.0.12.1.jar;C:\Users\Karan\.gradle\caches\modules-2\files-2.1\com.badlogicgames.gdx\gdx-jnigen-loader\2.3.1\2d472f69243631fbcb3d4c3f93dd2e137a6cb084\gdx-jnigen-loader-2.3.1.jar;C:\Users\Karan\.gradle\caches\modules-2\files-2.1\org.lwjgl.lwjgl\lwjgl-platform\2.9.3\fbc2afb3e288578e9942578decb6291a490549a0\lwjgl-platform-2.9.3-natives-windows.jar;C:\Users\Karan\.gradle\caches\modules-2\files-2.1\org.lwjgl.lwjgl\lwjgl-platform\2.9.3\b1eafe80093381c56415731e1d64279e6140bcd0\lwjgl-platform-2.9.3-natives-linux.jar;C:\Users\Karan\.gradle\caches\modules-2\files-2.1\org.lwjgl.lwjgl\lwjgl-platform\2.9.3\6686cf6ddaa20b4290aa6599a09bc0d17369be05\lwjgl-platform-2.9.3-natives-osx.jar;C:\Users\Karan\.gradle\caches\modules-2\files-2.1\net.java.jinput\jinput\2.0.5\39c7796b469a600f72380316f6b1f11db6c2c7c4\jinput-2.0.5.jar;C:\Users\Karan\.gradle\caches\modules-2\files-2.1\net.java.jutils\jutils\1.0.0\e12fe1fda814bd348c1579329c86943d2cd3c6a6\jutils-1.0.0.jar;C:\Users\Karan\.gradle\caches\modules-2\files-2.1\net.java.jinput\jinput-platform\2.0.5\7ff832a6eb9ab6a767f1ade2b548092d0fa64795\jinput-platform-2.0.5-natives-linux.jar;C:\Users\Karan\.gradle\caches\modules-2\files-2.1\net.java.jinput\jinput-platform\2.0.5\385ee093e01f587f30ee1c8a2ee7d408fd732e16\jinput-platform-2.0.5-natives-windows.jar;C:\Users\Karan\.gradle\caches\modules-2\files-2.1\net.java.jinput\jinput-platform\2.0.5\53f9c919f34d2ca9de8c51fc4e1e8282029a9232\jinput-platform-2.0.5-natives-osx.jar
Launcher Type: SUN_STANDARD

[Global flags]
     intx CICompilerCount                          = 12                                        {product} {ergonomic}
     uint ConcGCThreads                            = 3                                         {product} {ergonomic}
     uint G1ConcRefinementThreads                  = 13                                        {product} {ergonomic}
   size_t G1HeapRegionSize                         = 2097152                                   {product} {ergonomic}
   size_t InitialHeapSize                          = 264241152                                 {product} {ergonomic}
   size_t MarkStackSize                            = 4194304                                   {product} {ergonomic}
   size_t MaxHeapSize                              = 4213178368                                {product} {ergonomic}
   size_t MaxNewSize                               = 2527068160                                {product} {ergonomic}
   size_t MinHeapDeltaBytes                        = 2097152                                   {product} {ergonomic}
   size_t MinHeapSize                              = 8388608                                   {product} {ergonomic}
    uintx NonNMethodCodeHeapSize                   = 7602480                                {pd product} {ergonomic}
    uintx NonProfiledCodeHeapSize                  = 122027880                              {pd product} {ergonomic}
    uintx ProfiledCodeHeapSize                     = 122027880                              {pd product} {ergonomic}
    uintx ReservedCodeCacheSize                    = 251658240                              {pd product} {ergonomic}
     bool SegmentedCodeCache                       = true                                      {product} {ergonomic}
   size_t SoftMaxHeapSize                          = 4213178368                             {manageable} {ergonomic}
     bool UseCompressedOops                        = true                           {product lp64_product} {ergonomic}
     bool UseG1GC                                  = true                                      {product} {ergonomic}
     bool UseLargePagesIndividualAllocation        = false                                  {pd product} {ergonomic}

Logging:
Log output configuration:
 #0: stdout all=warning uptime,level,tags foldmultilines=false
 #1: stderr all=off uptime,level,tags foldmultilines=false

Environment Variables:
PATH=C:\Windows\system32;C:\Windows;C:\Windows\System32\Wbem;C:\Windows\System32\WindowsPowerShell\v1.0\;C:\Windows\System32\OpenSSH\;C:\MinGW\bin;C:\Program Files (x86)\Common Files\DivX11 Shared\DesktopService;C:\Program Files\dotnet\;C:\Users\Karan\AppData\Local\Microsoft\WindowsApps;C:\Users\Karan\AppData\Local\Programs\Microsoft VS Code\bin;C:\MinGW\bin;
USERNAME=Karan
OS=Windows_NT
PROCESSOR_IDENTIFIER=Intel64 Family 6 Model 186 Stepping 2, GenuineIntel
TMP=C:\Users\Karan\AppData\Local\Temp
TEMP=C:\Users\Karan\AppData\Local\Temp




Periodic native trim disabled

---------------  S Y S T E M  ---------------

OS:
 Windows 11 , 64 bit Build 22621 (10.0.22621.3958)
OS uptime: 1 days 22:38 hours
Hyper-V role detected

CPU: total 16 (initial active 16) (8 cores per cpu, 2 threads per core) family 6 model 186 stepping 2 microcode 0x410e, cx8, cmov, fxsr, ht, mmx, 3dnowpref, sse, sse2, sse3, ssse3, sse4.1, sse4.2, popcnt, lzcnt, tsc, tscinvbit, avx, avx2, aes, erms, clmul, bmi1, bmi2, adx, sha, fma, vzeroupper, clflush, clflushopt, clwb, hv, serialize, rdtscp, rdpid, fsrm, f16c, cet_ibt, cet_ss
Processor Information for processor 0
  Max Mhz: 2600, Current Mhz: 2600, Mhz Limit: 2600
Processor Information for processor 1
  Max Mhz: 2600, Current Mhz: 2600, Mhz Limit: 2600
Processor Information for processor 2
  Max Mhz: 2600, Current Mhz: 2600, Mhz Limit: 2600
Processor Information for processor 3
  Max Mhz: 2600, Current Mhz: 2600, Mhz Limit: 2600
Processor Information for processor 4
  Max Mhz: 2600, Current Mhz: 2600, Mhz Limit: 2600
Processor Information for processor 5
  Max Mhz: 2600, Current Mhz: 2600, Mhz Limit: 2600
Processor Information for processor 6
  Max Mhz: 2600, Current Mhz: 2600, Mhz Limit: 2600
Processor Information for processor 7
  Max Mhz: 2600, Current Mhz: 2600, Mhz Limit: 2600
Processor Information for processor 8
  Max Mhz: 2600, Current Mhz: 1900, Mhz Limit: 1898
Processor Information for processor 9
  Max Mhz: 2600, Current Mhz: 1500, Mhz Limit: 1898
Processor Information for processor 10
  Max Mhz: 2600, Current Mhz: 1900, Mhz Limit: 1898
Processor Information for processor 11
  Max Mhz: 2600, Current Mhz: 1900, Mhz Limit: 1898
Processor Information for processor 12
  Max Mhz: 2600, Current Mhz: 1900, Mhz Limit: 1898
Processor Information for processor 13
  Max Mhz: 2600, Current Mhz: 1900, Mhz Limit: 1898
Processor Information for processor 14
  Max Mhz: 2600, Current Mhz: 1500, Mhz Limit: 1898
Processor Information for processor 15
  Max Mhz: 2600, Current Mhz: 1900, Mhz Limit: 1898

Memory: 4k page, system-wide physical 16071M (2424M free)
TotalPageFile size 23296M (AvailPageFile size 3500M)
current process WorkingSet (physical memory assigned to process): 298M, peak: 312M
current process commit charge ("private bytes"): 537M, peak: 551M

vm_info: OpenJDK 64-Bit Server VM (22.0.2+9-70) for windows-amd64 JRE (22.0.2+9-70), built on 2024-06-04T16:52:23Z by "mach5one" with MS VC++ 17.6 (VS2022)

END.
